{
"/Users/scravy/GithubWorkspace/scravy/nodash/nodash.js":{"path":"/Users/scravy/GithubWorkspace/scravy/nodash/nodash.js","s":{"1":1,"2":1,"3":1,"4":1,"5":1,"6":1,"7":24,"8":24,"9":24,"10":24,"11":1,"12":16,"13":24,"14":24,"15":24,"16":1,"17":171,"18":171,"19":1,"20":629,"21":1,"22":22,"23":22,"24":22,"25":1,"26":99,"27":1,"28":70,"29":1,"30":24,"31":6,"32":1,"33":5515,"34":1,"35":104,"36":1,"37":6,"38":24,"39":2,"40":2,"41":4,"42":4,"43":8,"44":6,"45":4,"46":2,"47":14,"48":1,"49":4,"50":24,"51":24,"52":18,"53":24,"54":44,"55":44,"56":24,"57":58,"58":24,"59":1,"60":2079,"61":1,"62":21,"63":1,"64":10,"65":10,"66":10,"67":10,"68":10,"69":10,"70":10,"71":10,"72":5,"73":2,"74":2,"75":2,"76":3,"77":1,"78":2,"79":2,"80":10,"81":46,"82":22,"83":7,"84":15,"85":24,"86":5,"87":5,"88":19,"89":19,"90":3,"91":24,"92":2219,"93":1897,"94":359,"95":232,"96":1538,"97":406,"98":346,"99":63,"100":22,"101":208,"102":69,"103":75,"104":151,"105":197,"106":41,"107":25,"108":66,"109":41,"110":3,"111":3,"112":87,"113":26,"114":37,"115":29,"116":25,"117":4,"118":4,"119":2,"120":2,"121":1,"122":1,"123":1,"124":1,"125":6,"126":1,"127":1,"128":1,"129":1,"130":1,"131":1,"132":1,"133":1,"134":1,"135":1,"136":1,"137":24,"138":4443,"139":24,"140":1,"141":4752,"142":4752,"143":4440,"144":4440,"145":4752,"146":24,"147":1,"148":336,"149":1,"150":4440,"151":4440,"152":4440,"153":4440,"154":4440,"155":4440,"156":1,"157":432,"158":432,"159":1,"160":4440,"161":4440,"162":4440,"163":14448,"164":14448,"165":5592,"166":5592,"167":4440,"168":4440,"169":4416,"170":4416,"171":4440,"172":4440,"173":5592,"174":4440,"175":4440,"176":4440,"177":4440,"178":4440,"179":4440,"180":24,"181":24,"182":24,"183":24,"184":24,"185":24,"186":24,"187":24,"188":24,"189":5,"190":5,"191":24,"192":6,"193":24,"194":3,"195":24,"196":30,"197":24,"198":27,"199":24,"200":215,"201":500,"202":24,"203":7,"204":24,"205":24,"206":9,"207":24,"208":9,"209":24,"210":18,"211":24,"212":4,"213":24,"214":24,"215":1,"216":24,"217":1,"218":24,"219":16,"220":24,"221":24,"222":24,"223":60,"224":24,"225":24,"226":172,"227":34,"228":138,"229":138,"230":138,"231":3,"232":135,"233":3,"234":3,"235":2,"236":1,"237":2,"238":132,"239":24,"240":7,"241":24,"242":225,"243":16,"244":12,"245":3,"246":9,"247":7,"248":11,"249":11,"250":5,"251":2,"252":2,"253":196,"254":1,"255":24,"256":104,"257":24,"258":31,"259":24,"260":3,"261":24,"262":16,"263":24,"264":18,"265":11,"266":7,"267":24,"268":90,"269":12,"270":78,"271":24,"272":3,"273":24,"274":24,"275":25,"276":24,"277":8,"278":24,"279":24,"280":34,"281":24,"282":3,"283":24,"284":45,"285":24,"286":24,"287":33,"288":24,"289":245,"290":82,"291":163,"292":75,"293":88,"294":24,"295":12,"296":24,"297":17,"298":17,"299":24,"300":29,"301":24,"302":8,"303":8,"304":8,"305":24,"306":4,"307":24,"308":4,"309":24,"310":2,"311":24,"312":2,"313":24,"314":24,"315":24,"316":24,"317":13,"318":24,"319":24,"320":24,"321":24,"322":24,"323":24,"324":24,"325":24,"326":6,"327":24,"328":6,"329":2,"330":4,"331":2,"332":2,"333":24,"334":2,"335":24,"336":6,"337":2,"338":4,"339":24,"340":6,"341":24,"342":2,"343":24,"344":12,"345":12,"346":24,"347":20,"348":9,"349":9,"350":2,"351":24,"352":10,"353":10,"354":10,"355":10,"356":2,"357":6,"358":2,"359":24,"360":24,"361":24,"362":3,"363":3,"364":13,"365":13,"366":13,"367":3,"368":24,"369":2,"370":1,"371":1,"372":24,"373":10,"374":24,"375":5,"376":24,"377":24,"378":1,"379":4,"380":1,"381":24,"382":6,"383":6,"384":6,"385":3,"386":3,"387":3,"388":6,"389":5,"390":2,"391":3,"392":5,"393":9,"394":9,"395":1,"396":6,"397":1,"398":5,"399":0,"400":6,"401":24,"402":24,"403":139,"404":28,"405":111,"406":4,"407":9,"408":107,"409":107,"410":385,"411":293,"412":92,"413":24,"414":59,"415":5,"416":54,"417":54,"418":54,"419":176,"420":54,"421":24,"422":13,"423":1,"424":12,"425":12,"426":53,"427":12,"428":24,"429":3,"430":1,"431":1,"432":3,"433":2,"434":1,"435":3,"436":1,"437":1,"438":2,"439":24,"440":5,"441":2,"442":1,"443":1,"444":1,"445":1,"446":1,"447":12,"448":12,"449":4,"450":3,"451":3,"452":1,"453":9,"454":2,"455":9,"456":3,"457":2,"458":2,"459":18,"460":4,"461":18,"462":1,"463":1,"464":1,"465":6,"466":1,"467":6,"468":24,"469":8,"470":16,"471":24,"472":1,"473":3,"474":3,"475":3,"476":24,"477":24,"478":4,"479":4,"480":1,"481":4,"482":24,"483":4,"484":24,"485":3,"486":24,"487":1,"488":24,"489":24,"490":33,"491":7,"492":7,"493":31,"494":7,"495":7,"496":24,"497":26,"498":26,"499":26,"500":24,"501":14,"502":4,"503":4,"504":1,"505":3,"506":3,"507":3,"508":15,"509":6,"510":9,"511":9,"512":3,"513":3,"514":6,"515":10,"516":4,"517":6,"518":6,"519":6,"520":6,"521":24,"522":35,"523":2,"524":4,"525":4,"526":1,"527":3,"528":33,"529":33,"530":13,"531":13,"532":48,"533":13,"534":20,"535":20,"536":20,"537":189,"538":20,"539":24,"540":13,"541":2,"542":8,"543":8,"544":9,"545":7,"546":1,"547":11,"548":11,"549":10,"550":10,"551":51,"552":23,"553":10,"554":1,"555":1,"556":1,"557":3,"558":2,"559":1,"560":24,"561":5,"562":3,"563":3,"564":2,"565":24,"566":3,"567":1,"568":1,"569":1,"570":3,"571":1,"572":2,"573":24,"574":3,"575":1,"576":1,"577":2,"578":24,"579":3,"580":1,"581":1,"582":1,"583":3,"584":3,"585":1,"586":2,"587":2,"588":2,"589":2,"590":24,"591":6,"592":2,"593":4,"594":24,"595":8,"596":4,"597":2,"598":2,"599":2,"600":7,"601":2,"602":4,"603":24,"604":4,"605":24,"606":18,"607":4,"608":4,"609":10,"610":1,"611":3,"612":3,"613":14,"614":24,"615":3,"616":1,"617":1,"618":1,"619":1,"620":5,"621":1,"622":4,"623":2,"624":2,"625":2,"626":24,"627":21,"628":14,"629":14,"630":82,"631":68,"632":14,"633":7,"634":24,"635":10,"636":1,"637":3,"638":1,"639":9,"640":24,"641":3,"642":24,"643":5,"644":2,"645":2,"646":8,"647":8,"648":2,"649":2,"650":6,"651":3,"652":3,"653":9,"654":3,"655":24,"656":3,"657":1,"658":1,"659":1,"660":2,"661":2,"662":6,"663":2,"664":24,"665":2,"666":2,"667":2,"668":2,"669":24,"670":2,"671":2,"672":3,"673":2,"674":24,"675":6,"676":2,"677":2,"678":5,"679":1,"680":1,"681":4,"682":9,"683":2,"684":2,"685":24,"686":7,"687":2,"688":2,"689":5,"690":1,"691":1,"692":5,"693":9,"694":2,"695":3,"696":24,"697":2,"698":1,"699":2,"700":1,"701":1,"702":24,"703":40,"704":40,"705":2,"706":40,"707":150,"708":40,"709":1,"710":39,"711":24,"712":5,"713":5,"714":2,"715":5,"716":5,"717":25,"718":5,"719":1,"720":4,"721":24,"722":1,"723":4,"724":1,"725":24,"726":1,"727":1,"728":3,"729":1,"730":24,"731":24,"732":24,"733":24,"734":24,"735":24,"736":24,"737":24,"738":24,"739":24,"740":24,"741":24,"742":24,"743":4,"744":7,"745":2,"746":2,"747":24,"748":4,"749":5,"750":2,"751":2,"752":24,"753":4,"754":3,"755":11,"756":11,"757":2,"758":9,"759":9,"760":1,"761":1,"762":4,"763":4,"764":1,"765":24,"766":2,"767":1,"768":1,"769":1,"770":1,"771":3,"772":3,"773":1,"774":24,"775":1,"776":1,"777":4,"778":4,"779":1,"780":24,"781":1,"782":1,"783":1,"784":3,"785":3,"786":1,"787":24,"788":6,"789":2,"790":4,"791":4,"792":4,"793":7,"794":4,"795":24,"796":24,"797":24,"798":4,"799":4,"800":13,"801":4,"802":24,"803":7,"804":3,"805":3,"806":3,"807":12,"808":12,"809":12,"810":3,"811":9,"812":4,"813":4,"814":4,"815":13,"816":4,"817":24,"818":8,"819":4,"820":4,"821":4,"822":4,"823":16,"824":16,"825":16,"826":16,"827":4,"828":12,"829":4,"830":4,"831":4,"832":12,"833":4,"834":24,"835":20,"836":5,"837":5,"838":5,"839":5,"840":5,"841":20,"842":20,"843":20,"844":20,"845":20,"846":5,"847":15,"848":15,"849":15,"850":15,"851":45,"852":15,"853":24,"854":24,"855":24,"856":24,"857":24,"858":24,"859":24,"860":4,"861":2,"862":2,"863":2,"864":3,"865":3,"866":2,"867":24,"868":2,"869":24,"870":3,"871":1,"872":1,"873":1,"874":3,"875":1,"876":2,"877":2,"878":2,"879":2,"880":10,"881":10,"882":30,"883":18,"884":10,"885":2,"886":1,"887":2,"888":24,"889":24,"890":24,"891":24,"892":24,"893":24,"894":24,"895":24,"896":24,"897":10,"898":4,"899":10,"900":4,"901":6,"902":2,"903":2,"904":6,"905":9,"906":3,"907":3,"908":24,"909":10,"910":4,"911":10,"912":4,"913":10,"914":15,"915":5,"916":5,"917":24,"918":10,"919":24,"920":24,"921":4,"922":6,"923":2,"924":2,"925":24,"926":2,"927":2,"928":2,"929":19,"930":2,"931":1,"932":1,"933":24,"934":8,"935":40,"936":4,"937":4,"938":24,"939":8,"940":8,"941":44,"942":8,"943":8,"944":24,"945":4,"946":24,"947":4,"948":24,"949":3,"950":3,"951":3,"952":18,"953":9,"954":9,"955":3,"956":24,"957":5,"958":5,"959":5,"960":12,"961":5,"962":5,"963":18,"964":3,"965":5,"966":24,"967":7,"968":7,"969":7,"970":7,"971":11,"972":11,"973":7,"974":13,"975":3,"976":7,"977":24,"978":3,"979":3,"980":3,"981":3,"982":12,"983":3,"984":9,"985":6,"986":3,"987":24,"988":10,"989":10,"990":4,"991":6,"992":6,"993":1,"994":17,"995":5,"996":2,"997":262,"998":3,"999":6,"1000":24,"1001":3,"1002":10,"1003":2,"1004":1,"1005":24,"1006":3,"1007":3,"1008":2,"1009":1,"1010":24,"1011":2,"1012":6,"1013":1,"1014":1,"1015":24,"1016":24,"1017":24,"1018":5,"1019":2,"1020":3,"1021":3,"1022":3,"1023":3,"1024":24,"1025":3,"1026":21,"1027":21,"1028":24,"1029":3,"1030":3,"1031":24,"1032":24,"1033":24,"1034":9,"1035":3,"1036":2,"1037":8,"1038":3,"1039":5,"1040":5,"1041":5,"1042":5,"1043":24,"1044":1,"1045":8,"1046":7,"1047":1,"1048":24,"1049":1,"1050":8,"1051":6,"1052":2,"1053":24,"1054":24,"1055":3,"1056":1,"1057":2,"1058":24,"1059":21,"1060":24,"1061":9,"1062":24,"1063":7,"1064":2,"1065":5,"1066":24,"1067":5,"1068":2,"1069":2,"1070":3,"1071":24,"1072":3,"1073":2,"1074":1,"1075":24,"1076":24,"1077":24,"1078":24,"1079":24,"1080":24,"1081":5,"1082":5,"1083":2,"1084":3,"1085":3,"1086":2,"1087":1,"1088":24,"1089":14,"1090":24,"1091":14,"1092":24,"1093":23,"1094":24,"1095":15,"1096":24,"1097":7,"1098":6,"1099":1,"1100":24,"1101":7,"1102":6,"1103":1,"1104":24,"1105":24,"1106":24,"1107":1,"1108":24,"1109":24,"1110":24,"1111":1,"1112":1,"1113":1,"1114":0,"1115":0,"1116":0,"1117":0},"b":{"1":[1,0],"2":[24,22],"3":[24,22],"4":[24,22],"5":[24,2],"6":[629,211],"7":[1,69],"8":[24,2],"9":[24,2],"10":[2,1],"11":[6,2],"12":[2,2],"13":[1,13],"14":[24,22,24],"15":[2,3],"16":[1,2],"17":[22,24],"18":[7,15],"19":[5,19],"20":[359],"21":[63,208],"22":[41,66,3],"23":[29,4,2,1],"24":[1,1,1,1,1],"25":[4440,312],"26":[5592,4440,4416],"27":[432,4008],"28":[9,5],"29":[9,7],"30":[2,2],"31":[34,138],"32":[3,135],"33":[3,132],"34":[1,1],"35":[16,12,196],"36":[3,9],"37":[7,2],"38":[5,6],"39":[11,7],"40":[12,78],"41":[82,163],"42":[75,88],"43":[9,8],"44":[4,4],"45":[24,24],"46":[24,24],"47":[2,4],"48":[2,2],"49":[24,24],"50":[24,24],"51":[2,4],"52":[24,24],"53":[24,24],"54":[24,24],"55":[9,9],"56":[5,5],"57":[2,6,2],"58":[4,2],"59":[1,1],"60":[2,1],"61":[3,3],"62":[5,1],"63":[2,3],"64":[1,5],"65":[0,5],"66":[28,111],"67":[4,107],"68":[293,92],"69":[5,54],"70":[1,12],"71":[1,2],"72":[1,1],"73":[2,1],"74":[2,3],"75":[1,1],"76":[4,8],"77":[3,1],"78":[2,7],"79":[2,1],"80":[3,2],"81":[4,14],"82":[1,5],"83":[1,3],"84":[7,26],"85":[2,5],"86":[7,24],"87":[4,10],"88":[14,11],"89":[1,3],"90":[6,9],"91":[3,6],"92":[4,6],"93":[2,33],"94":[1,1],"95":[1,3],"96":[13,20],"97":[33,21],"98":[1,12],"99":[2,11],"100":[1,1],"101":[7,2],"102":[10,1],"103":[11,3],"104":[23,28],"105":[2,8],"106":[2,1],"107":[3,2],"108":[1,2],"109":[1,2],"110":[1,2],"111":[1,2],"112":[1,2],"113":[2,4],"114":[4,4],"115":[2,2],"116":[4,14],"117":[1,9],"118":[1,2],"119":[1,2],"120":[1,4],"121":[1,1],"122":[1,1],"123":[14,7],"124":[68,14],"125":[1,9],"126":[2,3],"127":[2,6],"128":[8,8,8],"129":[12,12],"130":[1,2],"131":[4,4],"132":[8,8],"133":[4,4],"134":[5,5],"135":[2,4],"136":[1,4],"137":[2,7],"138":[2,5],"139":[1,4],"140":[2,7],"141":[1,1],"142":[1,1],"143":[2,2],"144":[2,38],"145":[1,39],"146":[40,2],"147":[2,3],"148":[1,4],"149":[5,1],"150":[2,5],"151":[2,3],"152":[3,1],"153":[1,2],"154":[2,9],"155":[1,1],"156":[2,4],"157":[3,4],"158":[7,5],"159":[3,9],"160":[12,9],"161":[4,4],"162":[8,5,4],"163":[4,12],"164":[16,12,12],"165":[5,15],"166":[20,19,15,15],"167":[5,15],"168":[20,15,15,15],"169":[2,2],"170":[1,2],"171":[18,12],"172":[10,8],"173":[1,1],"174":[4,6],"175":[4,6],"176":[2,4],"177":[3,6],"178":[4,6],"179":[4,6],"180":[5,10],"181":[2,4],"182":[5,14],"183":[1,1],"184":[4,36],"185":[8,36],"186":[9,9],"187":[3,15],"188":[1,4],"189":[3,10],"190":[6,3],"191":[4,6],"192":[1,5],"193":[1,5],"194":[2,3],"195":[1,5],"196":[2,8],"197":[2,1],"198":[1,5],"199":[2,3],"200":[3,21],"201":[1,2],"202":[3,6],"203":[3,5],"204":[1,4],"205":[1,4],"206":[7,1],"207":[6,2],"208":[1,2],"209":[3,3],"210":[21,19],"211":[9,7],"212":[2,5],"213":[7,6],"214":[2,3],"215":[1,1],"216":[2,1],"217":[3,2],"218":[5,3],"219":[2,3],"220":[3,1],"221":[2,1],"222":[23,16,2],"223":[15,8,8],"224":[6,1],"225":[6,1],"226":[1,0],"227":[1,1],"228":[0,0],"229":[0,0]},"f":{"1":1,"2":24,"3":16,"4":171,"5":629,"6":22,"7":99,"8":70,"9":6,"10":5515,"11":104,"12":6,"13":2,"14":4,"15":24,"16":18,"17":44,"18":58,"19":2079,"20":21,"21":10,"22":2219,"23":1897,"24":232,"25":406,"26":346,"27":22,"28":69,"29":151,"30":197,"31":25,"32":41,"33":3,"34":26,"35":37,"36":25,"37":4,"38":2,"39":1,"40":1,"41":6,"42":1,"43":1,"44":1,"45":1,"46":1,"47":4443,"48":4752,"49":336,"50":4440,"51":4440,"52":432,"53":4440,"54":24,"55":24,"56":24,"57":24,"58":24,"59":24,"60":24,"61":24,"62":5,"63":5,"64":24,"65":6,"66":24,"67":3,"68":24,"69":30,"70":24,"71":27,"72":24,"73":215,"74":500,"75":24,"76":7,"77":24,"78":9,"79":24,"80":9,"81":24,"82":18,"83":24,"84":4,"85":24,"86":1,"87":24,"88":1,"89":24,"90":16,"91":24,"92":24,"93":24,"94":60,"95":24,"96":172,"97":24,"98":7,"99":24,"100":225,"101":24,"102":104,"103":24,"104":31,"105":24,"106":3,"107":24,"108":16,"109":24,"110":18,"111":24,"112":90,"113":24,"114":3,"115":24,"116":25,"117":24,"118":8,"119":24,"120":34,"121":24,"122":3,"123":24,"124":45,"125":24,"126":24,"127":33,"128":24,"129":245,"130":24,"131":12,"132":24,"133":17,"134":24,"135":29,"136":24,"137":8,"138":24,"139":4,"140":24,"141":4,"142":24,"143":2,"144":24,"145":2,"146":24,"147":24,"148":24,"149":24,"150":13,"151":24,"152":24,"153":24,"154":24,"155":24,"156":24,"157":24,"158":24,"159":6,"160":24,"161":6,"162":24,"163":2,"164":24,"165":6,"166":24,"167":6,"168":24,"169":2,"170":24,"171":12,"172":24,"173":20,"174":24,"175":10,"176":24,"177":24,"178":24,"179":3,"180":24,"181":2,"182":24,"183":10,"184":24,"185":5,"186":24,"187":1,"188":24,"189":6,"190":24,"191":139,"192":9,"193":385,"194":24,"195":59,"196":24,"197":13,"198":24,"199":3,"200":24,"201":5,"202":12,"203":18,"204":6,"205":24,"206":8,"207":16,"208":24,"209":1,"210":3,"211":24,"212":4,"213":24,"214":4,"215":24,"216":3,"217":24,"218":1,"219":24,"220":33,"221":31,"222":24,"223":14,"224":15,"225":24,"226":35,"227":4,"228":24,"229":13,"230":8,"231":24,"232":5,"233":24,"234":3,"235":24,"236":3,"237":24,"238":3,"239":3,"240":24,"241":6,"242":24,"243":8,"244":24,"245":4,"246":24,"247":18,"248":24,"249":3,"250":5,"251":24,"252":21,"253":82,"254":24,"255":10,"256":24,"257":3,"258":24,"259":5,"260":8,"261":24,"262":3,"263":24,"264":2,"265":24,"266":2,"267":24,"268":6,"269":24,"270":7,"271":24,"272":2,"273":24,"274":40,"275":24,"276":5,"277":24,"278":1,"279":24,"280":1,"281":24,"282":24,"283":24,"284":24,"285":24,"286":24,"287":24,"288":24,"289":24,"290":24,"291":24,"292":24,"293":24,"294":4,"295":24,"296":4,"297":24,"298":4,"299":11,"300":24,"301":2,"302":24,"303":1,"304":24,"305":1,"306":24,"307":6,"308":24,"309":24,"310":24,"311":4,"312":24,"313":7,"314":12,"315":24,"316":8,"317":16,"318":24,"319":20,"320":20,"321":24,"322":24,"323":24,"324":24,"325":24,"326":24,"327":24,"328":4,"329":24,"330":2,"331":24,"332":3,"333":24,"334":24,"335":24,"336":24,"337":24,"338":24,"339":24,"340":24,"341":24,"342":10,"343":24,"344":10,"345":24,"346":10,"347":24,"348":4,"349":24,"350":2,"351":24,"352":8,"353":24,"354":8,"355":24,"356":4,"357":24,"358":4,"359":24,"360":3,"361":24,"362":5,"363":24,"364":7,"365":24,"366":3,"367":24,"368":10,"369":17,"370":262,"371":24,"372":3,"373":24,"374":3,"375":24,"376":2,"377":24,"378":24,"379":24,"380":5,"381":24,"382":24,"383":24,"384":9,"385":24,"386":1,"387":8,"388":24,"389":1,"390":8,"391":24,"392":3,"393":24,"394":21,"395":24,"396":9,"397":24,"398":7,"399":24,"400":5,"401":24,"402":3,"403":24,"404":24,"405":24,"406":24,"407":24,"408":5,"409":24,"410":14,"411":24,"412":14,"413":24,"414":23,"415":24,"416":15,"417":24,"418":7,"419":24,"420":7,"421":24,"422":24,"423":24,"424":1,"425":24},"fnMap":{"1":{"name":"(anonymous_1)","line":2,"loc":{"start":{"line":2,"column":1},"end":{"line":2,"column":13}}},"2":{"name":"install","line":13,"loc":{"start":{"line":13,"column":0},"end":{"line":13,"column":83}}},"3":{"name":"showEndOfStream","line":27,"loc":{"start":{"line":27,"column":2},"end":{"line":27,"column":29}}},"4":{"name":"mkStream","line":40,"loc":{"start":{"line":40,"column":2},"end":{"line":40,"column":23}}},"5":{"name":"isStream","line":45,"loc":{"start":{"line":45,"column":2},"end":{"line":45,"column":25}}},"6":{"name":"mkInfinite","line":48,"loc":{"start":{"line":48,"column":2},"end":{"line":48,"column":25}}},"7":{"name":"isInfinite","line":53,"loc":{"start":{"line":53,"column":2},"end":{"line":53,"column":25}}},"8":{"name":"checkFinite","line":57,"loc":{"start":{"line":57,"column":2},"end":{"line":57,"column":27}}},"9":{"name":"_isArray","line":70,"loc":{"start":{"line":70,"column":33},"end":{"line":70,"column":56}}},"10":{"name":"isFunction","line":75,"loc":{"start":{"line":75,"column":2},"end":{"line":75,"column":25}}},"11":{"name":"isString","line":76,"loc":{"start":{"line":76,"column":2},"end":{"line":76,"column":25}}},"12":{"name":"isNumber","line":77,"loc":{"start":{"line":77,"column":2},"end":{"line":77,"column":25}}},"13":{"name":"(anonymous_13)","line":82,"loc":{"start":{"line":82,"column":29},"end":{"line":82,"column":40}}},"14":{"name":"_Object_keys","line":96,"loc":{"start":{"line":96,"column":11},"end":{"line":96,"column":38}}},"15":{"name":"(anonymous_15)","line":119,"loc":{"start":{"line":119,"column":49},"end":{"line":119,"column":61}}},"16":{"name":"(anonymous_16)","line":121,"loc":{"start":{"line":121,"column":14},"end":{"line":121,"column":26}}},"17":{"name":"_Set_add","line":125,"loc":{"start":{"line":125,"column":24},"end":{"line":125,"column":49}}},"18":{"name":"_Set_has","line":130,"loc":{"start":{"line":130,"column":24},"end":{"line":130,"column":49}}},"19":{"name":"id","line":138,"loc":{"start":{"line":138,"column":2},"end":{"line":138,"column":17}}},"20":{"name":"listToString","line":141,"loc":{"start":{"line":141,"column":2},"end":{"line":141,"column":27}}},"21":{"name":"indexOf","line":148,"loc":{"start":{"line":148,"column":2},"end":{"line":148,"column":33}}},"22":{"name":"(anonymous_22)","line":212,"loc":{"start":{"line":212,"column":7},"end":{"line":212,"column":21}}},"23":{"name":"(anonymous_23)","line":213,"loc":{"start":{"line":213,"column":13},"end":{"line":213,"column":29}}},"24":{"name":"(anonymous_24)","line":216,"loc":{"start":{"line":216,"column":17},"end":{"line":216,"column":30}}},"25":{"name":"(anonymous_25)","line":223,"loc":{"start":{"line":223,"column":7},"end":{"line":223,"column":21}}},"26":{"name":"(anonymous_26)","line":224,"loc":{"start":{"line":224,"column":13},"end":{"line":224,"column":32}}},"27":{"name":"(anonymous_27)","line":227,"loc":{"start":{"line":227,"column":26},"end":{"line":227,"column":42}}},"28":{"name":"(anonymous_28)","line":231,"loc":{"start":{"line":231,"column":17},"end":{"line":231,"column":30}}},"29":{"name":"(anonymous_29)","line":238,"loc":{"start":{"line":238,"column":7},"end":{"line":238,"column":21}}},"30":{"name":"(anonymous_30)","line":239,"loc":{"start":{"line":239,"column":13},"end":{"line":239,"column":35}}},"31":{"name":"(anonymous_31)","line":242,"loc":{"start":{"line":242,"column":26},"end":{"line":242,"column":45}}},"32":{"name":"(anonymous_32)","line":246,"loc":{"start":{"line":246,"column":26},"end":{"line":246,"column":42}}},"33":{"name":"(anonymous_33)","line":250,"loc":{"start":{"line":250,"column":17},"end":{"line":250,"column":30}}},"34":{"name":"(anonymous_34)","line":257,"loc":{"start":{"line":257,"column":7},"end":{"line":257,"column":21}}},"35":{"name":"(anonymous_35)","line":258,"loc":{"start":{"line":258,"column":13},"end":{"line":258,"column":38}}},"36":{"name":"(anonymous_36)","line":261,"loc":{"start":{"line":261,"column":26},"end":{"line":261,"column":48}}},"37":{"name":"(anonymous_37)","line":265,"loc":{"start":{"line":265,"column":26},"end":{"line":265,"column":45}}},"38":{"name":"(anonymous_38)","line":269,"loc":{"start":{"line":269,"column":26},"end":{"line":269,"column":42}}},"39":{"name":"(anonymous_39)","line":273,"loc":{"start":{"line":273,"column":17},"end":{"line":273,"column":30}}},"40":{"name":"(anonymous_40)","line":280,"loc":{"start":{"line":280,"column":7},"end":{"line":280,"column":21}}},"41":{"name":"(anonymous_41)","line":281,"loc":{"start":{"line":281,"column":13},"end":{"line":281,"column":41}}},"42":{"name":"(anonymous_42)","line":284,"loc":{"start":{"line":284,"column":26},"end":{"line":284,"column":51}}},"43":{"name":"(anonymous_43)","line":288,"loc":{"start":{"line":288,"column":26},"end":{"line":288,"column":48}}},"44":{"name":"(anonymous_44)","line":292,"loc":{"start":{"line":292,"column":26},"end":{"line":292,"column":45}}},"45":{"name":"(anonymous_45)","line":296,"loc":{"start":{"line":296,"column":26},"end":{"line":296,"column":42}}},"46":{"name":"(anonymous_46)","line":300,"loc":{"start":{"line":300,"column":17},"end":{"line":300,"column":30}}},"47":{"name":"(anonymous_47)","line":311,"loc":{"start":{"line":311,"column":19},"end":{"line":311,"column":33}}},"48":{"name":"description","line":315,"loc":{"start":{"line":315,"column":2},"end":{"line":315,"column":26}}},"49":{"name":"group","line":331,"loc":{"start":{"line":331,"column":2},"end":{"line":331,"column":29}}},"50":{"name":"callsites","line":335,"loc":{"start":{"line":335,"column":2},"end":{"line":335,"column":23}}},"51":{"name":"(anonymous_51)","line":337,"loc":{"start":{"line":337,"column":30},"end":{"line":337,"column":50}}},"52":{"name":"composed","line":343,"loc":{"start":{"line":343,"column":2},"end":{"line":343,"column":23}}},"53":{"name":"register","line":351,"loc":{"start":{"line":351,"column":2},"end":{"line":351,"column":22}}},"54":{"name":"(anonymous_54)","line":397,"loc":{"start":{"line":397,"column":17},"end":{"line":397,"column":29}}},"55":{"name":"(anonymous_55)","line":401,"loc":{"start":{"line":401,"column":37},"end":{"line":401,"column":49}}},"56":{"name":"(anonymous_56)","line":404,"loc":{"start":{"line":404,"column":35},"end":{"line":404,"column":47}}},"57":{"name":"(anonymous_57)","line":407,"loc":{"start":{"line":407,"column":34},"end":{"line":407,"column":46}}},"58":{"name":"(anonymous_58)","line":410,"loc":{"start":{"line":410,"column":35},"end":{"line":410,"column":47}}},"59":{"name":"(anonymous_59)","line":413,"loc":{"start":{"line":413,"column":37},"end":{"line":413,"column":49}}},"60":{"name":"(anonymous_60)","line":421,"loc":{"start":{"line":421,"column":29},"end":{"line":421,"column":41}}},"61":{"name":"(anonymous_61)","line":425,"loc":{"start":{"line":425,"column":30},"end":{"line":425,"column":42}}},"62":{"name":"_idf","line":427,"loc":{"start":{"line":427,"column":6},"end":{"line":427,"column":23}}},"63":{"name":"(anonymous_63)","line":428,"loc":{"start":{"line":428,"column":11},"end":{"line":428,"column":23}}},"64":{"name":"(anonymous_64)","line":433,"loc":{"start":{"line":433,"column":54},"end":{"line":433,"column":66}}},"65":{"name":"_const","line":438,"loc":{"start":{"line":438,"column":6},"end":{"line":438,"column":28}}},"66":{"name":"(anonymous_66)","line":442,"loc":{"start":{"line":442,"column":37},"end":{"line":442,"column":49}}},"67":{"name":"_apply","line":444,"loc":{"start":{"line":444,"column":6},"end":{"line":444,"column":28}}},"68":{"name":"(anonymous_68)","line":448,"loc":{"start":{"line":448,"column":39},"end":{"line":448,"column":51}}},"69":{"name":"_compose","line":450,"loc":{"start":{"line":450,"column":6},"end":{"line":450,"column":33}}},"70":{"name":"(anonymous_70)","line":454,"loc":{"start":{"line":454,"column":35},"end":{"line":454,"column":47}}},"71":{"name":"_compose2","line":456,"loc":{"start":{"line":456,"column":6},"end":{"line":456,"column":37}}},"72":{"name":"(anonymous_72)","line":460,"loc":{"start":{"line":460,"column":31},"end":{"line":460,"column":43}}},"73":{"name":"_flip","line":462,"loc":{"start":{"line":462,"column":6},"end":{"line":462,"column":24}}},"74":{"name":"(anonymous_74)","line":463,"loc":{"start":{"line":463,"column":20},"end":{"line":463,"column":36}}},"75":{"name":"(anonymous_75)","line":469,"loc":{"start":{"line":469,"column":29},"end":{"line":469,"column":41}}},"76":{"name":"_on","line":471,"loc":{"start":{"line":471,"column":6},"end":{"line":471,"column":31}}},"77":{"name":"(anonymous_77)","line":480,"loc":{"start":{"line":480,"column":36},"end":{"line":480,"column":48}}},"78":{"name":"_AND","line":482,"loc":{"start":{"line":482,"column":6},"end":{"line":482,"column":26}}},"79":{"name":"(anonymous_79)","line":484,"loc":{"start":{"line":484,"column":35},"end":{"line":484,"column":47}}},"80":{"name":"_OR","line":486,"loc":{"start":{"line":486,"column":6},"end":{"line":486,"column":25}}},"81":{"name":"(anonymous_81)","line":488,"loc":{"start":{"line":488,"column":30},"end":{"line":488,"column":42}}},"82":{"name":"_not","line":490,"loc":{"start":{"line":490,"column":6},"end":{"line":490,"column":27}}},"83":{"name":"(anonymous_83)","line":492,"loc":{"start":{"line":492,"column":31},"end":{"line":492,"column":43}}},"84":{"name":"_bool","line":494,"loc":{"start":{"line":494,"column":6},"end":{"line":494,"column":36}}},"85":{"name":"(anonymous_85)","line":503,"loc":{"start":{"line":503,"column":30},"end":{"line":503,"column":42}}},"86":{"name":"_fst","line":505,"loc":{"start":{"line":505,"column":6},"end":{"line":505,"column":25}}},"87":{"name":"(anonymous_87)","line":507,"loc":{"start":{"line":507,"column":30},"end":{"line":507,"column":42}}},"88":{"name":"_snd","line":509,"loc":{"start":{"line":509,"column":6},"end":{"line":509,"column":25}}},"89":{"name":"(anonymous_89)","line":511,"loc":{"start":{"line":511,"column":37},"end":{"line":511,"column":49}}},"90":{"name":"_tuple","line":513,"loc":{"start":{"line":513,"column":6},"end":{"line":513,"column":28}}},"91":{"name":"(anonymous_91)","line":515,"loc":{"start":{"line":515,"column":39},"end":{"line":515,"column":51}}},"92":{"name":"_tuple3","line":517,"loc":{"start":{"line":517,"column":6},"end":{"line":517,"column":32}}},"93":{"name":"(anonymous_93)","line":519,"loc":{"start":{"line":519,"column":40},"end":{"line":519,"column":52}}},"94":{"name":"_tuple4","line":521,"loc":{"start":{"line":521,"column":6},"end":{"line":521,"column":35}}},"95":{"name":"(anonymous_95)","line":528,"loc":{"start":{"line":528,"column":41},"end":{"line":528,"column":53}}},"96":{"name":"_eq","line":530,"loc":{"start":{"line":530,"column":6},"end":{"line":530,"column":25}}},"97":{"name":"(anonymous_97)","line":551,"loc":{"start":{"line":551,"column":43},"end":{"line":551,"column":55}}},"98":{"name":"_neq","line":553,"loc":{"start":{"line":553,"column":6},"end":{"line":553,"column":26}}},"99":{"name":"(anonymous_99)","line":560,"loc":{"start":{"line":560,"column":34},"end":{"line":560,"column":46}}},"100":{"name":"_compare","line":562,"loc":{"start":{"line":562,"column":6},"end":{"line":562,"column":30}}},"101":{"name":"(anonymous_101)","line":585,"loc":{"start":{"line":585,"column":40},"end":{"line":585,"column":52}}},"102":{"name":"_lt","line":587,"loc":{"start":{"line":587,"column":6},"end":{"line":587,"column":25}}},"103":{"name":"(anonymous_103)","line":591,"loc":{"start":{"line":591,"column":40},"end":{"line":591,"column":52}}},"104":{"name":"_gt","line":593,"loc":{"start":{"line":593,"column":6},"end":{"line":593,"column":25}}},"105":{"name":"(anonymous_105)","line":597,"loc":{"start":{"line":597,"column":43},"end":{"line":597,"column":55}}},"106":{"name":"_lte","line":599,"loc":{"start":{"line":599,"column":6},"end":{"line":599,"column":26}}},"107":{"name":"(anonymous_107)","line":603,"loc":{"start":{"line":603,"column":43},"end":{"line":603,"column":55}}},"108":{"name":"_gte","line":605,"loc":{"start":{"line":605,"column":6},"end":{"line":605,"column":26}}},"109":{"name":"(anonymous_109)","line":609,"loc":{"start":{"line":609,"column":30},"end":{"line":609,"column":42}}},"110":{"name":"_max","line":611,"loc":{"start":{"line":611,"column":6},"end":{"line":611,"column":26}}},"111":{"name":"(anonymous_111)","line":618,"loc":{"start":{"line":618,"column":30},"end":{"line":618,"column":42}}},"112":{"name":"_min","line":620,"loc":{"start":{"line":620,"column":6},"end":{"line":620,"column":26}}},"113":{"name":"(anonymous_113)","line":627,"loc":{"start":{"line":627,"column":36},"end":{"line":627,"column":48}}},"114":{"name":"_comparing","line":629,"loc":{"start":{"line":629,"column":6},"end":{"line":629,"column":35}}},"115":{"name":"(anonymous_115)","line":638,"loc":{"start":{"line":638,"column":34},"end":{"line":638,"column":46}}},"116":{"name":"_isDigit","line":640,"loc":{"start":{"line":640,"column":6},"end":{"line":640,"column":27}}},"117":{"name":"(anonymous_117)","line":644,"loc":{"start":{"line":644,"column":40},"end":{"line":644,"column":52}}},"118":{"name":"_isAsciiLetter","line":646,"loc":{"start":{"line":646,"column":6},"end":{"line":646,"column":33}}},"119":{"name":"(anonymous_119)","line":655,"loc":{"start":{"line":655,"column":58},"end":{"line":655,"column":70}}},"120":{"name":"_add","line":657,"loc":{"start":{"line":657,"column":6},"end":{"line":657,"column":26}}},"121":{"name":"(anonymous_121)","line":661,"loc":{"start":{"line":661,"column":65},"end":{"line":661,"column":77}}},"122":{"name":"_sub","line":663,"loc":{"start":{"line":663,"column":6},"end":{"line":663,"column":26}}},"123":{"name":"(anonymous_123)","line":667,"loc":{"start":{"line":667,"column":60},"end":{"line":667,"column":72}}},"124":{"name":"_mul","line":669,"loc":{"start":{"line":669,"column":6},"end":{"line":669,"column":26}}},"125":{"name":"(anonymous_125)","line":673,"loc":{"start":{"line":673,"column":30},"end":{"line":673,"column":42}}},"126":{"name":"(anonymous_126)","line":677,"loc":{"start":{"line":677,"column":33},"end":{"line":677,"column":45}}},"127":{"name":"_negate","line":679,"loc":{"start":{"line":679,"column":6},"end":{"line":679,"column":26}}},"128":{"name":"(anonymous_128)","line":681,"loc":{"start":{"line":681,"column":33},"end":{"line":681,"column":45}}},"129":{"name":"_signum","line":683,"loc":{"start":{"line":683,"column":6},"end":{"line":683,"column":26}}},"130":{"name":"(anonymous_130)","line":695,"loc":{"start":{"line":695,"column":30},"end":{"line":695,"column":42}}},"131":{"name":"_div","line":697,"loc":{"start":{"line":697,"column":6},"end":{"line":697,"column":26}}},"132":{"name":"(anonymous_132)","line":699,"loc":{"start":{"line":699,"column":31},"end":{"line":699,"column":43}}},"133":{"name":"_quot","line":701,"loc":{"start":{"line":701,"column":6},"end":{"line":701,"column":27}}},"134":{"name":"(anonymous_134)","line":706,"loc":{"start":{"line":706,"column":30},"end":{"line":706,"column":42}}},"135":{"name":"_rem","line":708,"loc":{"start":{"line":708,"column":6},"end":{"line":708,"column":26}}},"136":{"name":"(anonymous_136)","line":710,"loc":{"start":{"line":710,"column":30},"end":{"line":710,"column":42}}},"137":{"name":"_mod","line":712,"loc":{"start":{"line":712,"column":6},"end":{"line":712,"column":26}}},"138":{"name":"(anonymous_138)","line":718,"loc":{"start":{"line":718,"column":33},"end":{"line":718,"column":45}}},"139":{"name":"_divMod","line":720,"loc":{"start":{"line":720,"column":6},"end":{"line":720,"column":30}}},"140":{"name":"(anonymous_140)","line":724,"loc":{"start":{"line":724,"column":34},"end":{"line":724,"column":46}}},"141":{"name":"_quotRem","line":726,"loc":{"start":{"line":726,"column":6},"end":{"line":726,"column":30}}},"142":{"name":"(anonymous_142)","line":733,"loc":{"start":{"line":733,"column":36},"end":{"line":733,"column":48}}},"143":{"name":"_frac","line":735,"loc":{"start":{"line":735,"column":6},"end":{"line":735,"column":27}}},"144":{"name":"(anonymous_144)","line":737,"loc":{"start":{"line":737,"column":32},"end":{"line":737,"column":44}}},"145":{"name":"_recip","line":739,"loc":{"start":{"line":739,"column":6},"end":{"line":739,"column":25}}},"146":{"name":"(anonymous_146)","line":744,"loc":{"start":{"line":744,"column":30},"end":{"line":744,"column":42}}},"147":{"name":"(anonymous_147)","line":748,"loc":{"start":{"line":748,"column":31},"end":{"line":748,"column":43}}},"148":{"name":"(anonymous_148)","line":752,"loc":{"start":{"line":752,"column":30},"end":{"line":752,"column":42}}},"149":{"name":"(anonymous_149)","line":756,"loc":{"start":{"line":756,"column":34},"end":{"line":756,"column":46}}},"150":{"name":"_logBase","line":758,"loc":{"start":{"line":758,"column":6},"end":{"line":758,"column":30}}},"151":{"name":"(anonymous_151)","line":762,"loc":{"start":{"line":762,"column":47},"end":{"line":762,"column":59}}},"152":{"name":"(anonymous_152)","line":766,"loc":{"start":{"line":766,"column":30},"end":{"line":766,"column":42}}},"153":{"name":"(anonymous_153)","line":770,"loc":{"start":{"line":770,"column":30},"end":{"line":770,"column":42}}},"154":{"name":"(anonymous_154)","line":774,"loc":{"start":{"line":774,"column":30},"end":{"line":774,"column":42}}},"155":{"name":"(anonymous_155)","line":778,"loc":{"start":{"line":778,"column":31},"end":{"line":778,"column":43}}},"156":{"name":"(anonymous_156)","line":782,"loc":{"start":{"line":782,"column":31},"end":{"line":782,"column":43}}},"157":{"name":"(anonymous_157)","line":786,"loc":{"start":{"line":786,"column":31},"end":{"line":786,"column":43}}},"158":{"name":"(anonymous_158)","line":790,"loc":{"start":{"line":790,"column":31},"end":{"line":790,"column":43}}},"159":{"name":"_sinh","line":792,"loc":{"start":{"line":792,"column":19},"end":{"line":792,"column":37}}},"160":{"name":"(anonymous_160)","line":796,"loc":{"start":{"line":796,"column":31},"end":{"line":796,"column":43}}},"161":{"name":"_tanh","line":798,"loc":{"start":{"line":798,"column":19},"end":{"line":798,"column":37}}},"162":{"name":"(anonymous_162)","line":808,"loc":{"start":{"line":808,"column":31},"end":{"line":808,"column":43}}},"163":{"name":"_cosh","line":810,"loc":{"start":{"line":810,"column":19},"end":{"line":810,"column":37}}},"164":{"name":"(anonymous_164)","line":814,"loc":{"start":{"line":814,"column":32},"end":{"line":814,"column":44}}},"165":{"name":"_asinh","line":816,"loc":{"start":{"line":816,"column":20},"end":{"line":816,"column":39}}},"166":{"name":"(anonymous_166)","line":824,"loc":{"start":{"line":824,"column":32},"end":{"line":824,"column":44}}},"167":{"name":"_atanh","line":826,"loc":{"start":{"line":826,"column":20},"end":{"line":826,"column":39}}},"168":{"name":"(anonymous_168)","line":830,"loc":{"start":{"line":830,"column":32},"end":{"line":830,"column":44}}},"169":{"name":"_acosh","line":832,"loc":{"start":{"line":832,"column":20},"end":{"line":832,"column":39}}},"170":{"name":"(anonymous_170)","line":839,"loc":{"start":{"line":839,"column":41},"end":{"line":839,"column":53}}},"171":{"name":"_properFraction","line":841,"loc":{"start":{"line":841,"column":6},"end":{"line":841,"column":34}}},"172":{"name":"(anonymous_172)","line":846,"loc":{"start":{"line":846,"column":35},"end":{"line":846,"column":47}}},"173":{"name":"_truncate","line":848,"loc":{"start":{"line":848,"column":20},"end":{"line":848,"column":42}}},"174":{"name":"(anonymous_174)","line":858,"loc":{"start":{"line":858,"column":32},"end":{"line":858,"column":44}}},"175":{"name":"_round","line":861,"loc":{"start":{"line":861,"column":6},"end":{"line":861,"column":25}}},"176":{"name":"(anonymous_176)","line":875,"loc":{"start":{"line":875,"column":34},"end":{"line":875,"column":46}}},"177":{"name":"(anonymous_177)","line":879,"loc":{"start":{"line":879,"column":32},"end":{"line":879,"column":44}}},"178":{"name":"(anonymous_178)","line":891,"loc":{"start":{"line":891,"column":30},"end":{"line":891,"column":42}}},"179":{"name":"_gcd","line":894,"loc":{"start":{"line":894,"column":6},"end":{"line":894,"column":26}}},"180":{"name":"(anonymous_180)","line":904,"loc":{"start":{"line":904,"column":30},"end":{"line":904,"column":42}}},"181":{"name":"_lcm","line":907,"loc":{"start":{"line":907,"column":6},"end":{"line":907,"column":26}}},"182":{"name":"(anonymous_182)","line":914,"loc":{"start":{"line":914,"column":31},"end":{"line":914,"column":43}}},"183":{"name":"_even","line":916,"loc":{"start":{"line":916,"column":6},"end":{"line":916,"column":24}}},"184":{"name":"(anonymous_184)","line":918,"loc":{"start":{"line":918,"column":30},"end":{"line":918,"column":42}}},"185":{"name":"_odd","line":920,"loc":{"start":{"line":920,"column":6},"end":{"line":920,"column":23}}},"186":{"name":"(anonymous_186)","line":925,"loc":{"start":{"line":925,"column":32},"end":{"line":925,"column":44}}},"187":{"name":"_until","line":927,"loc":{"start":{"line":927,"column":6},"end":{"line":927,"column":31}}},"188":{"name":"(anonymous_188)","line":934,"loc":{"start":{"line":934,"column":31},"end":{"line":934,"column":43}}},"189":{"name":"_pipe","line":936,"loc":{"start":{"line":936,"column":6},"end":{"line":936,"column":23}}},"190":{"name":"(anonymous_190)","line":970,"loc":{"start":{"line":970,"column":41},"end":{"line":970,"column":53}}},"191":{"name":"_stream","line":972,"loc":{"start":{"line":972,"column":6},"end":{"line":972,"column":27}}},"192":{"name":"(anonymous_192)","line":977,"loc":{"start":{"line":977,"column":24},"end":{"line":977,"column":36}}},"193":{"name":"(anonymous_193)","line":982,"loc":{"start":{"line":982,"column":20},"end":{"line":982,"column":32}}},"194":{"name":"(anonymous_194)","line":990,"loc":{"start":{"line":990,"column":34},"end":{"line":990,"column":46}}},"195":{"name":"_consume","line":992,"loc":{"start":{"line":992,"column":6},"end":{"line":992,"column":28}}},"196":{"name":"(anonymous_196)","line":1004,"loc":{"start":{"line":1004,"column":40},"end":{"line":1004,"column":52}}},"197":{"name":"_consumeString","line":1006,"loc":{"start":{"line":1006,"column":6},"end":{"line":1006,"column":34}}},"198":{"name":"(anonymous_198)","line":1017,"loc":{"start":{"line":1017,"column":31},"end":{"line":1017,"column":43}}},"199":{"name":"_each","line":1019,"loc":{"start":{"line":1019,"column":6},"end":{"line":1019,"column":28}}},"200":{"name":"(anonymous_200)","line":1037,"loc":{"start":{"line":1037,"column":32},"end":{"line":1037,"column":44}}},"201":{"name":"_cycle","line":1039,"loc":{"start":{"line":1039,"column":6},"end":{"line":1039,"column":26}}},"202":{"name":"(anonymous_202)","line":1047,"loc":{"start":{"line":1047,"column":24},"end":{"line":1047,"column":36}}},"203":{"name":"(anonymous_203)","line":1063,"loc":{"start":{"line":1063,"column":24},"end":{"line":1063,"column":36}}},"204":{"name":"(anonymous_204)","line":1072,"loc":{"start":{"line":1072,"column":24},"end":{"line":1072,"column":36}}},"205":{"name":"(anonymous_205)","line":1081,"loc":{"start":{"line":1081,"column":33},"end":{"line":1081,"column":45}}},"206":{"name":"_repeat","line":1083,"loc":{"start":{"line":1083,"column":6},"end":{"line":1083,"column":26}}},"207":{"name":"(anonymous_207)","line":1084,"loc":{"start":{"line":1084,"column":22},"end":{"line":1084,"column":34}}},"208":{"name":"(anonymous_208)","line":1089,"loc":{"start":{"line":1089,"column":34},"end":{"line":1089,"column":46}}},"209":{"name":"_iterate","line":1091,"loc":{"start":{"line":1091,"column":6},"end":{"line":1091,"column":30}}},"210":{"name":"(anonymous_210)","line":1092,"loc":{"start":{"line":1092,"column":22},"end":{"line":1092,"column":34}}},"211":{"name":"(anonymous_211)","line":1102,"loc":{"start":{"line":1102,"column":32},"end":{"line":1102,"column":44}}},"212":{"name":"_lines","line":1104,"loc":{"start":{"line":1104,"column":6},"end":{"line":1104,"column":30}}},"213":{"name":"(anonymous_213)","line":1112,"loc":{"start":{"line":1112,"column":34},"end":{"line":1112,"column":46}}},"214":{"name":"_unlines","line":1114,"loc":{"start":{"line":1114,"column":6},"end":{"line":1114,"column":31}}},"215":{"name":"(anonymous_215)","line":1118,"loc":{"start":{"line":1118,"column":32},"end":{"line":1118,"column":44}}},"216":{"name":"_words","line":1120,"loc":{"start":{"line":1120,"column":6},"end":{"line":1120,"column":30}}},"217":{"name":"(anonymous_217)","line":1124,"loc":{"start":{"line":1124,"column":34},"end":{"line":1124,"column":46}}},"218":{"name":"_unwords","line":1126,"loc":{"start":{"line":1126,"column":6},"end":{"line":1126,"column":31}}},"219":{"name":"(anonymous_219)","line":1133,"loc":{"start":{"line":1133,"column":36},"end":{"line":1133,"column":48}}},"220":{"name":"_cons","line":1135,"loc":{"start":{"line":1135,"column":6},"end":{"line":1135,"column":28}}},"221":{"name":"(anonymous_221)","line":1138,"loc":{"start":{"line":1138,"column":54},"end":{"line":1138,"column":66}}},"222":{"name":"(anonymous_222)","line":1151,"loc":{"start":{"line":1151,"column":39},"end":{"line":1151,"column":51}}},"223":{"name":"_append","line":1153,"loc":{"start":{"line":1153,"column":6},"end":{"line":1153,"column":31}}},"224":{"name":"(anonymous_224)","line":1161,"loc":{"start":{"line":1161,"column":22},"end":{"line":1161,"column":34}}},"225":{"name":"(anonymous_225)","line":1182,"loc":{"start":{"line":1182,"column":30},"end":{"line":1182,"column":42}}},"226":{"name":"_map","line":1184,"loc":{"start":{"line":1184,"column":6},"end":{"line":1184,"column":27}}},"227":{"name":"(anonymous_227)","line":1186,"loc":{"start":{"line":1186,"column":54},"end":{"line":1186,"column":66}}},"228":{"name":"(anonymous_228)","line":1210,"loc":{"start":{"line":1210,"column":33},"end":{"line":1210,"column":45}}},"229":{"name":"_filter","line":1212,"loc":{"start":{"line":1212,"column":6},"end":{"line":1212,"column":30}}},"230":{"name":"(anonymous_230)","line":1214,"loc":{"start":{"line":1214,"column":54},"end":{"line":1214,"column":66}}},"231":{"name":"(anonymous_231)","line":1244,"loc":{"start":{"line":1244,"column":31},"end":{"line":1244,"column":43}}},"232":{"name":"_head","line":1246,"loc":{"start":{"line":1246,"column":6},"end":{"line":1246,"column":25}}},"233":{"name":"(anonymous_233)","line":1254,"loc":{"start":{"line":1254,"column":31},"end":{"line":1254,"column":43}}},"234":{"name":"_last","line":1256,"loc":{"start":{"line":1256,"column":6},"end":{"line":1256,"column":25}}},"235":{"name":"(anonymous_235)","line":1268,"loc":{"start":{"line":1268,"column":31},"end":{"line":1268,"column":43}}},"236":{"name":"_tail","line":1270,"loc":{"start":{"line":1270,"column":6},"end":{"line":1270,"column":25}}},"237":{"name":"(anonymous_237)","line":1278,"loc":{"start":{"line":1278,"column":31},"end":{"line":1278,"column":43}}},"238":{"name":"_init","line":1280,"loc":{"start":{"line":1280,"column":6},"end":{"line":1280,"column":25}}},"239":{"name":"(anonymous_239)","line":1284,"loc":{"start":{"line":1284,"column":22},"end":{"line":1284,"column":34}}},"240":{"name":"(anonymous_240)","line":1297,"loc":{"start":{"line":1297,"column":42},"end":{"line":1297,"column":54}}},"241":{"name":"_null","line":1299,"loc":{"start":{"line":1299,"column":6},"end":{"line":1299,"column":25}}},"242":{"name":"(anonymous_242)","line":1306,"loc":{"start":{"line":1306,"column":33},"end":{"line":1306,"column":45}}},"243":{"name":"_length","line":1308,"loc":{"start":{"line":1308,"column":6},"end":{"line":1308,"column":27}}},"244":{"name":"(anonymous_244)","line":1322,"loc":{"start":{"line":1322,"column":33},"end":{"line":1322,"column":45}}},"245":{"name":"_select","line":1324,"loc":{"start":{"line":1324,"column":6},"end":{"line":1324,"column":37}}},"246":{"name":"(anonymous_246)","line":1328,"loc":{"start":{"line":1328,"column":41},"end":{"line":1328,"column":53}}},"247":{"name":"_at","line":1330,"loc":{"start":{"line":1330,"column":6},"end":{"line":1330,"column":27}}},"248":{"name":"(anonymous_248)","line":1344,"loc":{"start":{"line":1344,"column":34},"end":{"line":1344,"column":46}}},"249":{"name":"_reverse","line":1346,"loc":{"start":{"line":1346,"column":6},"end":{"line":1346,"column":28}}},"250":{"name":"(anonymous_250)","line":1351,"loc":{"start":{"line":1351,"column":22},"end":{"line":1351,"column":34}}},"251":{"name":"(anonymous_251)","line":1363,"loc":{"start":{"line":1363,"column":31},"end":{"line":1363,"column":43}}},"252":{"name":"_take","line":1365,"loc":{"start":{"line":1365,"column":6},"end":{"line":1365,"column":28}}},"253":{"name":"(anonymous_253)","line":1368,"loc":{"start":{"line":1368,"column":22},"end":{"line":1368,"column":34}}},"254":{"name":"(anonymous_254)","line":1378,"loc":{"start":{"line":1378,"column":31},"end":{"line":1378,"column":43}}},"255":{"name":"_drop","line":1380,"loc":{"start":{"line":1380,"column":6},"end":{"line":1380,"column":28}}},"256":{"name":"(anonymous_256)","line":1390,"loc":{"start":{"line":1390,"column":34},"end":{"line":1390,"column":46}}},"257":{"name":"_splitAt","line":1392,"loc":{"start":{"line":1392,"column":6},"end":{"line":1392,"column":31}}},"258":{"name":"(anonymous_258)","line":1396,"loc":{"start":{"line":1396,"column":36},"end":{"line":1396,"column":48}}},"259":{"name":"_takeWhile","line":1398,"loc":{"start":{"line":1398,"column":6},"end":{"line":1398,"column":33}}},"260":{"name":"(anonymous_260)","line":1401,"loc":{"start":{"line":1401,"column":22},"end":{"line":1401,"column":34}}},"261":{"name":"(anonymous_261)","line":1417,"loc":{"start":{"line":1417,"column":36},"end":{"line":1417,"column":48}}},"262":{"name":"_dropWhile","line":1419,"loc":{"start":{"line":1419,"column":6},"end":{"line":1419,"column":33}}},"263":{"name":"(anonymous_263)","line":1433,"loc":{"start":{"line":1433,"column":31},"end":{"line":1433,"column":43}}},"264":{"name":"_span","line":1435,"loc":{"start":{"line":1435,"column":6},"end":{"line":1435,"column":28}}},"265":{"name":"(anonymous_265)","line":1443,"loc":{"start":{"line":1443,"column":42},"end":{"line":1443,"column":54}}},"266":{"name":"_break","line":1445,"loc":{"start":{"line":1445,"column":6},"end":{"line":1445,"column":29}}},"267":{"name":"(anonymous_267)","line":1453,"loc":{"start":{"line":1453,"column":31},"end":{"line":1453,"column":43}}},"268":{"name":"_elem","line":1455,"loc":{"start":{"line":1455,"column":6},"end":{"line":1455,"column":28}}},"269":{"name":"(anonymous_269)","line":1473,"loc":{"start":{"line":1473,"column":34},"end":{"line":1473,"column":46}}},"270":{"name":"_notElem","line":1475,"loc":{"start":{"line":1475,"column":6},"end":{"line":1475,"column":31}}},"271":{"name":"(anonymous_271)","line":1493,"loc":{"start":{"line":1493,"column":33},"end":{"line":1493,"column":45}}},"272":{"name":"_lookup","line":1495,"loc":{"start":{"line":1495,"column":6},"end":{"line":1495,"column":30}}},"273":{"name":"(anonymous_273)","line":1506,"loc":{"start":{"line":1506,"column":43},"end":{"line":1506,"column":55}}},"274":{"name":"_foldl","line":1508,"loc":{"start":{"line":1508,"column":6},"end":{"line":1508,"column":32}}},"275":{"name":"(anonymous_275)","line":1522,"loc":{"start":{"line":1522,"column":45},"end":{"line":1522,"column":57}}},"276":{"name":"_foldl1","line":1524,"loc":{"start":{"line":1524,"column":6},"end":{"line":1524,"column":30}}},"277":{"name":"(anonymous_277)","line":1539,"loc":{"start":{"line":1539,"column":32},"end":{"line":1539,"column":44}}},"278":{"name":"_foldr","line":1541,"loc":{"start":{"line":1541,"column":6},"end":{"line":1541,"column":32}}},"279":{"name":"(anonymous_279)","line":1548,"loc":{"start":{"line":1548,"column":33},"end":{"line":1548,"column":45}}},"280":{"name":"_foldr1","line":1550,"loc":{"start":{"line":1550,"column":6},"end":{"line":1550,"column":30}}},"281":{"name":"(anonymous_281)","line":1558,"loc":{"start":{"line":1558,"column":30},"end":{"line":1558,"column":42}}},"282":{"name":"(anonymous_282)","line":1560,"loc":{"start":{"line":1560,"column":15},"end":{"line":1560,"column":26}}},"283":{"name":"(anonymous_283)","line":1562,"loc":{"start":{"line":1562,"column":29},"end":{"line":1562,"column":41}}},"284":{"name":"(anonymous_284)","line":1564,"loc":{"start":{"line":1564,"column":15},"end":{"line":1564,"column":26}}},"285":{"name":"(anonymous_285)","line":1566,"loc":{"start":{"line":1566,"column":30},"end":{"line":1566,"column":42}}},"286":{"name":"(anonymous_286)","line":1568,"loc":{"start":{"line":1568,"column":15},"end":{"line":1568,"column":26}}},"287":{"name":"(anonymous_287)","line":1570,"loc":{"start":{"line":1570,"column":34},"end":{"line":1570,"column":46}}},"288":{"name":"(anonymous_288)","line":1572,"loc":{"start":{"line":1572,"column":15},"end":{"line":1572,"column":26}}},"289":{"name":"(anonymous_289)","line":1574,"loc":{"start":{"line":1574,"column":34},"end":{"line":1574,"column":46}}},"290":{"name":"(anonymous_290)","line":1576,"loc":{"start":{"line":1576,"column":15},"end":{"line":1576,"column":26}}},"291":{"name":"(anonymous_291)","line":1578,"loc":{"start":{"line":1578,"column":34},"end":{"line":1578,"column":46}}},"292":{"name":"(anonymous_292)","line":1580,"loc":{"start":{"line":1580,"column":15},"end":{"line":1580,"column":26}}},"293":{"name":"(anonymous_293)","line":1582,"loc":{"start":{"line":1582,"column":30},"end":{"line":1582,"column":42}}},"294":{"name":"_any","line":1584,"loc":{"start":{"line":1584,"column":6},"end":{"line":1584,"column":27}}},"295":{"name":"(anonymous_295)","line":1593,"loc":{"start":{"line":1593,"column":30},"end":{"line":1593,"column":42}}},"296":{"name":"_all","line":1595,"loc":{"start":{"line":1595,"column":6},"end":{"line":1595,"column":27}}},"297":{"name":"(anonymous_297)","line":1604,"loc":{"start":{"line":1604,"column":32},"end":{"line":1604,"column":44}}},"298":{"name":"_scanl","line":1606,"loc":{"start":{"line":1606,"column":6},"end":{"line":1606,"column":32}}},"299":{"name":"(anonymous_299)","line":1608,"loc":{"start":{"line":1608,"column":69},"end":{"line":1608,"column":81}}},"300":{"name":"(anonymous_300)","line":1625,"loc":{"start":{"line":1625,"column":33},"end":{"line":1625,"column":45}}},"301":{"name":"_scanl1","line":1627,"loc":{"start":{"line":1627,"column":6},"end":{"line":1627,"column":30}}},"302":{"name":"(anonymous_302)","line":1640,"loc":{"start":{"line":1640,"column":32},"end":{"line":1640,"column":44}}},"303":{"name":"_scanr","line":1642,"loc":{"start":{"line":1642,"column":6},"end":{"line":1642,"column":32}}},"304":{"name":"(anonymous_304)","line":1651,"loc":{"start":{"line":1651,"column":33},"end":{"line":1651,"column":45}}},"305":{"name":"_scanr1","line":1653,"loc":{"start":{"line":1653,"column":6},"end":{"line":1653,"column":30}}},"306":{"name":"(anonymous_306)","line":1663,"loc":{"start":{"line":1663,"column":33},"end":{"line":1663,"column":45}}},"307":{"name":"_concat","line":1665,"loc":{"start":{"line":1665,"column":6},"end":{"line":1665,"column":27}}},"308":{"name":"(anonymous_308)","line":1677,"loc":{"start":{"line":1677,"column":36},"end":{"line":1677,"column":48}}},"309":{"name":"(anonymous_309)","line":1679,"loc":{"start":{"line":1679,"column":15},"end":{"line":1679,"column":26}}},"310":{"name":"(anonymous_310)","line":1681,"loc":{"start":{"line":1681,"column":36},"end":{"line":1681,"column":48}}},"311":{"name":"_replicate","line":1683,"loc":{"start":{"line":1683,"column":6},"end":{"line":1683,"column":32}}},"312":{"name":"(anonymous_312)","line":1691,"loc":{"start":{"line":1691,"column":34},"end":{"line":1691,"column":46}}},"313":{"name":"_zipWith","line":1693,"loc":{"start":{"line":1693,"column":6},"end":{"line":1693,"column":35}}},"314":{"name":"(anonymous_314)","line":1697,"loc":{"start":{"line":1697,"column":22},"end":{"line":1697,"column":34}}},"315":{"name":"(anonymous_315)","line":1714,"loc":{"start":{"line":1714,"column":35},"end":{"line":1714,"column":47}}},"316":{"name":"_zipWith3","line":1716,"loc":{"start":{"line":1716,"column":6},"end":{"line":1716,"column":40}}},"317":{"name":"(anonymous_317)","line":1721,"loc":{"start":{"line":1721,"column":22},"end":{"line":1721,"column":34}}},"318":{"name":"(anonymous_318)","line":1739,"loc":{"start":{"line":1739,"column":35},"end":{"line":1739,"column":47}}},"319":{"name":"_zipWith4","line":1741,"loc":{"start":{"line":1741,"column":6},"end":{"line":1741,"column":44}}},"320":{"name":"(anonymous_320)","line":1747,"loc":{"start":{"line":1747,"column":22},"end":{"line":1747,"column":34}}},"321":{"name":"(anonymous_321)","line":1766,"loc":{"start":{"line":1766,"column":30},"end":{"line":1766,"column":42}}},"322":{"name":"(anonymous_322)","line":1768,"loc":{"start":{"line":1768,"column":15},"end":{"line":1768,"column":26}}},"323":{"name":"(anonymous_323)","line":1770,"loc":{"start":{"line":1770,"column":31},"end":{"line":1770,"column":43}}},"324":{"name":"(anonymous_324)","line":1772,"loc":{"start":{"line":1772,"column":15},"end":{"line":1772,"column":26}}},"325":{"name":"(anonymous_325)","line":1774,"loc":{"start":{"line":1774,"column":31},"end":{"line":1774,"column":43}}},"326":{"name":"(anonymous_326)","line":1776,"loc":{"start":{"line":1776,"column":15},"end":{"line":1776,"column":26}}},"327":{"name":"(anonymous_327)","line":1781,"loc":{"start":{"line":1781,"column":38},"end":{"line":1781,"column":50}}},"328":{"name":"_intersperse","line":1783,"loc":{"start":{"line":1783,"column":6},"end":{"line":1783,"column":35}}},"329":{"name":"(anonymous_329)","line":1795,"loc":{"start":{"line":1795,"column":38},"end":{"line":1795,"column":50}}},"330":{"name":"_intercalate","line":1797,"loc":{"start":{"line":1797,"column":6},"end":{"line":1797,"column":35}}},"331":{"name":"(anonymous_331)","line":1801,"loc":{"start":{"line":1801,"column":36},"end":{"line":1801,"column":48}}},"332":{"name":"_transpose","line":1803,"loc":{"start":{"line":1803,"column":6},"end":{"line":1803,"column":31}}},"333":{"name":"(anonymous_333)","line":1857,"loc":{"start":{"line":1857,"column":32},"end":{"line":1857,"column":44}}},"334":{"name":"(anonymous_334)","line":1859,"loc":{"start":{"line":1859,"column":15},"end":{"line":1859,"column":26}}},"335":{"name":"(anonymous_335)","line":1861,"loc":{"start":{"line":1861,"column":32},"end":{"line":1861,"column":44}}},"336":{"name":"(anonymous_336)","line":1863,"loc":{"start":{"line":1863,"column":15},"end":{"line":1863,"column":26}}},"337":{"name":"(anonymous_337)","line":1865,"loc":{"start":{"line":1865,"column":32},"end":{"line":1865,"column":44}}},"338":{"name":"(anonymous_338)","line":1867,"loc":{"start":{"line":1867,"column":15},"end":{"line":1867,"column":26}}},"339":{"name":"(anonymous_339)","line":1869,"loc":{"start":{"line":1869,"column":32},"end":{"line":1869,"column":44}}},"340":{"name":"(anonymous_340)","line":1871,"loc":{"start":{"line":1871,"column":15},"end":{"line":1871,"column":26}}},"341":{"name":"(anonymous_341)","line":1873,"loc":{"start":{"line":1873,"column":37},"end":{"line":1873,"column":49}}},"342":{"name":"_isPrefixOf","line":1875,"loc":{"start":{"line":1875,"column":6},"end":{"line":1875,"column":43}}},"343":{"name":"(anonymous_343)","line":1895,"loc":{"start":{"line":1895,"column":37},"end":{"line":1895,"column":49}}},"344":{"name":"_isSuffixOf","line":1897,"loc":{"start":{"line":1897,"column":6},"end":{"line":1897,"column":43}}},"345":{"name":"(anonymous_345)","line":1912,"loc":{"start":{"line":1912,"column":36},"end":{"line":1912,"column":48}}},"346":{"name":"_isInfixOf","line":1914,"loc":{"start":{"line":1914,"column":6},"end":{"line":1914,"column":41}}},"347":{"name":"(anonymous_347)","line":1920,"loc":{"start":{"line":1920,"column":31},"end":{"line":1920,"column":43}}},"348":{"name":"_find","line":1922,"loc":{"start":{"line":1922,"column":6},"end":{"line":1922,"column":28}}},"349":{"name":"(anonymous_349)","line":1931,"loc":{"start":{"line":1931,"column":36},"end":{"line":1931,"column":48}}},"350":{"name":"_partition","line":1933,"loc":{"start":{"line":1933,"column":6},"end":{"line":1933,"column":33}}},"351":{"name":"(anonymous_351)","line":1945,"loc":{"start":{"line":1945,"column":36},"end":{"line":1945,"column":48}}},"352":{"name":"_elemIndex","line":1947,"loc":{"start":{"line":1947,"column":6},"end":{"line":1947,"column":33}}},"353":{"name":"(anonymous_353)","line":1956,"loc":{"start":{"line":1956,"column":38},"end":{"line":1956,"column":50}}},"354":{"name":"_elemIndex","line":1958,"loc":{"start":{"line":1958,"column":6},"end":{"line":1958,"column":33}}},"355":{"name":"(anonymous_355)","line":1968,"loc":{"start":{"line":1968,"column":36},"end":{"line":1968,"column":48}}},"356":{"name":"_elemIndex","line":1970,"loc":{"start":{"line":1970,"column":6},"end":{"line":1970,"column":33}}},"357":{"name":"(anonymous_357)","line":1974,"loc":{"start":{"line":1974,"column":38},"end":{"line":1974,"column":50}}},"358":{"name":"_elemIndex","line":1976,"loc":{"start":{"line":1976,"column":6},"end":{"line":1976,"column":33}}},"359":{"name":"(anonymous_359)","line":1980,"loc":{"start":{"line":1980,"column":30},"end":{"line":1980,"column":42}}},"360":{"name":"_nub","line":1982,"loc":{"start":{"line":1982,"column":6},"end":{"line":1982,"column":24}}},"361":{"name":"(anonymous_361)","line":1994,"loc":{"start":{"line":1994,"column":45},"end":{"line":1994,"column":57}}},"362":{"name":"_difference","line":1996,"loc":{"start":{"line":1996,"column":6},"end":{"line":1996,"column":35}}},"363":{"name":"(anonymous_363)","line":2011,"loc":{"start":{"line":2011,"column":32},"end":{"line":2011,"column":44}}},"364":{"name":"_union","line":2013,"loc":{"start":{"line":2013,"column":6},"end":{"line":2013,"column":30}}},"365":{"name":"(anonymous_365)","line":2029,"loc":{"start":{"line":2029,"column":36},"end":{"line":2029,"column":48}}},"366":{"name":"_intersect","line":2031,"loc":{"start":{"line":2031,"column":6},"end":{"line":2031,"column":34}}},"367":{"name":"(anonymous_367)","line":2046,"loc":{"start":{"line":2046,"column":31},"end":{"line":2046,"column":43}}},"368":{"name":"_sort","line":2048,"loc":{"start":{"line":2048,"column":6},"end":{"line":2048,"column":25}}},"369":{"name":"(anonymous_369)","line":2055,"loc":{"start":{"line":2055,"column":14},"end":{"line":2055,"column":30}}},"370":{"name":"(anonymous_370)","line":2057,"loc":{"start":{"line":2057,"column":14},"end":{"line":2057,"column":30}}},"371":{"name":"(anonymous_371)","line":2064,"loc":{"start":{"line":2064,"column":35},"end":{"line":2064,"column":47}}},"372":{"name":"_deleteBy","line":2066,"loc":{"start":{"line":2066,"column":6},"end":{"line":2066,"column":35}}},"373":{"name":"(anonymous_373)","line":2075,"loc":{"start":{"line":2075,"column":44},"end":{"line":2075,"column":56}}},"374":{"name":"_delete","line":2077,"loc":{"start":{"line":2077,"column":6},"end":{"line":2077,"column":30}}},"375":{"name":"(anonymous_375)","line":2085,"loc":{"start":{"line":2085,"column":35},"end":{"line":2085,"column":47}}},"376":{"name":"_insertBy","line":2087,"loc":{"start":{"line":2087,"column":6},"end":{"line":2087,"column":35}}},"377":{"name":"(anonymous_377)","line":2096,"loc":{"start":{"line":2096,"column":33},"end":{"line":2096,"column":45}}},"378":{"name":"(anonymous_378)","line":2098,"loc":{"start":{"line":2098,"column":15},"end":{"line":2098,"column":26}}},"379":{"name":"(anonymous_379)","line":2100,"loc":{"start":{"line":2100,"column":34},"end":{"line":2100,"column":46}}},"380":{"name":"_groupBy","line":2102,"loc":{"start":{"line":2102,"column":6},"end":{"line":2102,"column":31}}},"381":{"name":"(anonymous_381)","line":2122,"loc":{"start":{"line":2122,"column":32},"end":{"line":2122,"column":44}}},"382":{"name":"(anonymous_382)","line":2124,"loc":{"start":{"line":2124,"column":15},"end":{"line":2124,"column":26}}},"383":{"name":"(anonymous_383)","line":2126,"loc":{"start":{"line":2126,"column":33},"end":{"line":2126,"column":45}}},"384":{"name":"_sortBy","line":2128,"loc":{"start":{"line":2128,"column":6},"end":{"line":2128,"column":31}}},"385":{"name":"(anonymous_385)","line":2142,"loc":{"start":{"line":2142,"column":36},"end":{"line":2142,"column":48}}},"386":{"name":"_maximumBy","line":2144,"loc":{"start":{"line":2144,"column":6},"end":{"line":2144,"column":33}}},"387":{"name":"(anonymous_387)","line":2145,"loc":{"start":{"line":2145,"column":25},"end":{"line":2145,"column":41}}},"388":{"name":"(anonymous_388)","line":2153,"loc":{"start":{"line":2153,"column":36},"end":{"line":2153,"column":48}}},"389":{"name":"_minimumBy","line":2155,"loc":{"start":{"line":2155,"column":6},"end":{"line":2155,"column":33}}},"390":{"name":"(anonymous_390)","line":2156,"loc":{"start":{"line":2156,"column":25},"end":{"line":2156,"column":41}}},"391":{"name":"(anonymous_391)","line":2169,"loc":{"start":{"line":2169,"column":32},"end":{"line":2169,"column":44}}},"392":{"name":"_maybe","line":2171,"loc":{"start":{"line":2171,"column":6},"end":{"line":2171,"column":39}}},"393":{"name":"(anonymous_393)","line":2178,"loc":{"start":{"line":2178,"column":33},"end":{"line":2178,"column":45}}},"394":{"name":"_isJust","line":2180,"loc":{"start":{"line":2180,"column":6},"end":{"line":2180,"column":30}}},"395":{"name":"(anonymous_395)","line":2184,"loc":{"start":{"line":2184,"column":36},"end":{"line":2184,"column":48}}},"396":{"name":"_isNothing","line":2186,"loc":{"start":{"line":2186,"column":6},"end":{"line":2186,"column":33}}},"397":{"name":"(anonymous_397)","line":2190,"loc":{"start":{"line":2190,"column":36},"end":{"line":2190,"column":48}}},"398":{"name":"_fromMaybe","line":2192,"loc":{"start":{"line":2192,"column":6},"end":{"line":2192,"column":38}}},"399":{"name":"(anonymous_399)","line":2199,"loc":{"start":{"line":2199,"column":38},"end":{"line":2199,"column":50}}},"400":{"name":"_listToMaybe","line":2201,"loc":{"start":{"line":2201,"column":6},"end":{"line":2201,"column":32}}},"401":{"name":"(anonymous_401)","line":2209,"loc":{"start":{"line":2209,"column":38},"end":{"line":2209,"column":50}}},"402":{"name":"_maybeToList","line":2211,"loc":{"start":{"line":2211,"column":6},"end":{"line":2211,"column":35}}},"403":{"name":"(anonymous_403)","line":2218,"loc":{"start":{"line":2218,"column":36},"end":{"line":2218,"column":48}}},"404":{"name":"(anonymous_404)","line":2220,"loc":{"start":{"line":2220,"column":15},"end":{"line":2220,"column":26}}},"405":{"name":"(anonymous_405)","line":2222,"loc":{"start":{"line":2222,"column":35},"end":{"line":2222,"column":47}}},"406":{"name":"(anonymous_406)","line":2224,"loc":{"start":{"line":2224,"column":15},"end":{"line":2224,"column":26}}},"407":{"name":"(anonymous_407)","line":2231,"loc":{"start":{"line":2231,"column":33},"end":{"line":2231,"column":45}}},"408":{"name":"_either","line":2233,"loc":{"start":{"line":2233,"column":6},"end":{"line":2233,"column":43}}},"409":{"name":"(anonymous_409)","line":2245,"loc":{"start":{"line":2245,"column":31},"end":{"line":2245,"column":43}}},"410":{"name":"_Left","line":2247,"loc":{"start":{"line":2247,"column":6},"end":{"line":2247,"column":28}}},"411":{"name":"(anonymous_411)","line":2251,"loc":{"start":{"line":2251,"column":32},"end":{"line":2251,"column":44}}},"412":{"name":"_Right","line":2253,"loc":{"start":{"line":2253,"column":6},"end":{"line":2253,"column":29}}},"413":{"name":"(anonymous_413)","line":2257,"loc":{"start":{"line":2257,"column":33},"end":{"line":2257,"column":45}}},"414":{"name":"_isLeft","line":2259,"loc":{"start":{"line":2259,"column":6},"end":{"line":2259,"column":28}}},"415":{"name":"(anonymous_415)","line":2264,"loc":{"start":{"line":2264,"column":34},"end":{"line":2264,"column":46}}},"416":{"name":"_isRight","line":2266,"loc":{"start":{"line":2266,"column":6},"end":{"line":2266,"column":29}}},"417":{"name":"(anonymous_417)","line":2271,"loc":{"start":{"line":2271,"column":35},"end":{"line":2271,"column":47}}},"418":{"name":"_fromLeft","line":2273,"loc":{"start":{"line":2273,"column":6},"end":{"line":2273,"column":30}}},"419":{"name":"(anonymous_419)","line":2280,"loc":{"start":{"line":2280,"column":36},"end":{"line":2280,"column":48}}},"420":{"name":"_fromRight","line":2282,"loc":{"start":{"line":2282,"column":6},"end":{"line":2282,"column":31}}},"421":{"name":"(anonymous_421)","line":2289,"loc":{"start":{"line":2289,"column":32},"end":{"line":2289,"column":44}}},"422":{"name":"(anonymous_422)","line":2296,"loc":{"start":{"line":2296,"column":33},"end":{"line":2296,"column":45}}},"423":{"name":"(anonymous_423)","line":2303,"loc":{"start":{"line":2303,"column":43},"end":{"line":2303,"column":55}}},"424":{"name":"_partitionEithers","line":2305,"loc":{"start":{"line":2305,"column":6},"end":{"line":2305,"column":37}}},"425":{"name":"(anonymous_425)","line":2314,"loc":{"start":{"line":2314,"column":31},"end":{"line":2314,"column":43}}}},"statementMap":{"1":{"start":{"line":2,"column":0},"end":{"line":2334,"column":5}},"2":{"start":{"line":8,"column":0},"end":{"line":8,"column":53}},"3":{"start":{"line":9,"column":0},"end":{"line":9,"column":24}},"4":{"start":{"line":10,"column":0},"end":{"line":10,"column":25}},"5":{"start":{"line":11,"column":0},"end":{"line":11,"column":26}},"6":{"start":{"line":13,"column":0},"end":{"line":2319,"column":1}},"7":{"start":{"line":18,"column":2},"end":{"line":18,"column":32}},"8":{"start":{"line":19,"column":2},"end":{"line":19,"column":33}},"9":{"start":{"line":20,"column":2},"end":{"line":20,"column":34}},"10":{"start":{"line":25,"column":2},"end":{"line":25,"column":24}},"11":{"start":{"line":27,"column":2},"end":{"line":29,"column":3}},"12":{"start":{"line":28,"column":4},"end":{"line":28,"column":27}},"13":{"start":{"line":31,"column":2},"end":{"line":34,"column":4}},"14":{"start":{"line":36,"column":2},"end":{"line":36,"column":27}},"15":{"start":{"line":38,"column":2},"end":{"line":38,"column":18}},"16":{"start":{"line":40,"column":2},"end":{"line":43,"column":3}},"17":{"start":{"line":41,"column":4},"end":{"line":41,"column":26}},"18":{"start":{"line":42,"column":4},"end":{"line":42,"column":13}},"19":{"start":{"line":45,"column":2},"end":{"line":45,"column":77}},"20":{"start":{"line":45,"column":27},"end":{"line":45,"column":75}},"21":{"start":{"line":48,"column":2},"end":{"line":52,"column":3}},"22":{"start":{"line":49,"column":4},"end":{"line":49,"column":20}},"23":{"start":{"line":50,"column":4},"end":{"line":50,"column":26}},"24":{"start":{"line":51,"column":4},"end":{"line":51,"column":13}},"25":{"start":{"line":53,"column":2},"end":{"line":55,"column":3}},"26":{"start":{"line":54,"column":4},"end":{"line":54,"column":28}},"27":{"start":{"line":57,"column":2},"end":{"line":61,"column":3}},"28":{"start":{"line":58,"column":4},"end":{"line":60,"column":5}},"29":{"start":{"line":59,"column":6},"end":{"line":59,"column":72}},"30":{"start":{"line":70,"column":2},"end":{"line":72,"column":4}},"31":{"start":{"line":71,"column":4},"end":{"line":71,"column":74}},"32":{"start":{"line":75,"column":2},"end":{"line":75,"column":60}},"33":{"start":{"line":75,"column":27},"end":{"line":75,"column":58}},"34":{"start":{"line":76,"column":2},"end":{"line":76,"column":58}},"35":{"start":{"line":76,"column":27},"end":{"line":76,"column":56}},"36":{"start":{"line":77,"column":2},"end":{"line":77,"column":58}},"37":{"start":{"line":77,"column":27},"end":{"line":77,"column":56}},"38":{"start":{"line":82,"column":2},"end":{"line":113,"column":7}},"39":{"start":{"line":83,"column":4},"end":{"line":94,"column":43}},"40":{"start":{"line":96,"column":4},"end":{"line":112,"column":6}},"41":{"start":{"line":97,"column":6},"end":{"line":97,"column":31}},"42":{"start":{"line":99,"column":6},"end":{"line":103,"column":7}},"43":{"start":{"line":100,"column":8},"end":{"line":102,"column":9}},"44":{"start":{"line":101,"column":10},"end":{"line":101,"column":28}},"45":{"start":{"line":104,"column":6},"end":{"line":110,"column":7}},"46":{"start":{"line":105,"column":8},"end":{"line":109,"column":9}},"47":{"start":{"line":106,"column":10},"end":{"line":108,"column":11}},"48":{"start":{"line":107,"column":12},"end":{"line":107,"column":38}},"49":{"start":{"line":111,"column":6},"end":{"line":111,"column":20}},"50":{"start":{"line":119,"column":2},"end":{"line":135,"column":7}},"51":{"start":{"line":121,"column":4},"end":{"line":123,"column":6}},"52":{"start":{"line":122,"column":6},"end":{"line":122,"column":19}},"53":{"start":{"line":125,"column":4},"end":{"line":128,"column":6}},"54":{"start":{"line":126,"column":6},"end":{"line":126,"column":28}},"55":{"start":{"line":127,"column":6},"end":{"line":127,"column":18}},"56":{"start":{"line":130,"column":4},"end":{"line":132,"column":6}},"57":{"start":{"line":131,"column":6},"end":{"line":131,"column":37}},"58":{"start":{"line":134,"column":4},"end":{"line":134,"column":15}},"59":{"start":{"line":138,"column":2},"end":{"line":138,"column":30}},"60":{"start":{"line":138,"column":19},"end":{"line":138,"column":28}},"61":{"start":{"line":141,"column":2},"end":{"line":141,"column":49}},"62":{"start":{"line":141,"column":29},"end":{"line":141,"column":47}},"63":{"start":{"line":148,"column":2},"end":{"line":192,"column":3}},"64":{"start":{"line":149,"column":4},"end":{"line":149,"column":14}},"65":{"start":{"line":150,"column":4},"end":{"line":150,"column":14}},"66":{"start":{"line":151,"column":4},"end":{"line":151,"column":19}},"67":{"start":{"line":153,"column":4},"end":{"line":153,"column":16}},"68":{"start":{"line":154,"column":4},"end":{"line":154,"column":16}},"69":{"start":{"line":156,"column":4},"end":{"line":156,"column":18}},"70":{"start":{"line":157,"column":4},"end":{"line":157,"column":17}},"71":{"start":{"line":160,"column":4},"end":{"line":171,"column":5}},"72":{"start":{"line":161,"column":6},"end":{"line":170,"column":7}},"73":{"start":{"line":162,"column":8},"end":{"line":162,"column":22}},"74":{"start":{"line":163,"column":8},"end":{"line":163,"column":25}},"75":{"start":{"line":164,"column":8},"end":{"line":164,"column":22}},"76":{"start":{"line":165,"column":13},"end":{"line":170,"column":7}},"77":{"start":{"line":166,"column":8},"end":{"line":166,"column":25}},"78":{"start":{"line":168,"column":8},"end":{"line":168,"column":23}},"79":{"start":{"line":169,"column":8},"end":{"line":169,"column":22}},"80":{"start":{"line":174,"column":4},"end":{"line":189,"column":5}},"81":{"start":{"line":175,"column":6},"end":{"line":188,"column":7}},"82":{"start":{"line":176,"column":8},"end":{"line":178,"column":9}},"83":{"start":{"line":177,"column":10},"end":{"line":177,"column":19}},"84":{"start":{"line":179,"column":8},"end":{"line":179,"column":18}},"85":{"start":{"line":181,"column":8},"end":{"line":187,"column":9}},"86":{"start":{"line":182,"column":10},"end":{"line":182,"column":31}},"87":{"start":{"line":183,"column":10},"end":{"line":183,"column":23}},"88":{"start":{"line":185,"column":10},"end":{"line":185,"column":16}},"89":{"start":{"line":186,"column":10},"end":{"line":186,"column":20}},"90":{"start":{"line":191,"column":4},"end":{"line":191,"column":14}},"91":{"start":{"line":208,"column":2},"end":{"line":307,"column":4}},"92":{"start":{"line":213,"column":6},"end":{"line":221,"column":8}},"93":{"start":{"line":214,"column":8},"end":{"line":219,"column":9}},"94":{"start":{"line":216,"column":10},"end":{"line":218,"column":12}},"95":{"start":{"line":217,"column":12},"end":{"line":217,"column":28}},"96":{"start":{"line":220,"column":8},"end":{"line":220,"column":24}},"97":{"start":{"line":224,"column":6},"end":{"line":236,"column":8}},"98":{"start":{"line":225,"column":8},"end":{"line":234,"column":9}},"99":{"start":{"line":227,"column":10},"end":{"line":229,"column":13}},"100":{"start":{"line":228,"column":12},"end":{"line":228,"column":31}},"101":{"start":{"line":231,"column":10},"end":{"line":233,"column":12}},"102":{"start":{"line":232,"column":12},"end":{"line":232,"column":31}},"103":{"start":{"line":235,"column":8},"end":{"line":235,"column":27}},"104":{"start":{"line":239,"column":6},"end":{"line":255,"column":8}},"105":{"start":{"line":240,"column":8},"end":{"line":253,"column":9}},"106":{"start":{"line":242,"column":10},"end":{"line":244,"column":13}},"107":{"start":{"line":243,"column":12},"end":{"line":243,"column":34}},"108":{"start":{"line":246,"column":10},"end":{"line":248,"column":13}},"109":{"start":{"line":247,"column":12},"end":{"line":247,"column":34}},"110":{"start":{"line":250,"column":10},"end":{"line":252,"column":12}},"111":{"start":{"line":251,"column":12},"end":{"line":251,"column":34}},"112":{"start":{"line":254,"column":8},"end":{"line":254,"column":30}},"113":{"start":{"line":258,"column":6},"end":{"line":278,"column":8}},"114":{"start":{"line":259,"column":8},"end":{"line":276,"column":9}},"115":{"start":{"line":261,"column":10},"end":{"line":263,"column":13}},"116":{"start":{"line":262,"column":12},"end":{"line":262,"column":37}},"117":{"start":{"line":265,"column":10},"end":{"line":267,"column":13}},"118":{"start":{"line":266,"column":12},"end":{"line":266,"column":37}},"119":{"start":{"line":269,"column":10},"end":{"line":271,"column":13}},"120":{"start":{"line":270,"column":12},"end":{"line":270,"column":37}},"121":{"start":{"line":273,"column":10},"end":{"line":275,"column":12}},"122":{"start":{"line":274,"column":12},"end":{"line":274,"column":37}},"123":{"start":{"line":277,"column":8},"end":{"line":277,"column":33}},"124":{"start":{"line":281,"column":6},"end":{"line":305,"column":8}},"125":{"start":{"line":282,"column":8},"end":{"line":303,"column":9}},"126":{"start":{"line":284,"column":10},"end":{"line":286,"column":13}},"127":{"start":{"line":285,"column":12},"end":{"line":285,"column":40}},"128":{"start":{"line":288,"column":10},"end":{"line":290,"column":13}},"129":{"start":{"line":289,"column":12},"end":{"line":289,"column":40}},"130":{"start":{"line":292,"column":10},"end":{"line":294,"column":13}},"131":{"start":{"line":293,"column":12},"end":{"line":293,"column":40}},"132":{"start":{"line":296,"column":10},"end":{"line":298,"column":13}},"133":{"start":{"line":297,"column":12},"end":{"line":297,"column":40}},"134":{"start":{"line":300,"column":10},"end":{"line":302,"column":12}},"135":{"start":{"line":301,"column":12},"end":{"line":301,"column":40}},"136":{"start":{"line":304,"column":8},"end":{"line":304,"column":36}},"137":{"start":{"line":311,"column":2},"end":{"line":311,"column":66}},"138":{"start":{"line":311,"column":35},"end":{"line":311,"column":63}},"139":{"start":{"line":314,"column":2},"end":{"line":314,"column":23}},"140":{"start":{"line":315,"column":2},"end":{"line":325,"column":3}},"141":{"start":{"line":316,"column":4},"end":{"line":316,"column":18}},"142":{"start":{"line":317,"column":4},"end":{"line":323,"column":5}},"143":{"start":{"line":318,"column":6},"end":{"line":318,"column":10}},"144":{"start":{"line":319,"column":6},"end":{"line":322,"column":42}},"145":{"start":{"line":324,"column":4},"end":{"line":324,"column":33}},"146":{"start":{"line":328,"column":2},"end":{"line":328,"column":24}},"147":{"start":{"line":331,"column":2},"end":{"line":333,"column":3}},"148":{"start":{"line":332,"column":4},"end":{"line":332,"column":78}},"149":{"start":{"line":335,"column":2},"end":{"line":341,"column":3}},"150":{"start":{"line":336,"column":4},"end":{"line":336,"column":36}},"151":{"start":{"line":337,"column":4},"end":{"line":337,"column":68}},"152":{"start":{"line":337,"column":52},"end":{"line":337,"column":65}},"153":{"start":{"line":338,"column":4},"end":{"line":338,"column":43}},"154":{"start":{"line":339,"column":4},"end":{"line":339,"column":32}},"155":{"start":{"line":340,"column":4},"end":{"line":340,"column":17}},"156":{"start":{"line":343,"column":2},"end":{"line":346,"column":3}},"157":{"start":{"line":344,"column":4},"end":{"line":344,"column":19}},"158":{"start":{"line":345,"column":4},"end":{"line":345,"column":13}},"159":{"start":{"line":351,"column":2},"end":{"line":384,"column":3}},"160":{"start":{"line":352,"column":4},"end":{"line":352,"column":42}},"161":{"start":{"line":354,"column":4},"end":{"line":354,"column":22}},"162":{"start":{"line":356,"column":4},"end":{"line":371,"column":5}},"163":{"start":{"line":357,"column":6},"end":{"line":357,"column":25}},"164":{"start":{"line":358,"column":6},"end":{"line":370,"column":7}},"165":{"start":{"line":360,"column":8},"end":{"line":360,"column":26}},"166":{"start":{"line":361,"column":8},"end":{"line":361,"column":14}},"167":{"start":{"line":363,"column":8},"end":{"line":363,"column":16}},"168":{"start":{"line":364,"column":8},"end":{"line":364,"column":14}},"169":{"start":{"line":367,"column":8},"end":{"line":367,"column":47}},"170":{"start":{"line":368,"column":8},"end":{"line":368,"column":14}},"171":{"start":{"line":372,"column":4},"end":{"line":372,"column":52}},"172":{"start":{"line":373,"column":4},"end":{"line":375,"column":5}},"173":{"start":{"line":374,"column":6},"end":{"line":374,"column":36}},"174":{"start":{"line":377,"column":4},"end":{"line":377,"column":26}},"175":{"start":{"line":378,"column":4},"end":{"line":378,"column":34}},"176":{"start":{"line":379,"column":4},"end":{"line":379,"column":31}},"177":{"start":{"line":380,"column":4},"end":{"line":380,"column":54}},"178":{"start":{"line":381,"column":4},"end":{"line":381,"column":35}},"179":{"start":{"line":383,"column":4},"end":{"line":383,"column":20}},"180":{"start":{"line":397,"column":2},"end":{"line":399,"column":5}},"181":{"start":{"line":401,"column":2},"end":{"line":403,"column":18}},"182":{"start":{"line":404,"column":2},"end":{"line":406,"column":16}},"183":{"start":{"line":407,"column":2},"end":{"line":409,"column":15}},"184":{"start":{"line":410,"column":2},"end":{"line":412,"column":16}},"185":{"start":{"line":413,"column":2},"end":{"line":415,"column":18}},"186":{"start":{"line":419,"column":2},"end":{"line":419,"column":21}},"187":{"start":{"line":421,"column":2},"end":{"line":423,"column":10}},"188":{"start":{"line":425,"column":2},"end":{"line":431,"column":5}},"189":{"start":{"line":428,"column":4},"end":{"line":430,"column":6}},"190":{"start":{"line":429,"column":6},"end":{"line":429,"column":15}},"191":{"start":{"line":433,"column":2},"end":{"line":440,"column":5}},"192":{"start":{"line":439,"column":4},"end":{"line":439,"column":13}},"193":{"start":{"line":442,"column":2},"end":{"line":446,"column":5}},"194":{"start":{"line":445,"column":4},"end":{"line":445,"column":16}},"195":{"start":{"line":448,"column":2},"end":{"line":452,"column":5}},"196":{"start":{"line":451,"column":4},"end":{"line":451,"column":19}},"197":{"start":{"line":454,"column":2},"end":{"line":458,"column":5}},"198":{"start":{"line":457,"column":4},"end":{"line":457,"column":22}},"199":{"start":{"line":460,"column":2},"end":{"line":466,"column":5}},"200":{"start":{"line":463,"column":4},"end":{"line":465,"column":7}},"201":{"start":{"line":464,"column":6},"end":{"line":464,"column":21}},"202":{"start":{"line":469,"column":2},"end":{"line":473,"column":5}},"203":{"start":{"line":472,"column":4},"end":{"line":472,"column":25}},"204":{"start":{"line":478,"column":2},"end":{"line":478,"column":19}},"205":{"start":{"line":480,"column":2},"end":{"line":482,"column":46}},"206":{"start":{"line":482,"column":28},"end":{"line":482,"column":42}},"207":{"start":{"line":484,"column":2},"end":{"line":486,"column":45}},"208":{"start":{"line":486,"column":27},"end":{"line":486,"column":41}},"209":{"start":{"line":488,"column":2},"end":{"line":490,"column":47}},"210":{"start":{"line":490,"column":29},"end":{"line":490,"column":43}},"211":{"start":{"line":492,"column":2},"end":{"line":496,"column":5}},"212":{"start":{"line":495,"column":4},"end":{"line":495,"column":27}},"213":{"start":{"line":501,"column":2},"end":{"line":501,"column":18}},"214":{"start":{"line":503,"column":2},"end":{"line":505,"column":45}},"215":{"start":{"line":505,"column":27},"end":{"line":505,"column":41}},"216":{"start":{"line":507,"column":2},"end":{"line":509,"column":45}},"217":{"start":{"line":509,"column":27},"end":{"line":509,"column":41}},"218":{"start":{"line":511,"column":2},"end":{"line":513,"column":50}},"219":{"start":{"line":513,"column":30},"end":{"line":513,"column":46}},"220":{"start":{"line":515,"column":2},"end":{"line":517,"column":57}},"221":{"start":{"line":517,"column":34},"end":{"line":517,"column":53}},
[...]
:{"line":1881,"column":8},"end":{"line":1881,"column":8}}]},"177":{"line":1888,"type":"if","locations":[{"start":{"line":1888,"column":6},"end":{"line":1888,"column":6}},{"start":{"line":1888,"column":6},"end":{"line":1888,"column":6}}]},"178":{"line":1898,"type":"if","locations":[{"start":{"line":1898,"column":4},"end":{"line":1898,"column":4}},{"start":{"line":1898,"column":4},"end":{"line":1898,"column":4}}]},"179":{"line":1901,"type":"if","locations":[{"start":{"line":1901,"column":4},"end":{"line":1901,"column":4}},{"start":{"line":1901,"column":4},"end":{"line":1901,"column":4}}]},"180":{"line":1905,"type":"if","locations":[{"start":{"line":1905,"column":6},"end":{"line":1905,"column":6}},{"start":{"line":1905,"column":6},"end":{"line":1905,"column":6}}]},"181":{"line":1924,"type":"if","locations":[{"start":{"line":1924,"column":6},"end":{"line":1924,"column":6}},{"start":{"line":1924,"column":6},"end":{"line":1924,"column":6}}]},"182":{"line":1937,"type":"cond-expr","locations":[{"start":{"line":1937,"column":18},"end":{"line":1937,"column":20}},{"start":{"line":1937,"column":23},"end":{"line":1937,"column":25}}]},"183":{"line":1939,"type":"if","locations":[{"start":{"line":1939,"column":4},"end":{"line":1939,"column":4}},{"start":{"line":1939,"column":4},"end":{"line":1939,"column":4}}]},"184":{"line":1949,"type":"if","locations":[{"start":{"line":1949,"column":6},"end":{"line":1949,"column":6}},{"start":{"line":1949,"column":6},"end":{"line":1949,"column":6}}]},"185":{"line":1961,"type":"if","locations":[{"start":{"line":1961,"column":6},"end":{"line":1961,"column":6}},{"start":{"line":1961,"column":6},"end":{"line":1961,"column":6}}]},"186":{"line":1986,"type":"if","locations":[{"start":{"line":1986,"column":6},"end":{"line":1986,"column":6}},{"start":{"line":1986,"column":6},"end":{"line":1986,"column":6}}]},"187":{"line":2004,"type":"if","locations":[{"start":{"line":2004,"column":6},"end":{"line":2004,"column":6}},{"start":{"line":2004,"column":6},"end":{"line":2004,"column":6}}]},"188":{"line":2008,"type":"cond-expr","locations":[{"start":{"line":2008,"column":26},"end":{"line":2008,"column":42}},{"start":{"line":2008,"column":45},"end":{"line":2008,"column":47}}]},"189":{"line":2022,"type":"if","locations":[{"start":{"line":2022,"column":6},"end":{"line":2022,"column":6}},{"start":{"line":2022,"column":6},"end":{"line":2022,"column":6}}]},"190":{"line":2039,"type":"if","locations":[{"start":{"line":2039,"column":6},"end":{"line":2039,"column":6}},{"start":{"line":2039,"column":6},"end":{"line":2039,"column":6}}]},"191":{"line":2050,"type":"if","locations":[{"start":{"line":2050,"column":4},"end":{"line":2050,"column":4}},{"start":{"line":2050,"column":4},"end":{"line":2050,"column":4}}]},"192":{"line":2053,"type":"cond-expr","locations":[{"start":{"line":2053,"column":28},"end":{"line":2053,"column":49}},{"start":{"line":2053,"column":52},"end":{"line":2053,"column":69}}]},"193":{"line":2054,"type":"if","locations":[{"start":{"line":2054,"column":4},"end":{"line":2054,"column":4}},{"start":{"line":2054,"column":4},"end":{"line":2054,"column":4}}]},"194":{"line":2056,"type":"if","locations":[{"start":{"line":2056,"column":11},"end":{"line":2056,"column":11}},{"start":{"line":2056,"column":11},"end":{"line":2056,"column":11}}]},"195":{"line":2061,"type":"cond-expr","locations":[{"start":{"line":2061,"column":26},"end":{"line":2061,"column":37}},{"start":{"line":2061,"column":40},"end":{"line":2061,"column":42}}]},"196":{"line":2068,"type":"if","locations":[{"start":{"line":2068,"column":6},"end":{"line":2068,"column":6}},{"start":{"line":2068,"column":6},"end":{"line":2068,"column":6}}]},"197":{"line":2079,"type":"if","locations":[{"start":{"line":2079,"column":4},"end":{"line":2079,"column":4}},{"start":{"line":2079,"column":4},"end":{"line":2079,"column":4}}]},"198":{"line":2089,"type":"if","locations":[{"start":{"line":2089,"column":6},"end":{"line":2089,"column":6}},{"start":{"line":2089,"column":6},"end":{"line":2089,"column":6}}]},"199":{"line":2103,"type":"if","locations":[{"start":{"line":2103,"column":4},"end":{"line":2103,"column":4}},{"start":{"line":2103,"column":4},"end":{"line":2103,"column":4}}]},"200":{"line":2110,"type":"if","locations":[{"start":{"line":2110,"column":6},"end":{"line":2110,"column":6}},{"start":{"line":2110,"column":6},"end":{"line":2110,"column":6}}]},"201":{"line":2119,"type":"cond-expr","locations":[{"start":{"line":2119,"column":26},"end":{"line":2119,"column":54}},{"start":{"line":2119,"column":57},"end":{"line":2119,"column":59}}]},"202":{"line":2129,"type":"if","locations":[{"start":{"line":2129,"column":4},"end":{"line":2129,"column":4}},{"start":{"line":2129,"column":4},"end":{"line":2129,"column":4}}]},"203":{"line":2133,"type":"if","locations":[{"start":{"line":2133,"column":4},"end":{"line":2133,"column":4}},{"start":{"line":2133,"column":4},"end":{"line":2133,"column":4}}]},"204":{"line":2137,"type":"cond-expr","locations":[{"start":{"line":2137,"column":29},"end":{"line":2137,"column":50}},{"start":{"line":2137,"column":53},"end":{"line":2137,"column":70}}]},"205":{"line":2139,"type":"cond-expr","locations":[{"start":{"line":2139,"column":27},"end":{"line":2139,"column":38}},{"start":{"line":2139,"column":41},"end":{"line":2139,"column":43}}]},"206":{"line":2146,"type":"if","locations":[{"start":{"line":2146,"column":6},"end":{"line":2146,"column":6}},{"start":{"line":2146,"column":6},"end":{"line":2146,"column":6}}]},"207":{"line":2157,"type":"if","locations":[{"start":{"line":2157,"column":6},"end":{"line":2157,"column":6}},{"start":{"line":2157,"column":6},"end":{"line":2157,"column":6}}]},"208":{"line":2172,"type":"if","locations":[{"start":{"line":2172,"column":4},"end":{"line":2172,"column":4}},{"start":{"line":2172,"column":4},"end":{"line":2172,"column":4}}]},"209":{"line":2172,"type":"binary-expr","locations":[{"start":{"line":2172,"column":8},"end":{"line":2172,"column":27}},{"start":{"line":2172,"column":31},"end":{"line":2172,"column":45}}]},"210":{"line":2181,"type":"binary-expr","locations":[{"start":{"line":2181,"column":11},"end":{"line":2181,"column":30}},{"start":{"line":2181,"column":34},"end":{"line":2181,"column":48}}]},"211":{"line":2187,"type":"binary-expr","locations":[{"start":{"line":2187,"column":11},"end":{"line":2187,"column":30}},{"start":{"line":2187,"column":34},"end":{"line":2187,"column":48}}]},"212":{"line":2193,"type":"if","locations":[{"start":{"line":2193,"column":4},"end":{"line":2193,"column":4}},{"start":{"line":2193,"column":4},"end":{"line":2193,"column":4}}]},"213":{"line":2193,"type":"binary-expr","locations":[{"start":{"line":2193,"column":8},"end":{"line":2193,"column":27}},{"start":{"line":2193,"column":31},"end":{"line":2193,"column":45}}]},"214":{"line":2202,"type":"if","locations":[{"start":{"line":2202,"column":4},"end":{"line":2202,"column":4}},{"start":{"line":2202,"column":4},"end":{"line":2202,"column":4}}]},"215":{"line":2204,"type":"cond-expr","locations":[{"start":{"line":2204,"column":25},"end":{"line":2204,"column":29}},{"start":{"line":2204,"column":32},"end":{"line":2204,"column":33}}]},"216":{"line":2212,"type":"if","locations":[{"start":{"line":2212,"column":4},"end":{"line":2212,"column":4}},{"start":{"line":2212,"column":4},"end":{"line":2212,"column":4}}]},"217":{"line":2212,"type":"binary-expr","locations":[{"start":{"line":2212,"column":8},"end":{"line":2212,"column":27}},{"start":{"line":2212,"column":31},"end":{"line":2212,"column":45}}]},"218":{"line":2234,"type":"binary-expr","locations":[{"start":{"line":2234,"column":15},"end":{"line":2234,"column":26}},{"start":{"line":2234,"column":30},"end":{"line":2234,"column":39}}]},"219":{"line":2235,"type":"if","locations":[{"start":{"line":2235,"column":4},"end":{"line":2235,"column":4}},{"start":{"line":2235,"column":4},"end":{"line":2235,"column":4}}]},"220":{"line":2238,"type":"binary-expr","locations":[{"start":{"line":2238,"column":16},"end":{"line":2238,"column":28}},{"start":{"line":2238,"column":32},"end":{"line":2238,"column":41}}]},"221":{"line":2239,"type":"if","locations":[{"start":{"line":2239,"column":4},"end":{"line":2239,"column":4}},{"start":{"line":2239,"column":4},"end":{"line":2239,"column":4}}]},"222":{"line":2260,"type":"binary-expr","locations":[{"start":{"line":2260,"column":11},"end":{"line":2260,"column":33}},{"start":{"line":2261,"column":7},"end":{"line":2261,"column":27}},{"start":{"line":2261,"column":31},"end":{"line":2261,"column":46}}]},"223":{"line":2267,"type":"binary-expr","locations":[{"start":{"line":2267,"column":12},"end":{"line":2267,"column":35}},{"start":{"line":2267,"column":39},"end":{"line":2267,"column":59}},{"start":{"line":2268,"column":6},"end":{"line":2268,"column":25}}]},"224":{"line":2274,"type":"if","locations":[{"start":{"line":2274,"column":4},"end":{"line":2274,"column":4}},{"start":{"line":2274,"column":4},"end":{"line":2274,"column":4}}]},"225":{"line":2283,"type":"if","locations":[{"start":{"line":2283,"column":4},"end":{"line":2283,"column":4}},{"start":{"line":2283,"column":4},"end":{"line":2283,"column":4}}]},"226":{"line":2325,"type":"if","locations":[{"start":{"line":2325,"column":0},"end":{"line":2325,"column":0}},{"start":{"line":2325,"column":0},"end":{"line":2325,"column":0}}]},"227":{"line":2325,"type":"binary-expr","locations":[{"start":{"line":2325,"column":4},"end":{"line":2325,"column":33}},{"start":{"line":2325,"column":37},"end":{"line":2325,"column":51}}]},"228":{"line":2327,"type":"if","locations":[{"start":{"line":2327,"column":7},"end":{"line":2327,"column":7}},{"start":{"line":2327,"column":7},"end":{"line":2327,"column":7}}]},"229":{"line":2327,"type":"binary-expr","locations":[{"start":{"line":2327,"column":11},"end":{"line":2327,"column":39}},{"start":{"line":2327,"column":43},"end":{"line":2327,"column":53}}]}},"l":{"2":1,"8":1,"9":1,"10":1,"11":1,"13":1,"18":24,"19":24,"20":24,"25":24,"27":1,"28":16,"31":24,"36":24,"38":24,"40":1,"41":171,"42":171,"45":629,"48":1,"49":22,"50":22,"51":22,"53":1,"54":99,"57":1,"58":70,"59":1,"70":24,"71":6,"75":5515,"76":104,"77":6,"82":24,"83":2,"96":2,"97":4,"99":4,"100":8,"101":6,"104":4,"105":2,"106":14,"107":1,"111":4,"119":24,"121":24,"122":18,"125":24,"126":44,"127":44,"130":24,"131":58,"134":24,"138":2079,"141":21,"148":1,"149":10,"150":10,"151":10,"153":10,"154":10,"156":10,"157":10,"160":10,"161":5,"162":2,"163":2,"164":2,"165":3,"166":1,"168":2,"169":2,"174":10,"175":46,"176":22,"177":7,"179":15,"181":24,"182":5,"183":5,"185":19,"186":19,"191":3,"208":24,"213":2219,"214":1897,"216":359,"217":232,"220":1538,"224":406,"225":346,"227":63,"228":22,"231":208,"232":69,"235":75,"239":151,"240":197,"242":41,"243":25,"246":66,"247":41,"250":3,"251":3,"254":87,"258":26,"259":37,"261":29,"262":25,"265":4,"266":4,"269":2,"270":2,"273":1,"274":1,"277":1,"281":1,"282":6,"284":1,"285":1,"288":1,"289":1,"292":1,"293":1,"296":1,"297":1,"300":1,"301":1,"304":1,"311":4443,"314":24,"315":1,"316":4752,"317":4752,"318":4440,"319":4440,"324":4752,"328":24,"331":1,"332":336,"335":1,"336":4440,"337":4440,"338":4440,"339":4440,"340":4440,"343":1,"344":432,"345":432,"351":1,"352":4440,"354":4440,"356":4440,"357":14448,"358":14448,"360":5592,"361":5592,"363":4440,"364":4440,"367":4416,"368":4416,"372":4440,"373":4440,"374":5592,"377":4440,"378":4440,"379":4440,"380":4440,"381":4440,"383":4440,"397":24,"401":24,"404":24,"407":24,"410":24,"413":24,"419":24,"421":24,"425":24,"428":5,"429":5,"433":24,"439":6,"442":24,"445":3,"448":24,"451":30,"454":24,"457":27,"460":24,"463":215,"464":500,"469":24,"472":7,"478":24,"480":24,"482":9,"484":24,"486":9,"488":24,"490":18,"492":24,"495":4,"501":24,"503":24,"505":1,"507":24,"509":1,"511":24,"513":16,"515":24,"517":24,"519":24,"521":60,"526":24,"528":24,"531":172,"532":34,"534":138,"535":138,"536":138,"537":3,"539":135,"540":3,"541":3,"542":2,"543":1,"546":2,"548":132,"551":24,"554":7,"560":24,"563":225,"565":16,"567":12,"568":3,"569":9,"570":7,"571":11,"572":11,"573":5,"576":2,"578":2,"580":196,"582":1,"585":24,"588":104,"591":24,"594":31,"597":24,"600":3,"603":24,"606":16,"609":24,"612":18,"613":11,"615":7,"618":24,"621":90,"622":12,"624":78,"627":24,"630":3,"636":24,"638":24,"641":25,"644":24,"647":8,"653":24,"655":24,"658":34,"661":24,"664":3,"667":24,"670":45,"673":24,"677":24,"679":33,"681":24,"684":245,"685":82,"686":163,"687":75,"689":88,"695":24,"697":12,"699":24,"702":17,"703":17,"706":24,"708":29,"710":24,"713":8,"714":8,"715":8,"718":24,"721":4,"724":24,"727":4,"733":24,"735":2,"737":24,"739":2,"744":24,"748":24,"752":24,"756":24,"759":13,"762":24,"766":24,"770":24,"774":24,"778":24,"782":24,"786":24,"790":24,"793":6,"796":24,"799":6,"800":2,"801":4,"802":2,"804":2,"808":24,"811":2,"814":24,"817":6,"818":2,"820":4,"824":24,"827":6,"830":24,"833":2,"839":24,"842":12,"843":12,"846":24,"849":20,"851":9,"853":9,"855":2,"858":24,"862":10,"863":10,"864":10,"865":10,"867":2,"869":6,"871":2,"875":24,"879":24,"891":24,"895":3,"896":3,"897":13,"898":13,"899":13,"901":3,"904":24,"908":2,"909":1,"911":1,"914":24,"916":10,"918":24,"920":5,"923":24,"925":24,"928":1,"929":4,"931":1,"934":24,"937":6,"938":6,"939":6,"940":3,"941":3,"943":3,"945":6,"946":5,"947":2,"949":3,"951":5,"952":9,"953":9,"955":1,"959":6,"960":1,"961":5,"962":0,"964":6,"968":24,"970":24,"973":139,"974":28,"976":111,"977":4,"978":9,"981":107,"982":107,"983":385,"984":293,"986":92,"990":24,"993":59,"994":5,"996":54,"997":54,"998":54,"999":176,"1001":54,"1004":24,"1007":13,"1008":1,"1010":12,"1011":12,"1012":53,"1014":12,"1017":24,"1020":3,"1021":1,"1022":1,"1023":3,"1025":2,"1026":1,"1027":3,"1030":1,"1031":1,"1032":2,"1037":24,"1040":5,"1041":2,"1042":1,"1044":1,"1045":1,"1046":1,"1047":1,"1048":12,"1049":12,"1050":4,"1051":3,"1052":3,"1054":1,"1056":9,"1057":2,"1059":9,"1061":3,"1062":2,"1063":2,"1064":18,"1065":4,"1067":18,"1070":1,"1071":1,"1072":1,"1073":6,"1074":1,"1076":6,"1081":24,"1084":8,"1085":16,"1089":24,"1092":1,"1093":3,"1094":3,"1095":3,"1100":24,"1102":24,"1105":4,"1106":4,"1107":1,"1109":4,"1112":24,"1115":4,"1118":24,"1121":3,"1124":24,"1127":1,"1131":24,"1133":24,"1136":33,"1137":7,"1138":7,"1139":31,"1140":7,"1141":7,"1143":24,"1146":26,"1147":26,"1148":26,"1151":24,"1154":14,"1155":4,"1156":4,"1157":1,"1159":3,"1160":3,"1161":3,"1162":15,"1163":6,"1165":9,"1166":9,"1167":3,"1168":3,"1170":6,"1173":10,"1174":4,"1176":6,"1177":6,"1178":6,"1179":6,"1182":24,"1185":35,"1186":2,"1187":4,"1188":4,"1189":1,"1191":3,"1194":33,"1195":33,"1196":13,"1197":13,"1198":48,"1200":13,"1202":20,"1203":20,"1204":20,"1205":189,"1207":20,"1210":24,"1213":13,"1214":2,"1215":8,"1216":8,"1217":9,"1218":7,"1221":1,"1224":11,"1225":11,"1226":10,"1227":10,"1228":51,"1229":23,"1232":10,"1234":1,"1235":1,"1236":1,"1237":3,"1238":2,"1241":1,"1244":24,"1247":5,"1248":3,"1249":3,"1251":2,"1254":24,"1257":3,"1258":1,"1259":1,"1260":1,"1261":3,"1263":1,"1265":2,"1268":24,"1271":3,"1272":1,"1273":1,"1275":2,"1278":24,"1281":3,"1282":1,"1283":1,"1284":1,"1285":3,"1286":3,"1287":1,"1289":2,"1290":2,"1291":2,"1294":2,"1297":24,"1300":6,"1301":2,"1303":4,"1306":24,"1309":8,"1310":4,"1311":2,"1313":2,"1314":2,"1315":7,"1317":2,"1319":4,"1322":24,"1325":4,"1328":24,"1331":18,"1332":4,"1333":4,"1334":10,"1335":1,"1338":3,"1339":3,"1341":14,"1344":24,"1347":3,"1348":1,"1349":1,"1350":1,"1351":1,"1352":5,"1353":1,"1355":4,"1358":2,"1359":2,"1360":2,"1363":24,"1366":21,"1367":14,"1368":14,"1369":82,"1370":68,"1372":14,"1375":7,"1378":24,"1381":10,"1382":1,"1383":3,"1385":1,"1387":9,"1390":24,"1393":3,"1396":24,"1399":5,"1400":2,"1401":2,"1402":8,"1403":8,"1404":2,"1405":2,"1407":6,"1410":3,"1411":3,"1412":9,"1414":3,"1417":24,"1420":3,"1421":1,"1422":1,"1424":1,"1426":2,"1427":2,"1428":6,"1430":2,"1433":24,"1436":2,"1437":2,"1438":2,"1440":2,"1443":24,"1446":2,"1447":2,"1448":3,"1450":2,"1453":24,"1456":6,"1457":2,"1458":2,"1459":5,"1460":1,"1463":1,"1465":4,"1466":9,"1467":2,"1470":2,"1473":24,"1476":7,"1477":2,"1478":2,"1479":5,"1480":1,"1483":1,"1485":5,"1486":9,"1487":2,"1490":3,"1493":24,"1496":2,"1497":1,"1498":2,"1499":1,"1503":1,"1506":24,"1509":40,"1510":40,"1511":2,"1513":40,"1514":150,"1516":40,"1517":1,"1519":39,"1522":24,"1525":5,"1526":5,"1527":2,"1529":5,"1530":5,"1531":25,"1533":5,"1534":1,"1536":4,"1539":24,"1542":1,"1543":4,"1545":1,"1548":24,"1551":1,"1552":1,"1553":3,"1555":1,"1558":24,"1560":24,"1562":24,"1564":24,"1566":24,"1568":24,"1570":24,"1572":24,"1574":24,"1576":24,"1578":24,"1580":24,"1582":24,"1585":4,"1586":7,"1587":2,"1590":2,"1593":24,"1596":4,"1597":5,"1598":2,"1601":2,"1604":24,"1607":4,"1608":3,"1609":11,"1610":11,"1611":2,"1613":9,"1614":9,"1617":1,"1618":1,"1619":4,"1620":4,"1622":1,"1625":24,"1628":2,"1629":1,"1631":1,"1632":1,"1633":1,"1634":3,"1635":3,"1637":1,"1640":24,"1643":1,"1644":1,"1645":4,"1646":4,"1648":1,"1651":24,"1654":1,"1655":1,"1656":1,"1657":3,"1658":3,"1660":1,"1663":24,"1666":6,"1667":2,"1669":4,"1670":4,"1671":4,"1672":7,"1674":4,"1677":24,"1679":24,"1681":24,"1684":4,"1685":4,"1686":13,"1688":4,"1691":24,"1694":7,"1695":3,"1696":3,"1697":3,"1698":12,"1699":12,"1700":12,"1701":3,"1703":9,"1706":4,"1707":4,"1708":4,"1709":13,"1711":4,"1714":24,"1717":8,"1718":4,"1719":4,"1720":4,"1721":4,"1722":16,"1723":16,"1724":16,"1725":16,"1726":4,"1728":12,"1731":4,"1732":4,"1733":4,"1734":12,"1736":4,"1739":24,"1742":20,"1743":5,"1744":5,"1745":5,"1746":5,"1747":5,"1748":20,"1749":20,"1750":20,"1751":20,"1752":20,"1753":5,"1755":15,"1758":15,"1759":15,"1760":15,"1761":45,"1763":15,"1766":24,"1768":24,"1770":24,"1772":24,"1774":24,"1776":24,"1781":24,"1784":4,"1785":2,"1787":2,"1788":2,"1789":3,"1790":3,"1792":2,"1795":24,"1798":2,"1801":24,"1804":3,"1805":1,"1806":1,"1807":1,"1808":3,"1810":1,"1812":2,"1813":2,"1814":2,"1815":2,"1816":10,"1817":10,"1818":30,"1819":18,"1822":10,"1824":2,"1825":1,"1827":2,"1857":24,"1859":24,"1861":24,"1863":24,"1865":24,"1867":24,"1869":24,"1871":24,"1873":24,"1876":10,"1877":4,"1879":10,"1880":4,"1881":6,"1882":2,"1885":2,"1887":6,"1888":9,"1889":3,"1892":3,"1895":24,"1898":10,"1899":4,"1901":10,"1902":4,"1904":10,"1905":15,"1906":5,"1909":5,"1912":24,"1915":10,"1918":24,"1920":24,"1923":4,"1924":6,"1925":2,"1928":2,"1931":24,"1934":2,"1935":2,"1936":2,"1937":19,"1939":2,"1940":1,"1942":1,"1945":24,"1948":8,"1949":40,"1950":4,"1953":4,"1956":24,"1959":8,"1960":8,"1961":44,"1962":8,"1965":8,"1968":24,"1971":4,"1974":24,"1977":4,"1980":24,"1983":3,"1984":3,"1985":3,"1986":18,"1987":9,"1988":9,"1991":3,"1994":24,"1997":5,"1998":5,"1999":5,"2000":12,"2002":5,"2003":5,"2004":18,"2005":3,"2008":5,"2011":24,"2014":7,"2015":7,"2016":7,"2017":7,"2018":11,"2019":11,"2021":7,"2022":13,"2023":3,"2026":7,"2029":24,"2032":3,"2033":3,"2034":3,"2035":3,"2036":12,"2038":3,"2039":9,"2040":6,"2043":3,"2046":24,"2049":10,"2050":10,"2051":4,"2053":6,"2054":6,"2055":17,"2056":5,"2057":262,"2059":3,"2061":6,"2064":24,"2067":3,"2068":10,"2069":2,"2072":1,"2075":24,"2078":3,"2079":3,"2080":2,"2082":1,"2085":24,"2088":2,"2089":6,"2090":1,"2093":1,"2096":24,"2098":24,"2100":24,"2103":5,"2104":2,"2106":3,"2107":3,"2108":3,"2109":3,"2110":24,"2111":3,"2113":21,"2114":21,"2116":24,"2118":3,"2119":3,"2122":24,"2124":24,"2126":24,"2129":9,"2130":3,"2131":2,"2133":8,"2134":3,"2136":5,"2137":5,"2138":5,"2139":5,"2142":24,"2145":1,"2146":8,"2147":7,"2149":1,"2153":24,"2156":1,"2157":8,"2158":6,"2160":2,"2167":24,"2169":24,"2172":3,"2173":1,"2175":2,"2178":24,"2181":21,"2184":24,"2187":9,"2190":24,"2193":7,"2194":2,"2196":5,"2199":24,"2202":5,"2203":2,"2204":2,"2206":3,"2209":24,"2212":3,"2213":2,"2215":1,"2218":24,"2220":24,"2222":24,"2224":24,"2229":24,"2231":24,"2234":5,"2235":5,"2236":2,"2238":3,"2239":3,"2240":2,"2242":1,"2245":24,"2248":14,"2251":24,"2254":14,"2257":24,"2260":23,"2264":24,"2267":15,"2271":24,"2274":7,"2275":6,"2277":1,"2280":24,"2283":7,"2284":6,"2286":1,"2289":24,"2296":24,"2303":24,"2306":1,"2312":24,"2314":24,"2318":24,"2321":1,"2325":1,"2326":1,"2327":0,"2328":0,"2330":0,"2331":0}}}
