{
"/Users/scravy/GithubWorkspace/scravy/nodash/nodash.js":{"path":"/Users/scravy/GithubWorkspace/scravy/nodash/nodash.js","s":{"1":1,"2":1,"3":1,"4":1,"5":1,"6":1,"7":1,"8":5,"9":5,"10":5,"11":5,"12":5,"13":5,"14":1,"15":16,"16":5,"17":5,"18":5,"19":1,"20":171,"21":171,"22":1,"23":1195,"24":1,"25":22,"26":22,"27":22,"28":1,"29":99,"30":1,"31":70,"32":1,"33":5,"34":6,"35":5,"36":285,"37":255,"38":30,"39":1,"40":11748,"41":1,"42":462,"43":1,"44":6,"45":1,"46":10414,"47":1,"48":3,"49":5,"50":2,"51":2,"52":4,"53":4,"54":8,"55":6,"56":4,"57":2,"58":14,"59":1,"60":4,"61":5,"62":5,"63":18,"64":5,"65":44,"66":44,"67":5,"68":58,"69":5,"70":5,"71":8,"72":5,"73":1,"74":1,"75":511,"76":1,"77":21,"78":1,"79":10,"80":10,"81":10,"82":10,"83":10,"84":10,"85":10,"86":10,"87":5,"88":2,"89":2,"90":2,"91":3,"92":1,"93":2,"94":2,"95":10,"96":46,"97":22,"98":7,"99":15,"100":24,"101":5,"102":5,"103":19,"104":19,"105":3,"106":5,"107":673,"108":2111,"109":135,"110":236,"111":1976,"112":102,"113":157,"114":25,"115":22,"116":56,"117":69,"118":76,"119":37,"120":140,"121":22,"122":25,"123":28,"124":41,"125":3,"126":3,"127":87,"128":7,"129":18,"130":10,"131":25,"132":4,"133":4,"134":2,"135":2,"136":1,"137":1,"138":1,"139":1,"140":6,"141":1,"142":1,"143":1,"144":1,"145":1,"146":1,"147":1,"148":1,"149":1,"150":1,"151":1,"152":5,"153":988,"154":5,"155":5,"156":5,"157":1,"158":75,"159":1,"160":985,"161":985,"162":985,"163":985,"164":985,"165":985,"166":1,"167":70,"168":70,"169":1,"170":985,"171":985,"172":985,"173":2210,"174":2210,"175":1225,"176":1225,"177":985,"178":985,"179":985,"180":985,"181":985,"182":1225,"183":985,"184":985,"185":985,"186":985,"187":985,"188":985,"189":5,"190":5,"191":5,"192":5,"193":5,"194":5,"195":5,"196":5,"197":5,"198":5,"199":5,"200":6,"201":6,"202":5,"203":6,"204":5,"205":3,"206":5,"207":1,"208":5,"209":30,"210":5,"211":27,"212":5,"213":227,"214":527,"215":5,"216":7,"217":5,"218":5,"219":9,"220":5,"221":9,"222":5,"223":18,"224":5,"225":4,"226":5,"227":5,"228":1,"229":5,"230":1,"231":5,"232":16,"233":5,"234":24,"235":5,"236":60,"237":5,"238":5,"239":174,"240":35,"241":139,"242":139,"243":139,"244":3,"245":136,"246":3,"247":3,"248":2,"249":1,"250":2,"251":133,"252":5,"253":9,"254":5,"255":225,"256":16,"257":12,"258":3,"259":9,"260":7,"261":11,"262":11,"263":5,"264":2,"265":2,"266":196,"267":1,"268":5,"269":104,"270":5,"271":31,"272":5,"273":3,"274":5,"275":16,"276":5,"277":18,"278":11,"279":7,"280":5,"281":90,"282":12,"283":78,"284":5,"285":3,"286":5,"287":5,"288":5,"289":25,"290":5,"291":8,"292":5,"293":3,"294":5,"295":3,"296":5,"297":1,"298":5,"299":1,"300":5,"301":5,"302":35,"303":5,"304":3,"305":5,"306":45,"307":5,"308":5,"309":33,"310":5,"311":245,"312":82,"313":163,"314":75,"315":88,"316":5,"317":12,"318":5,"319":17,"320":17,"321":5,"322":29,"323":5,"324":8,"325":8,"326":8,"327":5,"328":4,"329":5,"330":4,"331":5,"332":2,"333":5,"334":2,"335":5,"336":5,"337":5,"338":5,"339":13,"340":5,"341":5,"342":5,"343":5,"344":5,"345":5,"346":5,"347":5,"348":6,"349":5,"350":6,"351":2,"352":4,"353":2,"354":2,"355":5,"356":2,"357":5,"358":6,"359":2,"360":4,"361":5,"362":6,"363":5,"364":2,"365":5,"366":12,"367":12,"368":5,"369":20,"370":9,"371":9,"372":2,"373":5,"374":10,"375":10,"376":10,"377":10,"378":2,"379":6,"380":2,"381":5,"382":5,"383":5,"384":3,"385":3,"386":13,"387":13,"388":13,"389":3,"390":5,"391":2,"392":1,"393":1,"394":5,"395":10,"396":5,"397":5,"398":5,"399":5,"400":139,"401":28,"402":111,"403":4,"404":9,"405":107,"406":107,"407":385,"408":293,"409":92,"410":5,"411":59,"412":5,"413":54,"414":54,"415":54,"416":176,"417":54,"418":5,"419":13,"420":1,"421":12,"422":12,"423":53,"424":12,"425":5,"426":314,"427":1,"428":1,"429":3,"430":313,"431":114,"432":111,"433":199,"434":198,"435":198,"436":9442,"437":5,"438":5,"439":2,"440":1,"441":1,"442":1,"443":1,"444":1,"445":12,"446":12,"447":4,"448":3,"449":3,"450":1,"451":9,"452":2,"453":9,"454":3,"455":2,"456":2,"457":18,"458":4,"459":18,"460":1,"461":1,"462":1,"463":6,"464":1,"465":6,"466":5,"467":8,"468":16,"469":5,"470":1,"471":3,"472":3,"473":3,"474":5,"475":5,"476":4,"477":4,"478":1,"479":4,"480":5,"481":4,"482":5,"483":3,"484":5,"485":1,"486":5,"487":5,"488":33,"489":7,"490":7,"491":31,"492":7,"493":7,"494":24,"495":26,"496":26,"497":26,"498":5,"499":14,"500":4,"501":4,"502":1,"503":3,"504":3,"505":3,"506":15,"507":6,"508":9,"509":9,"510":3,"511":3,"512":6,"513":10,"514":4,"515":6,"516":6,"517":5,"518":127,"519":127,"520":57,"521":57,"522":88,"523":57,"524":70,"525":1,"526":1,"527":3,"528":1,"529":69,"530":2,"531":4,"532":4,"533":1,"534":3,"535":67,"536":67,"537":67,"538":261,"539":67,"540":5,"541":13,"542":2,"543":8,"544":8,"545":9,"546":7,"547":1,"548":11,"549":11,"550":10,"551":10,"552":51,"553":23,"554":10,"555":1,"556":1,"557":1,"558":3,"559":2,"560":1,"561":5,"562":5,"563":3,"564":3,"565":2,"566":5,"567":37,"568":1,"569":1,"570":1,"571":3,"572":1,"573":36,"574":5,"575":3,"576":1,"577":1,"578":2,"579":1,"580":1,"581":5,"582":36,"583":1,"584":1,"585":1,"586":3,"587":3,"588":1,"589":2,"590":2,"591":2,"592":35,"593":1,"594":34,"595":5,"596":110,"597":2,"598":108,"599":40,"600":68,"601":32,"602":36,"603":5,"604":52,"605":4,"606":2,"607":2,"608":2,"609":7,"610":2,"611":48,"612":44,"613":4,"614":5,"615":5,"616":5,"617":21,"618":4,"619":4,"620":10,"621":1,"622":3,"623":3,"624":17,"625":2,"626":15,"627":5,"628":4,"629":1,"630":1,"631":1,"632":1,"633":5,"634":1,"635":4,"636":3,"637":3,"638":3,"639":5,"640":21,"641":14,"642":14,"643":82,"644":68,"645":14,"646":7,"647":5,"648":10,"649":1,"650":3,"651":1,"652":9,"653":5,"654":3,"655":5,"656":5,"657":2,"658":2,"659":8,"660":8,"661":2,"662":2,"663":6,"664":3,"665":3,"666":9,"667":3,"668":5,"669":4,"670":1,"671":1,"672":1,"673":3,"674":3,"675":7,"676":3,"677":5,"678":2,"679":2,"680":2,"681":2,"682":5,"683":2,"684":2,"685":3,"686":2,"687":5,"688":6,"689":2,"690":2,"691":5,"692":1,"693":1,"694":4,"695":9,"696":2,"697":2,"698":5,"699":7,"700":2,"701":2,"702":5,"703":1,"704":1,"705":5,"706":9,"707":2,"708":3,"709":5,"710":2,"711":1,"712":2,"713":1,"714":1,"715":5,"716":41,"717":41,"718":2,"719":41,"720":152,"721":41,"722":1,"723":40,"724":5,"725":5,"726":5,"727":2,"728":5,"729":5,"730":25,"731":5,"732":1,"733":4,"734":5,"735":1,"736":4,"737":1,"738":5,"739":1,"740":1,"741":3,"742":1,"743":5,"744":5,"745":5,"746":5,"747":5,"748":5,"749":5,"750":5,"751":5,"752":5,"753":5,"754":5,"755":5,"756":4,"757":7,"758":2,"759":2,"760":5,"761":4,"762":5,"763":2,"764":2,"765":5,"766":4,"767":3,"768":11,"769":11,"770":2,"771":9,"772":9,"773":1,"774":1,"775":4,"776":4,"777":1,"778":5,"779":2,"780":1,"781":1,"782":1,"783":1,"784":3,"785":3,"786":1,"787":5,"788":1,"789":1,"790":4,"791":4,"792":1,"793":5,"794":1,"795":1,"796":1,"797":3,"798":3,"799":1,"800":5,"801":7,"802":3,"803":4,"804":4,"805":4,"806":7,"807":4,"808":5,"809":5,"810":5,"811":4,"812":4,"813":13,"814":4,"815":5,"816":7,"817":3,"818":3,"819":3,"820":12,"821":12,"822":12,"823":3,"824":9,"825":4,"826":4,"827":4,"828":13,"829":4,"830":5,"831":8,"832":4,"833":4,"834":4,"835":4,"836":16,"837":16,"838":16,"839":16,"840":4,"841":12,"842":4,"843":4,"844":4,"845":12,"846":4,"847":5,"848":20,"849":5,"850":5,"851":5,"852":5,"853":5,"854":20,"855":20,"856":20,"857":20,"858":20,"859":5,"860":15,"861":15,"862":15,"863":15,"864":45,"865":15,"866":5,"867":5,"868":5,"869":5,"870":5,"871":5,"872":5,"873":5,"874":2,"875":3,"876":3,"877":5,"878":5,"879":3,"880":5,"881":3,"882":5,"883":3,"884":1,"885":1,"886":1,"887":3,"888":1,"889":2,"890":2,"891":2,"892":2,"893":10,"894":10,"895":30,"896":18,"897":10,"898":2,"899":1,"900":2,"901":5,"902":2,"903":2,"904":1,"905":1,"906":1,"907":1,"908":3,"909":3,"910":1,"911":1,"912":1,"913":1,"914":1,"915":1,"916":5,"917":5,"918":1,"919":5,"920":2,"921":2,"922":1,"923":1,"924":1,"925":3,"926":3,"927":1,"928":1,"929":1,"930":1,"931":1,"932":5,"933":5,"934":1,"935":5,"936":10,"937":4,"938":10,"939":4,"940":6,"941":2,"942":2,"943":6,"944":9,"945":3,"946":3,"947":5,"948":10,"949":4,"950":10,"951":4,"952":10,"953":15,"954":5,"955":5,"956":5,"957":10,"958":5,"959":5,"960":4,"961":6,"962":2,"963":2,"964":5,"965":2,"966":2,"967":2,"968":19,"969":2,"970":1,"971":1,"972":5,"973":8,"974":40,"975":4,"976":4,"977":5,"978":8,"979":8,"980":44,"981":8,"982":8,"983":5,"984":4,"985":5,"986":4,"987":5,"988":3,"989":3,"990":3,"991":18,"992":9,"993":9,"994":3,"995":5,"996":5,"997":5,"998":5,"999":12,"1000":5,"1001":5,"1002":18,"1003":3,"1004":5,"1005":5,"1006":7,"1007":7,"1008":7,"1009":7,"1010":11,"1011":11,"1012":7,"1013":13,"1014":3,"1015":7,"1016":5,"1017":3,"1018":3,"1019":3,"1020":3,"1021":12,"1022":3,"1023":9,"1024":6,"1025":3,"1026":5,"1027":10,"1028":10,"1029":4,"1030":6,"1031":6,"1032":1,"1033":17,"1034":5,"1035":2,"1036":262,"1037":3,"1038":6,"1039":5,"1040":3,"1041":10,"1042":2,"1043":1,"1044":5,"1045":3,"1046":3,"1047":2,"1048":1,"1049":5,"1050":2,"1051":6,"1052":1,"1053":1,"1054":5,"1055":5,"1056":5,"1057":5,"1058":2,"1059":3,"1060":3,"1061":3,"1062":3,"1063":24,"1064":3,"1065":21,"1066":21,"1067":24,"1068":3,"1069":3,"1070":5,"1071":5,"1072":5,"1073":9,"1074":3,"1075":2,"1076":8,"1077":3,"1078":5,"1079":5,"1080":5,"1081":5,"1082":5,"1083":1,"1084":8,"1085":7,"1086":1,"1087":5,"1088":1,"1089":8,"1090":6,"1091":2,"1092":5,"1093":5,"1094":3,"1095":1,"1096":2,"1097":5,"1098":21,"1099":5,"1100":9,"1101":5,"1102":7,"1103":2,"1104":5,"1105":5,"1106":5,"1107":2,"1108":2,"1109":3,"1110":5,"1111":3,"1112":2,"1113":1,"1114":5,"1115":5,"1116":5,"1117":5,"1118":5,"1119":5,"1120":5,"1121":5,"1122":2,"1123":3,"1124":3,"1125":2,"1126":1,"1127":5,"1128":14,"1129":5,"1130":14,"1131":5,"1132":23,"1133":5,"1134":15,"1135":5,"1136":7,"1137":6,"1138":1,"1139":5,"1140":7,"1141":6,"1142":1,"1143":5,"1144":5,"1145":5,"1146":1,"1147":5,"1148":5,"1149":5,"1150":1,"1151":1,"1152":3,"1153":1,"1154":5,"1155":75,"1156":41,"1157":1,"1158":40,"1159":34,"1160":5,"1161":5,"1162":10,"1163":2,"1164":2,"1165":2,"1166":1,"1167":1,"1168":1,"1169":1,"1170":5,"1171":26,"1172":13,"1173":13,"1174":13,"1175":1,"1176":1,"1177":1,"1178":4,"1179":4,"1180":1,"1181":13,"1182":13,"1183":43,"1184":43,"1185":43,"1186":31,"1187":31,"1188":12,"1189":2,"1190":12,"1191":43,"1192":43,"1193":34,"1194":34,"1195":10,"1196":34,"1197":43,"1198":13,"1199":13,"1200":44,"1201":34,"1202":1,"1203":1,"1204":3,"1205":3,"1206":3,"1207":13,"1208":1,"1209":1,"1210":12,"1211":42,"1212":17,"1213":12,"1214":1,"1215":11,"1216":11,"1217":17,"1218":17,"1219":1,"1220":45,"1221":45,"1222":1,"1223":44,"1224":44,"1225":45,"1226":17,"1227":11,"1228":1,"1229":1,"1230":1,"1231":1,"1232":10,"1233":10,"1234":34,"1235":1,"1236":34,"1237":34,"1238":24,"1239":10,"1240":34,"1241":24,"1242":24,"1243":18,"1244":34,"1245":34,"1246":10,"1247":16,"1248":10,"1249":24,"1250":24,"1251":24,"1252":18,"1253":1,"1254":34,"1255":24,"1256":5,"1257":24,"1258":34,"1259":3,"1260":3,"1261":6,"1262":6,"1263":6,"1264":3,"1265":3,"1266":6,"1267":3,"1268":3,"1269":6,"1270":34,"1271":34,"1272":34,"1273":1,"1274":33,"1275":33,"1276":8,"1277":33,"1278":33,"1279":7,"1280":10,"1281":34,"1282":10,"1283":5,"1284":1,"1285":4,"1286":1,"1287":5,"1288":6,"1289":6,"1290":6,"1291":3,"1292":3,"1293":3,"1294":6,"1295":5,"1296":2,"1297":3,"1298":5,"1299":9,"1300":9,"1301":1,"1302":6,"1303":1,"1304":5,"1305":0,"1306":6,"1307":5,"1308":5,"1309":5,"1310":37,"1311":37,"1312":37,"1313":37,"1314":37,"1315":4,"1316":37,"1317":6,"1318":3,"1319":6,"1320":2,"1321":6,"1322":37,"1323":9176,"1324":74,"1325":9102,"1326":37,"1327":5,"1328":1,"1329":1,"1330":1,"1331":0,"1332":0,"1333":0},"b":{"1":[1,0],"2":[5,1],"3":[5,3],"4":[5,3],"5":[5,3],"6":[5,5],"7":[1195,212],"8":[1,69],"9":[5,2],"10":[255,30],"11":[255,254],"12":[10414,10332],"13":[5,2],"14":[2,1],"15":[6,2],"16":[2,2],"17":[1,13],"18":[5,1,5],"19":[1,4],"20":[5,1],"21":[2,3],"22":[1,2],"23":[22,24],"24":[7,15],"25":[5,19],"26":[135],"27":[25,56],"28":[22,28,3],"29":[10,4,2,1],"30":[1,1,1,1,1],"31":[1225,985],"32":[70,915],"33":[9,5],"34":[9,7],"35":[2,2],"36":[35,139],"37":[3,136],"38":[3,133],"39":[1,1],"40":[16,12,196],"41":[3,9],"42":[7,2],"43":[5,6],"44":[11,7],"45":[12,78],"46":[82,163],"47":[75,88],"48":[9,8],"49":[4,4],"50":[5,5],"51":[5,5],"52":[2,4],"53":[2,2],"54":[5,5],"55":[5,5],"56":[2,4],"57":[5,5],"58":[5,5],"59":[5,5],"60":[9,9],"61":[5,5],"62":[2,6,2],"63":[4,2],"64":[1,1],"65":[2,1],"66":[28,111],"67":[4,107],"68":[293,92],"69":[5,54],"70":[1,12],"71":[1,313],"72":[114,199],"73":[313,199],"74":[198,1],"75":[2,3],"76":[1,1],"77":[4,8],"78":[3,1],"79":[2,7],"80":[2,1],"81":[3,2],"82":[4,14],"83":[1,5],"84":[1,3],"85":[7,26],"86":[2,5],"87":[7,24],"88":[4,10],"89":[14,11],"90":[1,3],"91":[6,9],"92":[3,6],"93":[4,6],"94":[6,0],"95":[57,70],"96":[1,69],"97":[2,67],"98":[1,1],"99":[1,3],"100":[2,11],"101":[1,1],"102":[7,2],"103":[10,1],"104":[11,3],"105":[23,28],"106":[2,8],"107":[2,1],"108":[3,2],"109":[1,2],"110":[1,36],"111":[1,2],"112":[1,1],"113":[1,35],"114":[1,2],"115":[1,34],"116":[2,108],"117":[40,68],"118":[108,70],"119":[4,48],"120":[2,2],"121":[44,4],"122":[4,17],"123":[1,9],"124":[1,2],"125":[2,15],"126":[1,3],"127":[1,4],"128":[1,2],"129":[1,2],"130":[14,7],"131":[68,14],"132":[1,9],"133":[2,3],"134":[2,6],"135":[8,8,8],"136":[12,12],"137":[1,3],"138":[4,4],"139":[10,10],"140":[4,4],"141":[5,5],"142":[2,4],"143":[1,4],"144":[2,7],"145":[2,5],"146":[1,4],"147":[2,7],"148":[1,1],"149":[1,1],"150":[2,2],"151":[2,39],"152":[1,40],"153":[41,2],"154":[2,3],"155":[1,4],"156":[5,1],"157":[2,5],"158":[2,3],"159":[3,1],"160":[1,2],"161":[2,9],"162":[1,1],"163":[3,4],"164":[3,4],"165":[7,5],"166":[3,9],"167":[12,9],"168":[4,4],"169":[8,5,4],"170":[4,12],"171":[16,12,12],"172":[5,15],"173":[20,19,15,15],"174":[5,15],"175":[20,15,15,15],"176":[2,3],"177":[1,2],"178":[18,12],"179":[10,8],"180":[1,1],"181":[1,1],"182":[1,0],"183":[1,1],"184":[1,0],"185":[4,6],"186":[4,6],"187":[2,4],"188":[3,6],"189":[4,6],"190":[4,6],"191":[5,10],"192":[2,4],"193":[5,14],"194":[1,1],"195":[4,36],"196":[8,36],"197":[9,9],"198":[3,15],"199":[1,4],"200":[3,10],"201":[6,3],"202":[4,6],"203":[1,5],"204":[1,5],"205":[2,3],"206":[1,5],"207":[2,8],"208":[2,1],"209":[1,5],"210":[2,3],"211":[3,21],"212":[1,2],"213":[3,6],"214":[3,5],"215":[1,4],"216":[1,4],"217":[7,1],"218":[6,2],"219":[1,2],"220":[3,3],"221":[21,19],"222":[9,7],"223":[2,5],"224":[7,6],"225":[2,3],"226":[1,1],"227":[2,1],"228":[3,2],"229":[5,3],"230":[2,3],"231":[3,1],"232":[2,1],"233":[23,16,2],"234":[15,8,8],"235":[6,1],"236":[6,1],"237":[41,34],"238":[1,40],"239":[13,13],"240":[1,12],"241":[1,3],"242":[31,12],"243":[2,10],"244":[9,34],"245":[10,24],"246":[1,33],"247":[1,12],"248":[17,25],"249":[1,11],"250":[1,44],"251":[1,10],"252":[24,10],"253":[18,6],"254":[10,24],"255":[18,6],"256":[5,19],"257":[3,31],"258":[34,5],"259":[3,3],"260":[3,1],"261":[1,33],"262":[34,5],"263":[8,25],"264":[3,3],"265":[5,1],"266":[2,3],"267":[1,5],"268":[0,5],"269":[4,33],"270":[6,31],"271":[3,3],"272":[2,4],"273":[6,1],"274":[74,9102],"275":[1,0],"276":[1,1],"277":[0,0],"278":[0,0]},"f":{"1":1,"2":5,"3":16,"4":171,"5":1195,"6":22,"7":99,"8":70,"9":6,"10":285,"11":11748,"12":462,"13":6,"14":10414,"15":3,"16":2,"17":4,"18":5,"19":18,"20":44,"21":58,"22":8,"23":511,"24":21,"25":10,"26":673,"27":2111,"28":236,"29":102,"30":157,"31":22,"32":69,"33":37,"34":140,"35":25,"36":41,"37":3,"38":7,"39":18,"40":25,"41":4,"42":2,"43":1,"44":1,"45":6,"46":1,"47":1,"48":1,"49":1,"50":1,"51":988,"52":75,"53":985,"54":985,"55":70,"56":985,"57":6,"58":6,"59":6,"60":3,"61":1,"62":30,"63":27,"64":227,"65":527,"66":7,"67":9,"68":9,"69":18,"70":4,"71":1,"72":1,"73":16,"74":24,"75":60,"76":174,"77":9,"78":225,"79":104,"80":31,"81":3,"82":16,"83":18,"84":90,"85":3,"86":25,"87":8,"88":3,"89":3,"90":1,"91":1,"92":35,"93":3,"94":45,"95":33,"96":245,"97":12,"98":17,"99":29,"100":8,"101":4,"102":4,"103":2,"104":2,"105":13,"106":6,"107":6,"108":2,"109":6,"110":6,"111":2,"112":12,"113":20,"114":10,"115":3,"116":2,"117":10,"118":5,"119":139,"120":9,"121":385,"122":59,"123":13,"124":314,"125":5,"126":12,"127":18,"128":6,"129":8,"130":16,"131":1,"132":3,"133":4,"134":4,"135":3,"136":1,"137":33,"138":31,"139":14,"140":15,"141":127,"142":4,"143":13,"144":8,"145":5,"146":37,"147":3,"148":36,"149":3,"150":110,"151":52,"152":5,"153":21,"154":4,"155":5,"156":21,"157":82,"158":10,"159":3,"160":5,"161":8,"162":4,"163":2,"164":2,"165":6,"166":7,"167":2,"168":41,"169":5,"170":1,"171":1,"172":5,"173":5,"174":5,"175":5,"176":5,"177":5,"178":4,"179":4,"180":4,"181":11,"182":2,"183":1,"184":1,"185":7,"186":5,"187":4,"188":7,"189":12,"190":8,"191":16,"192":20,"193":20,"194":5,"195":5,"196":5,"197":5,"198":3,"199":3,"200":2,"201":2,"202":10,"203":10,"204":10,"205":4,"206":2,"207":8,"208":8,"209":4,"210":4,"211":3,"212":5,"213":7,"214":3,"215":10,"216":17,"217":262,"218":3,"219":3,"220":2,"221":5,"222":5,"223":5,"224":9,"225":1,"226":8,"227":1,"228":8,"229":3,"230":21,"231":9,"232":7,"233":5,"234":3,"235":5,"236":5,"237":5,"238":14,"239":14,"240":23,"241":15,"242":7,"243":7,"244":1,"245":1,"246":3,"247":75,"248":10,"249":2,"250":1,"251":1,"252":26,"253":4,"254":43,"255":34,"256":44,"257":34,"258":3,"259":3,"260":3,"261":1,"262":42,"263":17,"264":45,"265":1,"266":10,"267":34,"268":34,"269":34,"270":24,"271":16,"272":24,"273":34,"274":24,"275":6,"276":6,"277":34,"278":34,"279":1,"280":6,"281":37,"282":9176},"fnMap":{"1":{"name":"(anonymous_1)","line":2,"loc":{"start":{"line":2,"column":1},"end":{"line":2,"column":13}}},"2":{"name":"makeNodash","line":15,"loc":{"start":{"line":15,"column":0},"end":{"line":15,"column":40}}},"3":{"name":"showEndOfStream","line":30,"loc":{"start":{"line":30,"column":2},"end":{"line":30,"column":29}}},"4":{"name":"mkStream","line":43,"loc":{"start":{"line":43,"column":2},"end":{"line":43,"column":23}}},"5":{"name":"isStream","line":48,"loc":{"start":{"line":48,"column":2},"end":{"line":48,"column":23}}},"6":{"name":"mkInfinite","line":50,"loc":{"start":{"line":50,"column":2},"end":{"line":50,"column":25}}},"7":{"name":"isInfinite","line":55,"loc":{"start":{"line":55,"column":2},"end":{"line":55,"column":25}}},"8":{"name":"checkFinite","line":59,"loc":{"start":{"line":59,"column":2},"end":{"line":59,"column":27}}},"9":{"name":"_isArray","line":72,"loc":{"start":{"line":72,"column":33},"end":{"line":72,"column":56}}},"10":{"name":"_isObject","line":78,"loc":{"start":{"line":78,"column":17},"end":{"line":78,"column":41}}},"11":{"name":"isFunction","line":86,"loc":{"start":{"line":86,"column":2},"end":{"line":86,"column":25}}},"12":{"name":"isString","line":87,"loc":{"start":{"line":87,"column":2},"end":{"line":87,"column":25}}},"13":{"name":"isNumber","line":88,"loc":{"start":{"line":88,"column":2},"end":{"line":88,"column":25}}},"14":{"name":"isNodash","line":89,"loc":{"start":{"line":89,"column":2},"end":{"line":89,"column":25}}},"15":{"name":"isNumeric","line":90,"loc":{"start":{"line":90,"column":2},"end":{"line":90,"column":25}}},"16":{"name":"(anonymous_16)","line":95,"loc":{"start":{"line":95,"column":29},"end":{"line":95,"column":40}}},"17":{"name":"_Object_keys","line":109,"loc":{"start":{"line":109,"column":11},"end":{"line":109,"column":38}}},"18":{"name":"(anonymous_18)","line":132,"loc":{"start":{"line":132,"column":55},"end":{"line":132,"column":67}}},"19":{"name":"(anonymous_19)","line":134,"loc":{"start":{"line":134,"column":14},"end":{"line":134,"column":26}}},"20":{"name":"_Set_add","line":138,"loc":{"start":{"line":138,"column":24},"end":{"line":138,"column":49}}},"21":{"name":"_Set_has","line":143,"loc":{"start":{"line":143,"column":24},"end":{"line":143,"column":49}}},"22":{"name":"(anonymous_22)","line":151,"loc":{"start":{"line":151,"column":19},"end":{"line":151,"column":32}}},"23":{"name":"id","line":157,"loc":{"start":{"line":157,"column":2},"end":{"line":157,"column":17}}},"24":{"name":"listToString","line":160,"loc":{"start":{"line":160,"column":2},"end":{"line":160,"column":27}}},"25":{"name":"indexOf","line":167,"loc":{"start":{"line":167,"column":2},"end":{"line":167,"column":33}}},"26":{"name":"(anonymous_26)","line":231,"loc":{"start":{"line":231,"column":7},"end":{"line":231,"column":21}}},"27":{"name":"(anonymous_27)","line":232,"loc":{"start":{"line":232,"column":13},"end":{"line":232,"column":29}}},"28":{"name":"(anonymous_28)","line":235,"loc":{"start":{"line":235,"column":17},"end":{"line":235,"column":30}}},"29":{"name":"(anonymous_29)","line":242,"loc":{"start":{"line":242,"column":7},"end":{"line":242,"column":21}}},"30":{"name":"(anonymous_30)","line":243,"loc":{"start":{"line":243,"column":13},"end":{"line":243,"column":32}}},"31":{"name":"(anonymous_31)","line":246,"loc":{"start":{"line":246,"column":26},"end":{"line":246,"column":42}}},"32":{"name":"(anonymous_32)","line":250,"loc":{"start":{"line":250,"column":17},"end":{"line":250,"column":30}}},"33":{"name":"(anonymous_33)","line":257,"loc":{"start":{"line":257,"column":7},"end":{"line":257,"column":21}}},"34":{"name":"(anonymous_34)","line":258,"loc":{"start":{"line":258,"column":13},"end":{"line":258,"column":35}}},"35":{"name":"(anonymous_35)","line":261,"loc":{"start":{"line":261,"column":26},"end":{"line":261,"column":45}}},"36":{"name":"(anonymous_36)","line":265,"loc":{"start":{"line":265,"column":26},"end":{"line":265,"column":42}}},"37":{"name":"(anonymous_37)","line":269,"loc":{"start":{"line":269,"column":17},"end":{"line":269,"column":30}}},"38":{"name":"(anonymous_38)","line":276,"loc":{"start":{"line":276,"column":7},"end":{"line":276,"column":21}}},"39":{"name":"(anonymous_39)","line":277,"loc":{"start":{"line":277,"column":13},"end":{"line":277,"column":38}}},"40":{"name":"(anonymous_40)","line":280,"loc":{"start":{"line":280,"column":26},"end":{"line":280,"column":48}}},"41":{"name":"(anonymous_41)","line":284,"loc":{"start":{"line":284,"column":26},"end":{"line":284,"column":45}}},"42":{"name":"(anonymous_42)","line":288,"loc":{"start":{"line":288,"column":26},"end":{"line":288,"column":42}}},"43":{"name":"(anonymous_43)","line":292,"loc":{"start":{"line":292,"column":17},"end":{"line":292,"column":30}}},"44":{"name":"(anonymous_44)","line":299,"loc":{"start":{"line":299,"column":7},"end":{"line":299,"column":21}}},"45":{"name":"(anonymous_45)","line":300,"loc":{"start":{"line":300,"column":13},"end":{"line":300,"column":41}}},"46":{"name":"(anonymous_46)","line":303,"loc":{"start":{"line":303,"column":26},"end":{"line":303,"column":51}}},"47":{"name":"(anonymous_47)","line":307,"loc":{"start":{"line":307,"column":26},"end":{"line":307,"column":48}}},"48":{"name":"(anonymous_48)","line":311,"loc":{"start":{"line":311,"column":26},"end":{"line":311,"column":45}}},"49":{"name":"(anonymous_49)","line":315,"loc":{"start":{"line":315,"column":26},"end":{"line":315,"column":42}}},"50":{"name":"(anonymous_50)","line":319,"loc":{"start":{"line":319,"column":17},"end":{"line":319,"column":30}}},"51":{"name":"(anonymous_51)","line":330,"loc":{"start":{"line":330,"column":19},"end":{"line":330,"column":33}}},"52":{"name":"group","line":340,"loc":{"start":{"line":340,"column":2},"end":{"line":340,"column":29}}},"53":{"name":"callsites","line":344,"loc":{"start":{"line":344,"column":2},"end":{"line":344,"column":23}}},"54":{"name":"(anonymous_54)","line":346,"loc":{"start":{"line":346,"column":30},"end":{"line":346,"column":50}}},"55":{"name":"composed","line":352,"loc":{"start":{"line":352,"column":2},"end":{"line":352,"column":23}}},"56":{"name":"register","line":360,"loc":{"start":{"line":360,"column":2},"end":{"line":360,"column":22}}},"57":{"name":"_idf","line":417,"loc":{"start":{"line":417,"column":18},"end":{"line":417,"column":35}}},"58":{"name":"(anonymous_58)","line":418,"loc":{"start":{"line":418,"column":11},"end":{"line":418,"column":23}}},"59":{"name":"_const","line":423,"loc":{"start":{"line":423,"column":42},"end":{"line":423,"column":64}}},"60":{"name":"_apply","line":427,"loc":{"start":{"line":427,"column":25},"end":{"line":427,"column":47}}},"61":{"name":"_invoke","line":431,"loc":{"start":{"line":431,"column":21},"end":{"line":431,"column":41}}},"62":{"name":"_compose","line":435,"loc":{"start":{"line":435,"column":27},"end":{"line":435,"column":54}}},"63":{"name":"_compose2","line":439,"loc":{"start":{"line":439,"column":23},"end":{"line":439,"column":54}}},"64":{"name":"_flip","line":443,"loc":{"start":{"line":443,"column":19},"end":{"line":443,"column":37}}},"65":{"name":"(anonymous_65)","line":444,"loc":{"start":{"line":444,"column":20},"end":{"line":444,"column":36}}},"66":{"name":"_on","line":450,"loc":{"start":{"line":450,"column":17},"end":{"line":450,"column":42}}},"67":{"name":"_AND","line":459,"loc":{"start":{"line":459,"column":24},"end":{"line":459,"column":44}}},"68":{"name":"_OR","line":461,"loc":{"start":{"line":461,"column":23},"end":{"line":461,"column":42}}},"69":{"name":"_not","line":463,"loc":{"start":{"line":463,"column":18},"end":{"line":463,"column":39}}},"70":{"name":"_bool","line":465,"loc":{"start":{"line":465,"column":19},"end":{"line":465,"column":49}}},"71":{"name":"_fst","line":474,"loc":{"start":{"line":474,"column":18},"end":{"line":474,"column":37}}},"72":{"name":"_snd","line":476,"loc":{"start":{"line":476,"column":18},"end":{"line":476,"column":37}}},"73":{"name":"_tuple","line":478,"loc":{"start":{"line":478,"column":25},"end":{"line":478,"column":47}}},"74":{"name":"_tuple3","line":480,"loc":{"start":{"line":480,"column":27},"end":{"line":480,"column":53}}},"75":{"name":"_tuple4","line":482,"loc":{"start":{"line":482,"column":28},"end":{"line":482,"column":57}}},"76":{"name":"_eq","line":489,"loc":{"start":{"line":489,"column":29},"end":{"line":489,"column":48}}},"77":{"name":"_neq","line":510,"loc":{"start":{"line":510,"column":31},"end":{"line":510,"column":51}}},"78":{"name":"_compare","line":517,"loc":{"start":{"line":517,"column":22},"end":{"line":517,"column":46}}},"79":{"name":"_lt","line":540,"loc":{"start":{"line":540,"column":28},"end":{"line":540,"column":47}}},"80":{"name":"_gt","line":544,"loc":{"start":{"line":544,"column":28},"end":{"line":544,"column":47}}},"81":{"name":"_lte","line":548,"loc":{"start":{"line":548,"column":31},"end":{"line":548,"column":51}}},"82":{"name":"_gte","line":552,"loc":{"start":{"line":552,"column":31},"end":{"line":552,"column":51}}},"83":{"name":"_max","line":556,"loc":{"start":{"line":556,"column":18},"end":{"line":556,"column":38}}},"84":{"name":"_min","line":563,"loc":{"start":{"line":563,"column":18},"end":{"line":563,"column":38}}},"85":{"name":"_comparing","line":570,"loc":{"start":{"line":570,"column":24},"end":{"line":570,"column":53}}},"86":{"name":"_isDigit","line":581,"loc":{"start":{"line":581,"column":22},"end":{"line":581,"column":43}}},"87":{"name":"_isAsciiLetter","line":585,"loc":{"start":{"line":585,"column":28},"end":{"line":585,"column":55}}},"88":{"name":"_isUpper","line":589,"loc":{"start":{"line":589,"column":22},"end":{"line":589,"column":43}}},"89":{"name":"_isLower","line":593,"loc":{"start":{"line":593,"column":22},"end":{"line":593,"column":43}}},"90":{"name":"_ord","line":597,"loc":{"start":{"line":597,"column":18},"end":{"line":597,"column":35}}},"91":{"name":"_chr","line":601,"loc":{"start":{"line":601,"column":18},"end":{"line":601,"column":35}}},"92":{"name":"_add","line":610,"loc":{"start":{"line":610,"column":46},"end":{"line":610,"column":66}}},"93":{"name":"_sub","line":614,"loc":{"start":{"line":614,"column":53},"end":{"line":614,"column":73}}},"94":{"name":"_mul","line":618,"loc":{"start":{"line":618,"column":48},"end":{"line":618,"column":68}}},"95":{"name":"_negate","line":624,"loc":{"start":{"line":624,"column":21},"end":{"line":624,"column":41}}},"96":{"name":"_signum","line":626,"loc":{"start":{"line":626,"column":21},"end":{"line":626,"column":41}}},"97":{"name":"_div","line":638,"loc":{"start":{"line":638,"column":18},"end":{"line":638,"column":38}}},"98":{"name":"_quot","line":640,"loc":{"start":{"line":640,"column":19},"end":{"line":640,"column":40}}},"99":{"name":"_rem","line":645,"loc":{"start":{"line":645,"column":18},"end":{"line":645,"column":38}}},"100":{"name":"_mod","line":647,"loc":{"start":{"line":647,"column":18},"end":{"line":647,"column":38}}},"101":{"name":"_divMod","line":653,"loc":{"start":{"line":653,"column":21},"end":{"line":653,"column":45}}},"102":{"name":"_quotRem","line":657,"loc":{"start":{"line":657,"column":22},"end":{"line":657,"column":46}}},"103":{"name":"_frac","line":664,"loc":{"start":{"line":664,"column":24},"end":{"line":664,"column":45}}},"104":{"name":"_recip","line":666,"loc":{"start":{"line":666,"column":20},"end":{"line":666,"column":39}}},"105":{"name":"_logBase","line":677,"loc":{"start":{"line":677,"column":22},"end":{"line":677,"column":46}}},"106":{"name":"_sinh","line":695,"loc":{"start":{"line":695,"column":32},"end":{"line":695,"column":50}}},"107":{"name":"_tanh","line":699,"loc":{"start":{"line":699,"column":32},"end":{"line":699,"column":50}}},"108":{"name":"_cosh","line":709,"loc":{"start":{"line":709,"column":32},"end":{"line":709,"column":50}}},"109":{"name":"_asinh","line":713,"loc":{"start":{"line":713,"column":34},"end":{"line":713,"column":53}}},"110":{"name":"_atanh","line":721,"loc":{"start":{"line":721,"column":34},"end":{"line":721,"column":53}}},"111":{"name":"_acosh","line":725,"loc":{"start":{"line":725,"column":34},"end":{"line":725,"column":53}}},"112":{"name":"_properFraction","line":732,"loc":{"start":{"line":732,"column":29},"end":{"line":732,"column":57}}},"113":{"name":"_truncate","line":737,"loc":{"start":{"line":737,"column":37},"end":{"line":737,"column":59}}},"114":{"name":"_round","line":747,"loc":{"start":{"line":747,"column":20},"end":{"line":747,"column":39}}},"115":{"name":"_gcd","line":773,"loc":{"start":{"line":773,"column":18},"end":{"line":773,"column":38}}},"116":{"name":"_lcm","line":783,"loc":{"start":{"line":783,"column":18},"end":{"line":783,"column":38}}},"117":{"name":"_even","line":790,"loc":{"start":{"line":790,"column":19},"end":{"line":790,"column":37}}},"118":{"name":"_odd","line":792,"loc":{"start":{"line":792,"column":18},"end":{"line":792,"column":35}}},"119":{"name":"_stream","line":797,"loc":{"start":{"line":797,"column":29},"end":{"line":797,"column":50}}},"120":{"name":"(anonymous_120)","line":802,"loc":{"start":{"line":802,"column":24},"end":{"line":802,"column":36}}},"121":{"name":"(anonymous_121)","line":807,"loc":{"start":{"line":807,"column":20},"end":{"line":807,"column":32}}},"122":{"name":"_consume","line":815,"loc":{"start":{"line":815,"column":22},"end":{"line":815,"column":44}}},"123":{"name":"_consumeString","line":827,"loc":{"start":{"line":827,"column":28},"end":{"line":827,"column":56}}},"124":{"name":"_each","line":838,"loc":{"start":{"line":838,"column":19},"end":{"line":838,"column":41}}},"125":{"name":"_cycle","line":856,"loc":{"start":{"line":856,"column":20},"end":{"line":856,"column":40}}},"126":{"name":"(anonymous_126)","line":864,"loc":{"start":{"line":864,"column":24},"end":{"line":864,"column":36}}},"127":{"name":"(anonymous_127)","line":880,"loc":{"start":{"line":880,"column":24},"end":{"line":880,"column":36}}},"128":{"name":"(anonymous_128)","line":889,"loc":{"start":{"line":889,"column":24},"end":{"line":889,"column":36}}},"129":{"name":"_repeat","line":898,"loc":{"start":{"line":898,"column":21},"end":{"line":898,"column":41}}},"130":{"name":"(anonymous_130)","line":899,"loc":{"start":{"line":899,"column":22},"end":{"line":899,"column":34}}},"131":{"name":"_iterate","line":904,"loc":{"start":{"line":904,"column":22},"end":{"line":904,"column":46}}},"132":{"name":"(anonymous_132)","line":905,"loc":{"start":{"line":905,"column":22},"end":{"line":905,"column":34}}},"133":{"name":"_lines","line":915,"loc":{"start":{"line":915,"column":20},"end":{"line":915,"column":44}}},"134":{"name":"_unlines","line":923,"loc":{"start":{"line":923,"column":22},"end":{"line":923,"column":47}}},"135":{"name":"_words","line":927,"loc":{"start":{"line":927,"column":20},"end":{"line":927,"column":44}}},"136":{"name":"_unwords","line":931,"loc":{"start":{"line":931,"column":22},"end":{"line":931,"column":47}}},"137":{"name":"_cons","line":938,"loc":{"start":{"line":938,"column":24},"end":{"line":938,"column":46}}},"138":{"name":"(anonymous_138)","line":941,"loc":{"start":{"line":941,"column":54},"end":{"line":941,"column":66}}},"139":{"name":"_append","line":954,"loc":{"start":{"line":954,"column":27},"end":{"line":954,"column":52}}},"140":{"name":"(anonymous_140)","line":962,"loc":{"start":{"line":962,"column":22},"end":{"line":962,"column":34}}},"141":{"name":"_map","line":983,"loc":{"start":{"line":983,"column":18},"end":{"line":983,"column":39}}},"142":{"name":"(anonymous_142)","line":1000,"loc":{"start":{"line":1000,"column":54},"end":{"line":1000,"column":66}}},"143":{"name":"_filter","line":1016,"loc":{"start":{"line":1016,"column":21},"end":{"line":1016,"column":45}}},"144":{"name":"(anonymous_144)","line":1018,"loc":{"start":{"line":1018,"column":54},"end":{"line":1018,"column":66}}},"145":{"name":"_head","line":1048,"loc":{"start":{"line":1048,"column":19},"end":{"line":1048,"column":38}}},"146":{"name":"_last","line":1056,"loc":{"start":{"line":1056,"column":19},"end":{"line":1056,"column":38}}},"147":{"name":"_tail","line":1068,"loc":{"start":{"line":1068,"column":19},"end":{"line":1068,"column":38}}},"148":{"name":"_init","line":1079,"loc":{"start":{"line":1079,"column":19},"end":{"line":1079,"column":38}}},"149":{"name":"(anonymous_149)","line":1083,"loc":{"start":{"line":1083,"column":22},"end":{"line":1083,"column":34}}},"150":{"name":"_null","line":1099,"loc":{"start":{"line":1099,"column":31},"end":{"line":1099,"column":50}}},"151":{"name":"_length","line":1112,"loc":{"start":{"line":1112,"column":21},"end":{"line":1112,"column":42}}},"152":{"name":"_select","line":1129,"loc":{"start":{"line":1129,"column":21},"end":{"line":1129,"column":52}}},"153":{"name":"_at","line":1133,"loc":{"start":{"line":1133,"column":29},"end":{"line":1133,"column":50}}},"154":{"name":"_reverse","line":1150,"loc":{"start":{"line":1150,"column":22},"end":{"line":1150,"column":44}}},"155":{"name":"(anonymous_155)","line":1155,"loc":{"start":{"line":1155,"column":22},"end":{"line":1155,"column":34}}},"156":{"name":"_take","line":1167,"loc":{"start":{"line":1167,"column":19},"end":{"line":1167,"column":41}}},"157":{"name":"(anonymous_157)","line":1170,"loc":{"start":{"line":1170,"column":22},"end":{"line":1170,"column":34}}},"158":{"name":"_drop","line":1180,"loc":{"start":{"line":1180,"column":19},"end":{"line":1180,"column":41}}},"159":{"name":"_splitAt","line":1190,"loc":{"start":{"line":1190,"column":22},"end":{"line":1190,"column":47}}},"160":{"name":"_takeWhile","line":1194,"loc":{"start":{"line":1194,"column":24},"end":{"line":1194,"column":51}}},"161":{"name":"(anonymous_161)","line":1197,"loc":{"start":{"line":1197,"column":22},"end":{"line":1197,"column":34}}},"162":{"name":"_dropWhile","line":1213,"loc":{"start":{"line":1213,"column":24},"end":{"line":1213,"column":51}}},"163":{"name":"_span","line":1227,"loc":{"start":{"line":1227,"column":19},"end":{"line":1227,"column":41}}},"164":{"name":"_break","line":1235,"loc":{"start":{"line":1235,"column":30},"end":{"line":1235,"column":53}}},"165":{"name":"_elem","line":1243,"loc":{"start":{"line":1243,"column":19},"end":{"line":1243,"column":41}}},"166":{"name":"_notElem","line":1261,"loc":{"start":{"line":1261,"column":22},"end":{"line":1261,"column":47}}},"167":{"name":"_lookup","line":1279,"loc":{"start":{"line":1279,"column":21},"end":{"line":1279,"column":45}}},"168":{"name":"_foldl","line":1290,"loc":{"start":{"line":1290,"column":31},"end":{"line":1290,"column":57}}},"169":{"name":"_foldl1","line":1304,"loc":{"start":{"line":1304,"column":33},"end":{"line":1304,"column":57}}},"170":{"name":"_foldr","line":1319,"loc":{"start":{"line":1319,"column":20},"end":{"line":1319,"column":46}}},"171":{"name":"_foldr1","line":1326,"loc":{"start":{"line":1326,"column":21},"end":{"line":1326,"column":45}}},"172":{"name":"(anonymous_172)","line":1334,"loc":{"start":{"line":1334,"column":27},"end":{"line":1334,"column":38}}},"173":{"name":"(anonymous_173)","line":1336,"loc":{"start":{"line":1336,"column":26},"end":{"line":1336,"column":37}}},"174":{"name":"(anonymous_174)","line":1338,"loc":{"start":{"line":1338,"column":27},"end":{"line":1338,"column":38}}},"175":{"name":"(anonymous_175)","line":1340,"loc":{"start":{"line":1340,"column":31},"end":{"line":1340,"column":42}}},"176":{"name":"(anonymous_176)","line":1342,"loc":{"start":{"line":1342,"column":31},"end":{"line":1342,"column":42}}},"177":{"name":"(anonymous_177)","line":1344,"loc":{"start":{"line":1344,"column":31},"end":{"line":1344,"column":42}}},"178":{"name":"_any","line":1346,"loc":{"start":{"line":1346,"column":18},"end":{"line":1346,"column":39}}},"179":{"name":"_all","line":1355,"loc":{"start":{"line":1355,"column":18},"end":{"line":1355,"column":39}}},"180":{"name":"_scanl","line":1364,"loc":{"start":{"line":1364,"column":20},"end":{"line":1364,"column":46}}},"181":{"name":"(anonymous_181)","line":1366,"loc":{"start":{"line":1366,"column":69},"end":{"line":1366,"column":81}}},"182":{"name":"_scanl1","line":1383,"loc":{"start":{"line":1383,"column":21},"end":{"line":1383,"column":45}}},"183":{"name":"_scanr","line":1396,"loc":{"start":{"line":1396,"column":20},"end":{"line":1396,"column":46}}},"184":{"name":"_scanr1","line":1405,"loc":{"start":{"line":1405,"column":21},"end":{"line":1405,"column":45}}},"185":{"name":"_concat","line":1415,"loc":{"start":{"line":1415,"column":21},"end":{"line":1415,"column":42}}},"186":{"name":"(anonymous_186)","line":1427,"loc":{"start":{"line":1427,"column":33},"end":{"line":1427,"column":44}}},"187":{"name":"_replicate","line":1429,"loc":{"start":{"line":1429,"column":24},"end":{"line":1429,"column":50}}},"188":{"name":"_zipWith","line":1437,"loc":{"start":{"line":1437,"column":22},"end":{"line":1437,"column":51}}},"189":{"name":"(anonymous_189)","line":1441,"loc":{"start":{"line":1441,"column":22},"end":{"line":1441,"column":34}}},"190":{"name":"_zipWith3","line":1458,"loc":{"start":{"line":1458,"column":23},"end":{"line":1458,"column":57}}},"191":{"name":"(anonymous_191)","line":1463,"loc":{"start":{"line":1463,"column":22},"end":{"line":1463,"column":34}}},"192":{"name":"_zipWith4","line":1481,"loc":{"start":{"line":1481,"column":23},"end":{"line":1481,"column":61}}},"193":{"name":"(anonymous_193)","line":1487,"loc":{"start":{"line":1487,"column":22},"end":{"line":1487,"column":34}}},"194":{"name":"(anonymous_194)","line":1506,"loc":{"start":{"line":1506,"column":27},"end":{"line":1506,"column":38}}},"195":{"name":"(anonymous_195)","line":1508,"loc":{"start":{"line":1508,"column":28},"end":{"line":1508,"column":39}}},"196":{"name":"(anonymous_196)","line":1510,"loc":{"start":{"line":1510,"column":28},"end":{"line":1510,"column":39}}},"197":{"name":"_intersperse","line":1515,"loc":{"start":{"line":1515,"column":26},"end":{"line":1515,"column":55}}},"198":{"name":"_intercalate","line":1527,"loc":{"start":{"line":1527,"column":26},"end":{"line":1527,"column":55}}},"199":{"name":"_transpose","line":1531,"loc":{"start":{"line":1531,"column":24},"end":{"line":1531,"column":49}}},"200":{"name":"_inits","line":1585,"loc":{"start":{"line":1585,"column":20},"end":{"line":1585,"column":40}}},"201":{"name":"_tails","line":1610,"loc":{"start":{"line":1610,"column":20},"end":{"line":1610,"column":40}}},"202":{"name":"_isPrefixOf","line":1633,"loc":{"start":{"line":1633,"column":25},"end":{"line":1633,"column":62}}},"203":{"name":"_isSuffixOf","line":1653,"loc":{"start":{"line":1653,"column":25},"end":{"line":1653,"column":62}}},"204":{"name":"_isInfixOf","line":1668,"loc":{"start":{"line":1668,"column":24},"end":{"line":1668,"column":59}}},"205":{"name":"_find","line":1674,"loc":{"start":{"line":1674,"column":19},"end":{"line":1674,"column":41}}},"206":{"name":"_partition","line":1683,"loc":{"start":{"line":1683,"column":24},"end":{"line":1683,"column":51}}},"207":{"name":"_elemIndex","line":1695,"loc":{"start":{"line":1695,"column":24},"end":{"line":1695,"column":51}}},"208":{"name":"_elemIndex","line":1704,"loc":{"start":{"line":1704,"column":26},"end":{"line":1704,"column":53}}},"209":{"name":"_elemIndex","line":1714,"loc":{"start":{"line":1714,"column":24},"end":{"line":1714,"column":51}}},"210":{"name":"_elemIndex","line":1718,"loc":{"start":{"line":1718,"column":26},"end":{"line":1718,"column":53}}},"211":{"name":"_nub","line":1722,"loc":{"start":{"line":1722,"column":18},"end":{"line":1722,"column":36}}},"212":{"name":"_difference","line":1734,"loc":{"start":{"line":1734,"column":33},"end":{"line":1734,"column":62}}},"213":{"name":"_union","line":1749,"loc":{"start":{"line":1749,"column":20},"end":{"line":1749,"column":44}}},"214":{"name":"_intersect","line":1765,"loc":{"start":{"line":1765,"column":24},"end":{"line":1765,"column":52}}},"215":{"name":"_sort","line":1780,"loc":{"start":{"line":1780,"column":19},"end":{"line":1780,"column":38}}},"216":{"name":"(anonymous_216)","line":1787,"loc":{"start":{"line":1787,"column":14},"end":{"line":1787,"column":30}}},"217":{"name":"(anonymous_217)","line":1789,"loc":{"start":{"line":1789,"column":14},"end":{"line":1789,"column":30}}},"218":{"name":"_deleteBy","line":1796,"loc":{"start":{"line":1796,"column":23},"end":{"line":1796,"column":52}}},"219":{"name":"_delete","line":1805,"loc":{"start":{"line":1805,"column":32},"end":{"line":1805,"column":56}}},"220":{"name":"_insertBy","line":1813,"loc":{"start":{"line":1813,"column":23},"end":{"line":1813,"column":52}}},"221":{"name":"(anonymous_221)","line":1822,"loc":{"start":{"line":1822,"column":30},"end":{"line":1822,"column":41}}},"222":{"name":"_groupBy","line":1824,"loc":{"start":{"line":1824,"column":22},"end":{"line":1824,"column":47}}},"223":{"name":"(anonymous_223)","line":1844,"loc":{"start":{"line":1844,"column":29},"end":{"line":1844,"column":40}}},"224":{"name":"_sortBy","line":1846,"loc":{"start":{"line":1846,"column":21},"end":{"line":1846,"column":46}}},"225":{"name":"_maximumBy","line":1860,"loc":{"start":{"line":1860,"column":24},"end":{"line":1860,"column":51}}},"226":{"name":"(anonymous_226)","line":1861,"loc":{"start":{"line":1861,"column":25},"end":{"line":1861,"column":41}}},"227":{"name":"_minimumBy","line":1869,"loc":{"start":{"line":1869,"column":24},"end":{"line":1869,"column":51}}},"228":{"name":"(anonymous_228)","line":1870,"loc":{"start":{"line":1870,"column":25},"end":{"line":1870,"column":41}}},"229":{"name":"_maybe","line":1883,"loc":{"start":{"line":1883,"column":20},"end":{"line":1883,"column":53}}},"230":{"name":"_isJust","line":1890,"loc":{"start":{"line":1890,"column":21},"end":{"line":1890,"column":45}}},"231":{"name":"_isNothing","line":1894,"loc":{"start":{"line":1894,"column":24},"end":{"line":1894,"column":51}}},"232":{"name":"_fromMaybe","line":1898,"loc":{"start":{"line":1898,"column":24},"end":{"line":1898,"column":56}}},"233":{"name":"_listToMaybe","line":1905,"loc":{"start":{"line":1905,"column":26},"end":{"line":1905,"column":52}}},"234":{"name":"_maybeToList","line":1913,"loc":{"start":{"line":1913,"column":26},"end":{"line":1913,"column":55}}},"235":{"name":"(anonymous_235)","line":1920,"loc":{"start":{"line":1920,"column":33},"end":{"line":1920,"column":44}}},"236":{"name":"(anonymous_236)","line":1922,"loc":{"start":{"line":1922,"column":32},"end":{"line":1922,"column":43}}},"237":{"name":"_either","line":1929,"loc":{"start":{"line":1929,"column":21},"end":{"line":1929,"column":58}}},"238":{"name":"_Left","line":1941,"loc":{"start":{"line":1941,"column":19},"end":{"line":1941,"column":41}}},"239":{"name":"_Right","line":1945,"loc":{"start":{"line":1945,"column":20},"end":{"line":1945,"column":43}}},"240":{"name":"_isLeft","line":1949,"loc":{"start":{"line":1949,"column":21},"end":{"line":1949,"column":43}}},"241":{"name":"_isRight","line":1954,"loc":{"start":{"line":1954,"column":22},"end":{"line":1954,"column":45}}},"242":{"name":"_fromLeft","line":1959,"loc":{"start":{"line":1959,"column":23},"end":{"line":1959,"column":47}}},"243":{"name":"_fromRight","line":1966,"loc":{"start":{"line":1966,"column":24},"end":{"line":1966,"column":49}}},"244":{"name":"_partitionEithers","line":1983,"loc":{"start":{"line":1983,"column":31},"end":{"line":1983,"column":62}}},"245":{"name":"_values","line":1994,"loc":{"start":{"line":1994,"column":21},"end":{"line":1994,"column":46}}},"246":{"name":"(anonymous_246)","line":1996,"loc":{"start":{"line":1996,"column":9},"end":{"line":1996,"column":26}}},"247":{"name":"_clone","line":2002,"loc":{"start":{"line":2002,"column":20},"end":{"line":2002,"column":43}}},"248":{"name":"_async","line":2017,"loc":{"start":{"line":2017,"column":20},"end":{"line":2017,"column":39}}},"249":{"name":"(anonymous_249)","line":2018,"loc":{"start":{"line":2018,"column":11},"end":{"line":2018,"column":23}}},"250":{"name":"(anonymous_250)","line":2022,"loc":{"start":{"line":2022,"column":19},"end":{"line":2022,"column":31}}},"251":{"name":"(anonymous_251)","line":2024,"loc":{"start":{"line":2024,"column":19},"end":{"line":2024,"column":31}}},"252":{"name":"_run","line":2029,"loc":{"start":{"line":2029,"column":18},"end":{"line":2029,"column":47}}},"253":{"name":"(anonymous_253)","line":2040,"loc":{"start":{"line":2040,"column":18},"end":{"line":2040,"column":44}}},"254":{"name":"(anonymous_254)","line":2051,"loc":{"start":{"line":2051,"column":16},"end":{"line":2051,"column":38}}},"255":{"name":"(anonymous_255)","line":2070,"loc":{"start":{"line":2070,"column":18},"end":{"line":2070,"column":40}}},"256":{"name":"(anonymous_256)","line":2082,"loc":{"start":{"line":2082,"column":16},"end":{"line":2082,"column":42}}},"257":{"name":"(anonymous_257)","line":2083,"loc":{"start":{"line":2083,"column":18},"end":{"line":2083,"column":43}}},"258":{"name":"mkError","line":2090,"loc":{"start":{"line":2090,"column":4},"end":{"line":2090,"column":30}}},"259":{"name":"(anonymous_259)","line":2091,"loc":{"start":{"line":2091,"column":13},"end":{"line":2091,"column":33}}},"260":{"name":"(anonymous_260)","line":2092,"loc":{"start":{"line":2092,"column":19},"end":{"line":2092,"column":31}}},"261":{"name":"(anonymous_261)","line":2101,"loc":{"start":{"line":2101,"column":28},"end":{"line":2101,"column":46}}},"262":{"name":"(anonymous_262)","line":2110,"loc":{"start":{"line":2110,"column":16},"end":{"line":2110,"column":42}}},"263":{"name":"(anonymous_263)","line":2125,"loc":{"start":{"line":2125,"column":16},"end":{"line":2125,"column":36}}},"264":{"name":"visit","line":2130,"loc":{"start":{"line":2130,"column":6},"end":{"line":2130,"column":27}}},"265":{"name":"(anonymous_265)","line":2146,"loc":{"start":{"line":2146,"column":26},"end":{"line":2146,"column":43}}},"266":{"name":"_runTasks","line":2156,"loc":{"start":{"line":2156,"column":11},"end":{"line":2156,"column":40}}},"267":{"name":"(anonymous_267)","line":2160,"loc":{"start":{"line":2160,"column":31},"end":{"line":2160,"column":57}}},"268":{"name":"callbackHandle","line":2164,"loc":{"start":{"line":2164,"column":6},"end":{"line":2164,"column":40}}},"269":{"name":"(anonymous_269)","line":2165,"loc":{"start":{"line":2165,"column":15},"end":{"line":2165,"column":40}}},"270":{"name":"(anonymous_270)","line":2173,"loc":{"start":{"line":2173,"column":22},"end":{"line":2173,"column":47}}},"271":{"name":"(anonymous_271)","line":2183,"loc":{"start":{"line":2183,"column":24},"end":{"line":2183,"column":42}}},"272":{"name":"(anonymous_272)","line":2188,"loc":{"start":{"line":2188,"column":24},"end":{"line":2188,"column":43}}},"273":{"name":"execute","line":2198,"loc":{"start":{"line":2198,"column":6},"end":{"line":2198,"column":33}}},"274":{"name":"(anonymous_274)","line":2202,"loc":{"start":{"line":2202,"column":30},"end":{"line":2202,"column":52}}},"275":{"name":"(anonymous_275)","line":2211,"loc":{"start":{"line":2211,"column":22},"end":{"line":2211,"column":44}}},"276":{"name":"(anonymous_276)","line":2222,"loc":{"start":{"line":2222,"column":28},"end":{"line":2222,"column":50}}},"277":{"name":"_executeTask","line":2229,"loc":{"start":{"line":2229,"column":19},"end":{"line":2229,"column":43}}},"278":{"name":"(anonymous_278)","line":2246,"loc":{"start":{"line":2246,"column":18},"end":{"line":2246,"column":44}}},"279":{"name":"_until","line":2254,"loc":{"start":{"line":2254,"column":20},"end":{"line":2254,"column":45}}},"280":{"name":"_pipe","line":2261,"loc":{"start":{"line":2261,"column":19},"end":{"line":2261,"column":36}}},"281":{"name":"_install","line":2297,"loc":{"start":{"line":2297,"column":22},"end":{"line":2297,"column":52}}},"282":{"name":"(anonymous_282)","line":2314,"loc":{"start":{"line":2314,"column":16},"end":{"line":2314,"column":38}}}},"statementMap":{"1":{"start":{"line":2,"column":0},"end":{"line":2336,"column":5}},"2":{"start":{"line":8,"column":0},"end":{"line":8,"column":53}},"3":{"start":{"line":9,"column":0},"end":{"line":9,"column":24}},"4":{"start":{"line":10,"column":0},"end":{"line":10,"column":25}},"5":{"start":{"line":11,"column":0},"end":{"line":11,"column":26}},"6":{"start":{"line":12,"column":0},"end":{"line":12,"column":26}},"7":{"start":{"line":15,"column":0},"end":{"line":2324,"column":1}},"8":{"start":{"line":18,"column":2},"end":{"line":18,"column":26}},"9":{"start":{"line":21,"column":2},"end":{"line":21,"column":18}},"10":{"start":{"line":25,"column":2},"end":{"line":25,"column":44}},"11":{"start":{"line":26,"column":2},"end":{"line":26,"column":45}},"12":{"start":{"line":27,"column":2},"end":{"line":27,"column":46}},"13":{"start":{"line":28,"column":2},"end":{"line":28,"column":46}},"14":{"start":{"line":30,"column":2},"end":{"line":32,"column":3}},"15":{"start":{"line":31,"column":4},"end":{"line":31,"column":27}},"16":{"start":{"line":34,"column":2},"end":{"line":37,"column":4}},"17":{"start":{"line":39,"column":2},"end":{"line":39,"column":27}},"18":{"start":{"line":41,"column":2},"end":{"line":41,"column":18}},"19":{"start":{"line":43,"column":2},"end":{"line":46,"column":3}},"20":{"start":{"line":44,"column":4},"end":{"line":44,"column":26}},"21":{"start":{"line":45,"column":4},"end":{"line":45,"column":13}},"22":{"start":{"line":48,"column":2},"end":{"line":48,"column":75}},"23":{"start":{"line":48,"column":25},"end":{"line":48,"column":73}},"24":{"start":{"line":50,"column":2},"end":{"line":54,"column":3}},"25":{"start":{"line":51,"column":4},"end":{"line":51,"column":20}},"26":{"start":{"line":52,"column":4},"end":{"line":52,"column":26}},"27":{"start":{"line":53,"column":4},"end":{"line":53,"column":13}},"28":{"start":{"line":55,"column":2},"end":{"line":57,"column":3}},"29":{"start":{"line":56,"column":4},"end":{"line":56,"column":28}},"30":{"start":{"line":59,"column":2},"end":{"line":63,"column":3}},"31":{"start":{"line":60,"column":4},"end":{"line":62,"column":5}},"32":{"start":{"line":61,"column":6},"end":{"line":61,"column":72}},"33":{"start":{"line":72,"column":2},"end":{"line":74,"column":4}},"34":{"start":{"line":73,"column":4},"end":{"line":73,"column":74}},"35":{"start":{"line":78,"column":2},"end":{"line":83,"column":4}},"36":{"start":{"line":79,"column":4},"end":{"line":81,"column":5}},"37":{"start":{"line":80,"column":6},"end":{"line":80,"column":43}},"38":{"start":{"line":82,"column":4},"end":{"line":82,"column":17}},"39":{"start":{"line":86,"column":2},"end":{"line":86,"column":60}},"40":{"start":{"line":86,"column":27},"end":{"line":86,"column":58}},"41":{"start":{"line":87,"column":2},"end":{"line":87,"column":58}},"42":{"start":{"line":87,"column":27},"end":{"line":87,"column":56}},"43":{"start":{"line":88,"column":2},"end":{"line":88,"column":58}},"44":{"start":{"line":88,"column":27},"end":{"line":88,"column":56}},"45":{"start":{"line":89,"column":2},"end":{"line":89,"column":66}},"46":{"start":{"line":89,"column":27},"end":{"line":89,"column":64}},"47":{"start":{"line":90,"column":2},"end":{"line":90,"column":55}},"48":{"start":{"line":90,"column":27},"end":{"line":90,"column":53}},"49":{"start":{"line":95,"column":2},"end":{"line":126,"column":7}},"50":{"start":{"line":96,"column":4},"end":{"line":107,"column":43}},"51":{"start":{"line":109,"column":4},"end":{"line":125,"column":6}},"52":{"start":{"line":110,"column":6},"end":{"line":110,"column":31}},"53":{"start":{"line":112,"column":6},"end":{"line":116,"column":7}},"54":{"start":{"line":113,"column":8},"end":{"line":115,"column":9}},"55":{"start":{"line":114,"column":10},"end":{"line":114,"column":28}},"56":{"start":{"line":117,"column":6},"end":{"line":123,"column":7}},"57":{"start":{"line":118,"column":8},"end":{"line":122,"column":9}},"58":{"start":{"line":119,"column":10},"end":{"line":121,"column":11}},"59":{"start":{"line":120,"column":12},"end":{"line":120,"column":38}},"60":{"start":{"line":124,"column":6},"end":{"line":124,"column":20}},"61":{"start":{"line":132,"column":2},"end":{"line":148,"column":7}},"62":{"start":{"line":134,"column":4},"end":{"line":136,"column":6}},"63":{"start":{"line":135,"column":6},"end":{"line":135,"column":19}},"64":{"start":{"line":138,"column":4},"end":{"line":141,"column":6}},"65":{"start":{"line":139,"column":6},"end":{"line":139,"column":28}},"66":{"start":{"line":140,"column":6},"end":{"line":140,"column":18}},"67":{"start":{"line":143,"column":4},"end":{"line":145,"column":6}},"68":{"start":{"line":144,"column":6},"end":{"line":144,"column":37}},"69":{"start":{"line":147,"column":4},"end":{"line":147,"column":15}},"70":{"start":{"line":151,"column":2},"end":{"line":151,"column":54}},"71":{"start":{"line":151,"column":34},"end":{"line":151,"column":51}},"72":{"start":{"line":152,"column":2},"end":{"line":154,"column":3}},"73":{"start":{"line":153,"column":4},"end":{"line":153,"column":30}},"74":{"start":{"line":157,"column":2},"end":{"line":157,"column":30}},"75":{"start":{"line":157,"column":19},"end":{"line":157,"column":28}},"76":{"start":{"line":160,"column":2},"end":{"line":160,"column":49}},"77":{"start":{"line":160,"column":29},"end":{"line":160,"column":47}},"78":{"start":{"line":167,"column":2},"end":{"line":211,"column":3}},"79":{"start":{"line":168,"column":4},"end":{"line":168,"column":14}},"80":{"start":{"line":169,"column":4},"end":{"line":169,"column":14}},"81":{"start":{"line":170,"column":4},"end":{"line":170,"column":19}},"82":{"start":{"line":172,"column":4},"end":{"line":172,"column":16}},"83":{"start":{"line":173,"column":4},"end":{"line":173,"column":16}},"84":{"start":{"line":175,"column":4},"end":{"line":175,"column":18}},"85":{"start":{"line":176,"column":4},"end":{"line":176,"column":17}},"86":{"start":{"line":179,"column":4},"end":{"line":190,"column":5}},"87":{"start":{"line":180,"column":6},"end":{"line":189,"column":7}},"88":{"start":{"line":181,"column":8},"end":{"line":181,"column":22}},"89":{"start":{"line":182,"column":8},"end":{"line":182,"column":25}},"90":{"start":{"line":183,"column":8},"end":{"line":183,"column":22}},"91":{"start":{"line":184,"column":13},"end":{"line":189,"column":7}},"92":{"start":{"line":185,"column":8},"end":{"line":185,"column":25}},"93":{"start":{"line":187,"column":8},"end":{"line":187,"column":23}},"94":{"start":{"line":188,"column":8},"end":{"line":188,"column":22}},"95":{"start":{"line":193,"column":4},"end":{"line":208,"column":5}},"96":{"start":{"line":194,"column":6},"end":{"line":207,"column":7}},"97":{"start":{"line":195,"column":8},"end":{"line":197,"column":9}},"98":{"start":{"line":196,"column":10},"end":{"line":196,"column":19}},"99":{"start":{"line":198,"column":8},"end":{"line":198,"column":18}},"100":{"start":{"line":200,"column":8},"end":{"line":206,"column":9}},"101":{"start":{"line":201,"column":10},"end":{"line":201,"column":31}},"102":{"start":{"line":202,"column":10},"end":{"line":202,"column":23}},"103":{"start":{"line":204,"column":10},"end":{"line":204,"column":16}},"104":{"start":{"line":205,"column":10},"end":{"line":205,"column":20}},"105":{"start":{"line":210,"column":4},"end":{"line":210,"column":14}},"106":{"start":{"line":227,"column":2},"end":{"line":326,"column":4}},"107":{"start":{"line":232,"column":6},"end":{"line":240,"column":8}},"108":{"start":{"line":233,"column":8},"end":{"line":238,"column":9}},"109":{"start":{"line":235,"column":10},"end":{"line":237,"column":12}},"110":{"start":{"line":236,"column":12},"end":{"line":236,"column":28}},"111":{"start":{"line":239,"column":8},"end":{"line":239,"column":24}},"112":{"start":{"line":243,"column":6},"end":{"line":255,"column":8}},"113":{"start":{"line":244,"column":8},"end":{"line":253,"column":9}},"114":{"start":{"line":246,"column":10},"end":{"line":248,"column":13}},"115":{"start":{"line":247,"column":12},"end":{"line":247,"column":31}},"116":{"start":{"line":250,"column":10},"end":{"line":252,"column":12}},"117":{"start":{"line":251,"column":12},"end":{"line":251,"column":31}},"118":{"start":{"line":254,"column":8},"end":{"line":254,"column":27}},"119":{"start":{"line":258,"column":6},"end":{"line":274,"column":8}},"120":{"start":{"line":259,"column":8},"end":{"line":272,"column":9}},"121":{"start":{"line":261,"column":10},"end":{"line":263,"column":13}},"122":{"start":{"line":262,"column":12},"end":{"line":262,"column":34}},"123":{"start":{"line":265,"column":10},"end":{"line":267,"column":13}},"124":{"start":{"line":266,"column":12},"end":{"line":266,"column":34}},"125":{"start":{"line":269,"column":10},"end":{"line":271,"column":12}},"126":{"start":{"line":270,"column":12},"end":{"line":270,"column":34}},"127":{"start":{"line":273,"column":8},"end":{"line":273,"column":30}},"128":{"start":{"line":277,"column":6},"end":{"line":297,"column":8}},"129":{"start":{"line":278,"column":8},"end":{"line":295,"column":9}},"130":{"start":{"line":280,"column":10},"end":{"line":282,"column":13}},"131":{"start":{"line":281,"column":12},"end":{"line":281,"column":37}},"132":{"start":{"line":284,"column":10},"end":{"line":286,"column":13}},"133":{"start":{"line":285,"column":12},"end":{"line":285,"column":37}},"134":{"start":{"line":288,"column":10},"end":{"line":290,"column":13}},"135":{"start":{"line":289,"column":12},"end":{"line":289,"column":37}},"136":{"start":{"line":292,"column":10},"end":{"line":294,"column":12}},"137":{"start":{"line":293,"column":12},"end":{"line":293,"column":37}},"138":{"start":{"line":296,"column":8},"end":{"line":296,"column":33}},"139":{"start":{"line":300,"column":6},"end":{"line":324,"column":8}},"140":{"start":{"line":301,"column":8},"end":{"line":322,"column":9}},"141":{"start":{"line":303,"column":10},"end":{"line":305,"column":13}},"142":{"start":{"line":304,"column":12},"end":{"line":304,"column":40}},"143":{"start":{"line":307,"column":10},"end":{"line":309,"column":13}},"144":{"start":{"line":308,"column":12},"end":{"line":308,"column":40}},"145":{"start":{"line":311,"column":10},"end":{"line":313,"column":13}},"146":{"start":{"line":312,"column":12},"end":{"line":312,"column":40}},"147":{"start":{"line":315,"column":10},"end":{"line":317,"column":13}},"148":{"start":{"line":316,"column":12},"end":{"line":316,"column":40}},"149":{"start":{"line":319,"column":10},"end":{"line":321,"column":12}},"150":{"start":{"line":320,"column":12},"end":{"line":320,"column":40}},"151":{"start":{"line":323,"column":8},"end":{"line":323,"column":36}},"152":{"start":{"line":330,"column":2},"end":{"line":330,"column":66}},"153":{"start":{"line":330,"column":35},"end":{"line":330,"column":63}},"154":{"start":{"line":331,"column":2},"end":{"line":331,"column":35}},"155":{"start":{"line":334,"column":2},"end":{"line":334,"column":23}},"156":{"start":{"line":337,"column":2},"end":{"line":337,"column":24}},"157":{"start":{"line":340,"column":2},"end":{"line":342,"column":3}},"158":{"start":{"line":341,"column":4},"end":{"line":341,"column":34}},"159":{"start":{"line":344,"column":2},"end":{"line":350,"column":3}},"160":{"start":{"line":345,"column":4},"end":{"line":345,"column":36}},"161":{"start":{"line":346,"column":4},"end":{"line":346,"column":68}},"162":{"start":{"line":346,"column":52},"end":{"line":346,"column":65}},"163":{"start":{"line":347,"column":4},"end":{"line":347,"column":43}},"164":{"start":{"line":348,"column":4},"end":{"line":348,"column":32}},"165":{"start":{"line":349,"column":4},"end":{"line":349,"column":17}},"166":{"start":{"line":352,"column":2},"end":{"line":355,"column":3}},"167":{"start":{"line":353,"column":4},"end":{"line":353,"column":19}},"168":{"start":{"line":354,"column":4},"end":{"line":354,"column":13}},"169":{"start":{"line":360,"column":2},"end":{"line":389,"column":3}},"170":{"start":{"line":361,"column":4},"end":{"line":361,"column":42}},"171":{"start":{"line":363,"column":4},"end":{"line":363,"column":22}},"172":{"start":{"line":365,"column":4},"end":{"line":375,"column":5}},"173":{"start":{"line":366,"column":6},"end":{"line":366,"column":25}},"174":{"start":{"line":367,"column":6},"end":{"line":374,"column":7}},"175":{"start":{"line":369,"column":8},"end":{"line":369,"column":26}},"176":{"start":{"line":370,"column":8},"end":{"line":370,"column":14}},"177":{"start":{"line":372,"column":8},"end":{"line":372,"column":16}},"178":{"start":{"line":373,"column":8},"end":{"line":373,"column":14}},"179":{"start":{"line":376,"column":4},"end":{"line":376,"column":52}},"180":{"start":{"line":377,"column":4},"end":{"line":377,"column":31}},"181":{"start":{"line":378,"column":4},"end":{"line":380,"column":5}},"182":{"start":{"line":379,"column":6},"end":{"line":379,"column":36}},"183":{"start":{"line":382,"column":4},"end":{"line":382,"column":26}},"184":{"start":{"line":383,"column":4},"end":{"line":383,"column":34}},"185":{"start":{"line":384,"column":4},"end":{"line":384,"column":31}},"186":{"start":{"line":385,"column":4},"end":{"line":385,"column":54}},"187":{"start":{"line":386,"column":4},"end":{"line":386,"column":35}},"188":{"start":{"line":388,"column":4},"end":{"line":388,"column":20}},"189":{"start":{"line":402,"column":2},"end":{"line":402,"column":17}},"190":{"start":{"line":404,"column":2},"end":{"line":404,"column":37}},"191":{"start":{"line":405,"column":2},"end":{"line":405,"column":33}},"192":{"start":{"line":406,"column":2},"end":{"line":406,"column":31}},"193":{"start":{"line":407,"column":2},"end":{"line":407,"column":33}},"194":{"start":{"line":408,"column":2},"end":{"line":408,"column":33}},"195":{"start":{"line":409,"column":2},"end":{"line":409,"column":37}},"196":{"start":{"line":410,"column":2},"end":{"line":410,"column":33}},"197":{"start":{"line":413,"column":2},"end":{"line":413,"column":21}},"198":{"start":{"line":415,"column":2},"end":{"line":415,"column":21}},"199":{"start":{"line":417,"column":2},"end":{"line":421,"column":5}},"200":{"start":{"line":418,"column":4},"end":{"line":420,"column":6}},"201":{"start":{"line":419,"column":6},"end":{"line":419,"column":15}},"202":{"start":{"line":423,"column":2},"end":{"line":425,"column":5}},"203":{"start":{"line":424,"column":4},"end":{"line":424,"column":13}},"204":{"start":{"line":427,"column":2},"end":{"line":429,"column":5}},"205":{"start":{"line":428,"column":4},"end":{"line":428,"column":16}},"206":{"start":{"line":431,"column":2},"end":{"line":433,"column":5}},"207":{"start":{"line":432,"column":4},"end":{"line":432,"column":15}},"208":{"start":{"line":435,"column":2},"end":{"line":437,"column":5}},"209":{"start":{"line":436,"column":4},"end":{"line":436,"column":19}},"210":{"start":{"line":439,"column":2},"end":{"line":441,"column":5}},"211":{"start":{"line":440,"column":4},"end":{"line":440,"column":22}},"212":{"start":{"line":443,"column":2},"end":{"line":447,"column":5}},"213":{"start":{"line":444,"column":4},"end":{"line":446,"column":7}},"214":{"start":{"line":445,"column":6},"end":{"line":445,"column":21}},"215":{"start":{"line":450,"column":2},"end":{"line":452,"column":5}},"216":{"start":{"line":451,"column":4},"end":{"line":451,"column":25}},"217":{"start":{"line":457,"column":2},"end":{"line":457,"column":19}},"218":{"start":{"line":459,"column":2},"end":{"line":459,"column":64}},"219":{"start":{"line":459,"column":46},"end":{"line":459,"column":60}},"220":{"start":{"line":461,"column":2},"end":{"line":461,"column":62}},"221":{"start":{"line":461,"column":44},"end":{"line":461,"column":58}},"222":{"start":{"line":463,"column":2},"end":{"line":463,"column":59}},"223":{"start":{"line":463,"column":41},"end":{"line":463,"column":55}},"224":{"start":{"line":465,"column":2},"end":{"line":467,"column":5}},"225":{"start":{"line":466,"column":4},"end":{"line":466,"column":27}},"226":{"start":{"line":472,"column":2},"end":{"line":472,"column":18}},"227":{"start":{"line":474,"column":2},"end":{"line":474,"column":57}},"228":{"start":{"line":474,"column":39},"end":{"line":474,"column":53}},"229":{"start":{"line":476,"column":2},"end":{"line":476,"column":57}},"230":{"start":{"line":476,"column":39},"end":{"line":476,"column":53}},"231":{"start":{"line":478,"column":2},"end":{"line":478,"column":69}},"232":{"start":{"line":478,"column":49},"end":{"line":478,"column":65}},"233":{"start":{"line":480,"column":2},"end":{"line":480,"column":78}},"234":{"start":{"line":480,"column":55},"end":{"line":480,"column":74}},"235":{"start":{"line":482,"column":2},"end":{"line":482,"column":85}},"236":{"start":{"line":482,"column":59},"end":{"line":482,"column":81}},"237":{"start":{"line":487,"column":2},"end":{"line":487,"column":23}},"238":{"start":{"line":489,"column":2},"end":{"line":508,"column":5}},"239":{"start":{"line":490,"column":4},"end":{"line":492,"column":5}},"240":{"start":{"line":491,"column":6},"end":{"line":491,"column":18}},"241":{"start":{"line":493,"column":4},"end":{"line":493,"column":22}},"242":{"start":{"line":494,"column":4},"end":{"line":494,"column":22}},"243":{"start":{"line":495,"column":4},"end":{"line":497,"column":5}},"244":{"start":{"line":496,"column":6},"end":{"line":496,"column":19}},"245":{"start":{"line":498,"column":4},"end":{"line":506,"column":5}},"246":{"start":{"line":499,"column":6},"end":{"line":499,"column":45}},"247":{"start":{"line":500,"column":6},"end":{"line":504,"column":7}},"248":{"start":{"line":501,"column":8},"end":{"line":503,"column":9}},"249":{"start":{"line":502,"column":10},"end":{"line":502,"column":23}},"250":{"start":{"line":505,"column":6},"end":{"line":505,"column":18}},"251":{"start":{"line":507,"column":4},"end":{"line":507,"column":17}},"252":{"start":{"line":510,"column":2},"end":{"line":512,"column":5}},"253":{"start":{"line":511,"column":4},"end":{"line":511,"column":28}},"254":{"start":{"line":517,"column":2},"end":{"line":538,"column":5}},"255":{"start":{"line":518,"column":4},"end":{"line":536,"column":5}},"256":{"start":{"line":520,"column":6},"end":{"line":520,"column":32}},"257":{"start":{"line":522,"column":6},"end":{"line":532,"column":7}},"258":{"start":{"line":523,"column":8},"end":{"line":523,"column":30}},"259":{"start":{"line":524,"column":13},"end":{"line":532,"column":7}},"260":{"start":{"line":525,"column":8},"end":{"line":530,"column":9}},"261":{"start":{"line":526,"column":10},"end":{"line":526,"column":45}},"262":{"start":{"line":527,"column":10},"end":{"line":529,"column":11}},"263":{"start":{"line":528,"column":14},"end":{"line":528,"column":23}},"264":{"start":{"line":531,"column":8},"end":{"line":531,"column":17}},"265":{"start":{"line":533,"column":6},"end":{"line":533,"column":54}},"266":{"start":{"line":535,"column":6},"end":{"line":535,"column":34}},"267":{"start":{"line":537,"column":4},"end":{"line":537,"column":21}},"268":{"start":{"line":540,"column":2},"end":{"line":542,"column":5}},"269":{"start":{"line":541,"column":4},"end":{"line":541,"column":36}},"270":{"start":{"line":544,"column":2},"end":{"line":546,"column":5}},"271":{"start":{"line":545,"column":4},"end":{"line":545,"column":36}},"272":{"start":{"line":548,"column":2},"end":{"line":550,"column":5}},"273":{"start":{"line":549,"column":4},"end":{"line":549,"column":37}},"274":{"start":{"line":552,"column":2},"end":{"line":554,"column":5}},"275":{"start":{"line":553,"column":4},"end":{"line":553,"column":37}},"276":{"start":{"line":556,"column":2},"end":{"line":561,"column":5}},"277":{"start":{"line":557,"column":4},"end":{"line":559,"column":5}},"278":{"start":{"line":558,"column":6},"end":{"line":558,"column":15}},"279":{"start":{"line":560,"column":4},"end":{"line":560,"column":13}},"280":{"start":{"line":563,"column":2},"end":{"line":568,"column":5}},"281":{"start":{"line":564,"column":4},"end":{"line":566,"column":5}},"282":{"start":{"line":565,"column":6},"end":{"line":565,"column":15}},"283":{"start":{"line":567,"column":4},"end":{"line":567,"column":13}},"284":{"start":{"line":570,"column":2},"end":{"line":572,"column":5}},"285":{"start":{"line":571,"column":4},"end":{"line":571,"column":38}},"286":{"start":{"line":577,"column":2},"end":{"line":577,"column":22}},"287":{"start":{"line":579,"column":2},"end":{"line":579,"column":35}},"288":{"start":{"line":581,"column":2},"end":{"line":583,"column":5}},"289":{"start":{"line":582,"column":4},"end":{"line":582,"column":30}},"290":{"start":{"line":585,"column":2},"end":{"line":587,"column":5}},"291":{"start":{"line":586,"column":4},"end":{"line":586,"column":33}},"292":{"start":{"line":589,"column":2},"end":{"line":591,"column":5}},"293":{"start":{"line":590,"column":4},"end":{"line":590,"column":33}},"294":{"start":{"line":593,"column":2},"end":{"line":595,"column":5}},"295":{"start":{"line":594,"column":4},"end":{"line":594,"column":33}},"296":{"start":{"line":597,"column":2},"end":{"line":599,"column":5}},"297":{"start":{"line":598,"column":4},"end":{"line":598,"column":27}},"298":{"start":{"line":601,"column":2},"end":{"line":603,"column":5}},"299":{"start":{"line":602,"column":4},"end":{"line":602,"column":34}},"300":{"start":{"line":608,"column":2},"end":{"line":608,"column":19}},"301":{"start":{"line":610,"column":2},"end":{"line":612,"column":5}},"302":{"start":{"line":611,"column":4},"end":{"line":611,"column":17}},"303":{"start":{"line":614,"column":2},"end":{"line":616,"column":5}},"304":{"start":{"line":615,"column":4},"end":{"line":615,"column":17}},"305":{"start":{"line":618,"column":2},"end":{"line":620,"column":5}},"306":{"start":{"line":619,"column":4},"end":{"line":619,"column":17}},"307":{"start":{"line":622,"column":2},"end":{"line":622,"column":28}},"308":{"start":{"line":624,"column":2},"end":{"line":624,"column":57}},"309":{"start":{"line":624,"column":43},"end":{"line":624,"column":53}},"310":{"start":{"line":626,"column":2},"end":{"line":633,"column":5}},"311":{"start":{"line":627,"column":4},"end":{"line":631,"column":5}},"312":{"start":{"line":628,"column":6},"end":{"line":628,"column":15}},"313":{"start":{"line":629,"column":11},"end":{"line":631,"column":5}},"314":{"start":{"line":630,"column":6},"end":{"line":630,"column":15}},"315":{"start":{"line":632,"column":4},"end":{"line":632,"column":14}},"316":{"start":{"line":638,"column":2},"end":{"line":638,"column":69}},"317":{"start":{"line":638,"column":40},"end":{"line":638,"column":65}},"318":{"start":{"line":640,"column":2},"end":{"line":643,"column":5}},"319":{"start":{"line":641,"column":4},"end":{"line":641,"column":18}},"320":{"start":{"line":642,"column":4},"end":{"line":642,"column":49}},"321":{"start":{"line":645,"column":2},"end":{"line":645,"column":57}},"322":{"start":{"line":645,"column":40},"end":{"line":645,"column":53}},"323":{"start":{"line":647,"column":2},"end":{"line":651,"column":5}},"324":{"start":{"line":648,"column":4},"end":{"line":648,"column":30}},"325":{"start":{"line":649,"column":4},"end":{"line":649,"column":29}},"326":{"start":{"line":650,"column":4},"end":{"line":650,"column":61}},"327":{"start":{"line":653,"column":2},"end":{"line":655,"column":5}},"328":{"start":{"line":654,"column":4},"end":{"line":654,"column":48}},"329":{"start":{"line":657,"column":2},"end":{"line":659,"column":5}},"330":{"start":{"line":658,"column":4},"end":{"line":658,"column":49}},"331":{"start":{"line":664,"column":2},"end":{"line":664,"column":64}},"332":{"start":{"line":664,"column":47},"end":{"line":664,"column":60}},"333":{"start":{"line":666,"column":2},"end":{"line":666,"column":58}},"334":{"start":{"line":666,"column":41},"end":{"line":666,"column":54}},"335":{"start":{"line":671,"column":2},"end":{"line":671,"column":28}},"336":{"start":{"line":673,"column":2},"end":{"line":673,"column":30}},"337":{"start":{"line":675,"column":2},"end":{"line":675,"column":28}},"338":{"start":{"line":677,"column":2},"end":{"line":679,"column":5}},"339":{"start":{"line":678,"column":4},"end":{"line":678,"column":37}},"340":{"start":{"line":681,"column":2},"end":{"line":681,"column":45}},"341":{"start":{"line":683,"column":2},"end":{"line":683,"column":28}},"342":{"start":{"line":685,"column":2},"end":{"line":685,"column":28}},"343":{"start":{"line":687,"column":2},"end":{"line":687,"column":28}},"344":{"start":{"line":689,"column":2},"end":{"line":689,"column":30}},"345":{"start":{"line":691,"column":2},"end":{"line":691,"column":30}},"346":{"start":{"line":693,"column":2},"end":{"line":693,"column":30}},"347":{"start":{"line":695,"column":2},"end":{"line":697,"column":5}},"348":{"start":{"line":696,"column":4},"end":{"line":696,"column":44}},"349":{"start":{"line":699,"column":2},"end":{"line":707,"column":5}},"350":{"start":{"line":700,"column":4},"end":{"line":706,"column":5}},"351":{"start":{"line":701,"column":6},"end":{"line":701,"column":15}},"352":{"start":{"line":702,"column":11},"end":{"line":706,"column":5}},"353":{"start":{"line":703,"column":6},"end":{"line":703,"column":16}},"354":{"start":{"line":705,"column":6},"end":{"line":705,"column":73}},"355":{"start":{"line":709,"column":2},"end":{"line":711,"column":5}},"356":{"start":{"line":710,"column":4},"end":{"line":710,"column":44}},"357":{"start":{"line":713,"column":2},"end":{"line":719,"column":5}},"358":{"start":{"line":714,"column":4},"end":{"line":718,"column":5}},"359":{"start":{"line":715,"column":6},"end":{"line":715,"column":15}},"360":{"start":{"line":717,"column":6},"end":{"line":717,"column":48}},"361":{"start":{"line":721,"column":2},"end":{"line":723,"column":5}},"362":{"start":{"line":722,"column":4},"end":{"line":722,"column":43}},"363":{"start":{"line":725,"column":2},"end":{"line":727,"column":5}},"364":{"start":{"line":726,"column":4},"end":{"line":726,"column":46}},"365":{"start":{"line":732,"column":2},"end":{"line":735,"column":5}},"366":{"start":{"line":733,"column":4},"end":{"line":733,"column":33}},"367":{"start":{"line":734,"column":4},"end":{"line":734,"column":31}},"368":{"start":{"line":737,"column":2},"end":{"line":745,"column":5}},"369":{"start":{"line":738,"column":4},"end":{"line":743,"column":5}},"370":{"start":{"line":740,"column":6},"end":{"line":740,"column":26}},"371":{"start":{"line":742,"column":6},"end":{"line":742,"column":27}},"372":{"start":{"line":744,"column":4},"end":{"line":744,"column":13}},"373":{"start":{"line":747,"column":2},"end":{"line":759,"column":5}},"374":{"start":{"line":748,"column":4},"end":{"line":748,"column":44}},"375":{"start":{"line":749,"column":4},"end":{"line":749,"column":24}},"376":{"start":{"line":750,"column":4},"end":{"line":750,"column":44}},"377":{"start":{"line":751,"column":4},"end":{"line":758,"column":5}},"378":{"start":{"line":753,"column":8},"end":{"line":753,"column":17}},"379":{"start":{"line":755,"column":8},"end":{"line":755,"column":35}},"380":{"start":{"line":757,"column":8},"end":{"line":757,"column":17}},"381":{"start":{"line":761,"column":2},"end":{"line":761,"column":33}},"382":{"start":{"line":763,"column":2},"end":{"line":763,"column":32}},"383":{"start":{"line":773,"column":2},"end":{"line":781,"column":5}},"384":{"start":{"line":774,"column":4},"end":{"line":774,"column":10}},"385":{"start":{"line":775,"column":4},"end":{"line":779,"column":5}},"386":{"start":{"line":776,"column":6},"end":{"line":776,"column":27}},"387":{"start":{"line":777,"column":6},"end":{"line":777,"column":12}},"388":{"start":{"line":778,"column":6},"end":{"line":778,"column":12}},"389":{"start":{"line":780,"column":4},"end":{"line":780,"column":13}},"390":{"start":{"line":783,"column":2},"end":{"line":788,"column":5}},"391":{"start":{"line":784,"column":4},"end":{"line":786,"column":5}},"392":{"start":{"line":785,"column":6},"end":{"line":785,"column":15}},"393":{"start":{"line":787,"column":4},"end":{"line":787,"column":58}},"394":{"start":{"line":790,"column":2},"end":{"line":790,"column":64}},"395":{"start":{"line":790,"column":39},"end":{"line":790,"column":60}},"396":{"start":{"line":792,"column":2},"end":{"line":792,"column":62}},"397":{"start":{"line":792,"column":37},"end":{"line":792,"column":58}},"398":{"start":{"line":795,"column":2},"end":{"line":795,"column":19}},"399":{"start":{"line":797,"column":2},"end":{"line":813,"column":5}},"400":{"start":{"line":798,"column":4},"end":{"line":800,"column":5}},"401":{"start":{"line":799,"column":6},"end":{"line":799,"column":16}},"402":{"start":{"line":801,"column":4},"end":{"line":805,"column":5}},"403":{"start":{"line":802,"column":6},"end":{"line":804,"column":9}},"404":{"start":{"line":803,"column":8},"end":{"line":803,"column":20}},"405":{"start":{"line":806,"column":4},"end":{"line":806,"column":14}},"406":{"start":{"line":807,"column":4},"end":{"line":812,"column":7}},"407":{"start":{"line":808,"column":6},"end":{"line":810,"column":7}},"408":{"start":{"line":809,"column":8},"end":{"line":809,"column":23}},"409":{"start":{"line":811,"column":6},"end":{"line":811,"column":17}},"410":{"start":{"line":815,"column":2},"end":{"line":825,"column":5}},"411":{"start":{"line":816,"column":4},"end":{"line":818,"column":5}},"412":{"start":{"line":817,"column":6},"end":{"line":817,"column":16}},"413":{"start":{"line":819,"column":4},"end":{"line":819,"column":20}},"414":{"start":{"line":820,"column":4},"end":{"line":820,"column":19}},"415":{"start":{"line":821,"column":4},"end":{"line":823,"column":5}},"416":{"start":{"line":822,"column":6},"end":{"line":822,"column":17}},"417":{"start":{"line":824,"column":4},"end":{"line":824,"column":14}},"418":{"start":{"line":827,"column":2},"end":{"line":836,"column":5}},"419":{"start":{"line":828,"column":4},"end":{"line":830,"column":5}},"420":{"start":{"line":829,"column":6},"end":{"line":829,"column":21}},"421":{"start":{"line":831,"column":4},"end":{"line":831,"column":19}},"422":{"start":{"line":832,"column":4},"end":{"line":834,"column":5}},"423":{"start":{"line":833,"column":6},"end":{"line":833,"column":14}},"424":{"start":{"line":835,"column":4},"end":{"line":835,"column":14}},"425":{"start":{"line":838,"column":2},"end":{"line":854,"column":5}},"426":{"start":{"line":839,"column":4},"end":{"line":853,"column":5}},"427":{"start":{"line":840,"column":6},"end":{"line":840,"column":12}},"428":{"start":{"line":841,"column":6},"end":{"line":843,"column":7}},"429":{"start":{"line":842,"column":8},"end":{"line":842,"column":13}},"430":{"start":{"line":844,"column":11},"end":{"line":853,"column":5}},"431":{"start":{"line":845,"column":6},"end":{"line":847,"column":7}},"432":{"start":{"line":846,"column":8},"end":{"line":846,"column":20}},"433":{"start":{"line":848,"column":11},"end":{"line":853,"column":5}},"434":{"start":{"line":849,"column":6},"end":{"line":849,"column":24}},"435":{"start":{"line":850,"column":6},"end":{"line":852,"column":7}},"436":{"start":{"line":851,"column":8},"end":{"line":851,"column":28}},"437":{"start":{"line":856,"column":2},"end":{"line":896,"column":5}},"438":{"start":{"line":857,"column":4},"end":{"line":895,"column":5}},"439":{"start":{"line":858,"column":6},"end":{"line":860,"column":7}},"440":{"start":{"line":859,"column":8},"end":{"line":859,"column":18}},"441":{"start":{"line":861,"column":6},"end":{"line":861,"column":19}},"442":{"start":{"line":862,"column":6},"end":{"line":862,"column":27}},"443":{"start":{"line":863,"column":6},"end":{"line":863,"column":16}},"444":{"start":{"line":864,"column":6},"end":{"line":877,"column":9
[...]
e":"binary-expr","locations":[{"start":{"line":1950,"column":11},"end":{"line":1950,"column":33}},{"start":{"line":1951,"column":7},"end":{"line":1951,"column":27}},{"start":{"line":1951,"column":31},"end":{"line":1951,"column":46}}]},"234":{"line":1955,"type":"binary-expr","locations":[{"start":{"line":1955,"column":12},"end":{"line":1955,"column":35}},{"start":{"line":1955,"column":39},"end":{"line":1955,"column":59}},{"start":{"line":1956,"column":6},"end":{"line":1956,"column":25}}]},"235":{"line":1960,"type":"if","locations":[{"start":{"line":1960,"column":4},"end":{"line":1960,"column":4}},{"start":{"line":1960,"column":4},"end":{"line":1960,"column":4}}]},"236":{"line":1967,"type":"if","locations":[{"start":{"line":1967,"column":4},"end":{"line":1967,"column":4}},{"start":{"line":1967,"column":4},"end":{"line":1967,"column":4}}]},"237":{"line":2003,"type":"if","locations":[{"start":{"line":2003,"column":4},"end":{"line":2003,"column":4}},{"start":{"line":2003,"column":4},"end":{"line":2003,"column":4}}]},"238":{"line":2004,"type":"if","locations":[{"start":{"line":2004,"column":6},"end":{"line":2004,"column":6}},{"start":{"line":2004,"column":6},"end":{"line":2004,"column":6}}]},"239":{"line":2031,"type":"if","locations":[{"start":{"line":2031,"column":4},"end":{"line":2031,"column":4}},{"start":{"line":2031,"column":4},"end":{"line":2031,"column":4}}]},"240":{"line":2037,"type":"if","locations":[{"start":{"line":2037,"column":4},"end":{"line":2037,"column":4}},{"start":{"line":2037,"column":4},"end":{"line":2037,"column":4}}]},"241":{"line":2041,"type":"cond-expr","locations":[{"start":{"line":2041,"column":44},"end":{"line":2041,"column":48}},{"start":{"line":2041,"column":51},"end":{"line":2041,"column":65}}]},"242":{"line":2054,"type":"if","locations":[{"start":{"line":2054,"column":6},"end":{"line":2054,"column":6}},{"start":{"line":2054,"column":6},"end":{"line":2054,"column":6}}]},"243":{"line":2058,"type":"if","locations":[{"start":{"line":2058,"column":8},"end":{"line":2058,"column":8}},{"start":{"line":2058,"column":8},"end":{"line":2058,"column":8}}]},"244":{"line":2068,"type":"cond-expr","locations":[{"start":{"line":2068,"column":31},"end":{"line":2068,"column":50}},{"start":{"line":2068,"column":53},"end":{"line":2068,"column":55}}]},"245":{"line":2072,"type":"if","locations":[{"start":{"line":2072,"column":8},"end":{"line":2072,"column":8}},{"start":{"line":2072,"column":8},"end":{"line":2072,"column":8}}]},"246":{"line":2084,"type":"if","locations":[{"start":{"line":2084,"column":8},"end":{"line":2084,"column":8}},{"start":{"line":2084,"column":8},"end":{"line":2084,"column":8}}]},"247":{"line":2098,"type":"if","locations":[{"start":{"line":2098,"column":4},"end":{"line":2098,"column":4}},{"start":{"line":2098,"column":4},"end":{"line":2098,"column":4}}]},"248":{"line":2111,"type":"if","locations":[{"start":{"line":2111,"column":6},"end":{"line":2111,"column":6}},{"start":{"line":2111,"column":6},"end":{"line":2111,"column":6}}]},"249":{"line":2116,"type":"if","locations":[{"start":{"line":2116,"column":4},"end":{"line":2116,"column":4}},{"start":{"line":2116,"column":4},"end":{"line":2116,"column":4}}]},"250":{"line":2132,"type":"if","locations":[{"start":{"line":2132,"column":8},"end":{"line":2132,"column":8}},{"start":{"line":2132,"column":8},"end":{"line":2132,"column":8}}]},"251":{"line":2145,"type":"if","locations":[{"start":{"line":2145,"column":4},"end":{"line":2145,"column":4}},{"start":{"line":2145,"column":4},"end":{"line":2145,"column":4}}]},"252":{"line":2166,"type":"if","locations":[{"start":{"line":2166,"column":10},"end":{"line":2166,"column":10}},{"start":{"line":2166,"column":10},"end":{"line":2166,"column":10}}]},"253":{"line":2175,"type":"if","locations":[{"start":{"line":2175,"column":12},"end":{"line":2175,"column":12}},{"start":{"line":2175,"column":12},"end":{"line":2175,"column":12}}]},"254":{"line":2181,"type":"if","locations":[{"start":{"line":2181,"column":10},"end":{"line":2181,"column":10}},{"start":{"line":2181,"column":10},"end":{"line":2181,"column":10}}]},"255":{"line":2190,"type":"if","locations":[{"start":{"line":2190,"column":14},"end":{"line":2190,"column":14}},{"start":{"line":2190,"column":14},"end":{"line":2190,"column":14}}]},"256":{"line":2203,"type":"if","locations":[{"start":{"line":2203,"column":14},"end":{"line":2203,"column":14}},{"start":{"line":2203,"column":14},"end":{"line":2203,"column":14}}]},"257":{"line":2209,"type":"if","locations":[{"start":{"line":2209,"column":8},"end":{"line":2209,"column":8}},{"start":{"line":2209,"column":8},"end":{"line":2209,"column":8}}]},"258":{"line":2209,"type":"binary-expr","locations":[{"start":{"line":2209,"column":12},"end":{"line":2209,"column":30}},{"start":{"line":2209,"column":34},"end":{"line":2209,"column":66}}]},"259":{"line":2214,"type":"if","locations":[{"start":{"line":2214,"column":12},"end":{"line":2214,"column":12}},{"start":{"line":2214,"column":12},"end":{"line":2214,"column":12}}]},"260":{"line":2221,"type":"binary-expr","locations":[{"start":{"line":2221,"column":23},"end":{"line":2221,"column":55}},{"start":{"line":2221,"column":59},"end":{"line":2221,"column":69}}]},"261":{"line":2230,"type":"if","locations":[{"start":{"line":2230,"column":10},"end":{"line":2230,"column":10}},{"start":{"line":2230,"column":10},"end":{"line":2230,"column":10}}]},"262":{"line":2230,"type":"binary-expr","locations":[{"start":{"line":2230,"column":14},"end":{"line":2230,"column":32}},{"start":{"line":2230,"column":36},"end":{"line":2230,"column":57}}]},"263":{"line":2234,"type":"if","locations":[{"start":{"line":2234,"column":12},"end":{"line":2234,"column":12}},{"start":{"line":2234,"column":12},"end":{"line":2234,"column":12}}]},"264":{"line":2264,"type":"if","locations":[{"start":{"line":2264,"column":4},"end":{"line":2264,"column":4}},{"start":{"line":2264,"column":4},"end":{"line":2264,"column":4}}]},"265":{"line":2270,"type":"if","locations":[{"start":{"line":2270,"column":4},"end":{"line":2270,"column":4}},{"start":{"line":2270,"column":4},"end":{"line":2270,"column":4}}]},"266":{"line":2271,"type":"if","locations":[{"start":{"line":2271,"column":6},"end":{"line":2271,"column":6}},{"start":{"line":2271,"column":6},"end":{"line":2271,"column":6}}]},"267":{"line":2284,"type":"if","locations":[{"start":{"line":2284,"column":4},"end":{"line":2284,"column":4}},{"start":{"line":2284,"column":4},"end":{"line":2284,"column":4}}]},"268":{"line":2286,"type":"if","locations":[{"start":{"line":2286,"column":11},"end":{"line":2286,"column":11}},{"start":{"line":2286,"column":11},"end":{"line":2286,"column":11}}]},"269":{"line":2302,"type":"if","locations":[{"start":{"line":2302,"column":4},"end":{"line":2302,"column":4}},{"start":{"line":2302,"column":4},"end":{"line":2302,"column":4}}]},"270":{"line":2305,"type":"if","locations":[{"start":{"line":2305,"column":4},"end":{"line":2305,"column":4}},{"start":{"line":2305,"column":4},"end":{"line":2305,"column":4}}]},"271":{"line":2306,"type":"if","locations":[{"start":{"line":2306,"column":6},"end":{"line":2306,"column":6}},{"start":{"line":2306,"column":6},"end":{"line":2306,"column":6}}]},"272":{"line":2309,"type":"if","locations":[{"start":{"line":2309,"column":6},"end":{"line":2309,"column":6}},{"start":{"line":2309,"column":6},"end":{"line":2309,"column":6}}]},"273":{"line":2312,"type":"binary-expr","locations":[{"start":{"line":2312,"column":19},"end":{"line":2312,"column":32}},{"start":{"line":2312,"column":36},"end":{"line":2312,"column":38}}]},"274":{"line":2315,"type":"if","locations":[{"start":{"line":2315,"column":6},"end":{"line":2315,"column":6}},{"start":{"line":2315,"column":6},"end":{"line":2315,"column":6}}]},"275":{"line":2328,"type":"if","locations":[{"start":{"line":2328,"column":0},"end":{"line":2328,"column":0}},{"start":{"line":2328,"column":0},"end":{"line":2328,"column":0}}]},"276":{"line":2328,"type":"binary-expr","locations":[{"start":{"line":2328,"column":4},"end":{"line":2328,"column":33}},{"start":{"line":2328,"column":37},"end":{"line":2328,"column":51}}]},"277":{"line":2330,"type":"if","locations":[{"start":{"line":2330,"column":7},"end":{"line":2330,"column":7}},{"start":{"line":2330,"column":7},"end":{"line":2330,"column":7}}]},"278":{"line":2330,"type":"binary-expr","locations":[{"start":{"line":2330,"column":11},"end":{"line":2330,"column":39}},{"start":{"line":2330,"column":43},"end":{"line":2330,"column":53}}]}},"l":{"2":1,"8":1,"9":1,"10":1,"11":1,"12":1,"15":1,"18":5,"21":5,"25":5,"26":5,"27":5,"28":5,"30":1,"31":16,"34":5,"39":5,"41":5,"43":1,"44":171,"45":171,"48":1195,"50":1,"51":22,"52":22,"53":22,"55":1,"56":99,"59":1,"60":70,"61":1,"72":5,"73":6,"78":5,"79":285,"80":255,"82":30,"86":11748,"87":462,"88":6,"89":10414,"90":3,"95":5,"96":2,"109":2,"110":4,"112":4,"113":8,"114":6,"117":4,"118":2,"119":14,"120":1,"124":4,"132":5,"134":5,"135":18,"138":5,"139":44,"140":44,"143":5,"144":58,"147":5,"151":8,"152":5,"153":1,"157":511,"160":21,"167":1,"168":10,"169":10,"170":10,"172":10,"173":10,"175":10,"176":10,"179":10,"180":5,"181":2,"182":2,"183":2,"184":3,"185":1,"187":2,"188":2,"193":10,"194":46,"195":22,"196":7,"198":15,"200":24,"201":5,"202":5,"204":19,"205":19,"210":3,"227":5,"232":673,"233":2111,"235":135,"236":236,"239":1976,"243":102,"244":157,"246":25,"247":22,"250":56,"251":69,"254":76,"258":37,"259":140,"261":22,"262":25,"265":28,"266":41,"269":3,"270":3,"273":87,"277":7,"278":18,"280":10,"281":25,"284":4,"285":4,"288":2,"289":2,"292":1,"293":1,"296":1,"300":1,"301":6,"303":1,"304":1,"307":1,"308":1,"311":1,"312":1,"315":1,"316":1,"319":1,"320":1,"323":1,"330":988,"331":5,"334":5,"337":5,"340":1,"341":75,"344":1,"345":985,"346":985,"347":985,"348":985,"349":985,"352":1,"353":70,"354":70,"360":1,"361":985,"363":985,"365":985,"366":2210,"367":2210,"369":1225,"370":1225,"372":985,"373":985,"376":985,"377":985,"378":985,"379":1225,"382":985,"383":985,"384":985,"385":985,"386":985,"388":985,"402":5,"404":5,"405":5,"406":5,"407":5,"408":5,"409":5,"410":5,"413":5,"415":5,"417":5,"418":6,"419":6,"423":5,"424":6,"427":5,"428":3,"431":5,"432":1,"435":5,"436":30,"439":5,"440":27,"443":5,"444":227,"445":527,"450":5,"451":7,"457":5,"459":9,"461":9,"463":18,"465":5,"466":4,"472":5,"474":5,"476":5,"478":16,"480":24,"482":60,"487":5,"489":5,"490":174,"491":35,"493":139,"494":139,"495":139,"496":3,"498":136,"499":3,"500":3,"501":2,"502":1,"505":2,"507":133,"510":5,"511":9,"517":5,"518":225,"520":16,"522":12,"523":3,"524":9,"525":7,"526":11,"527":11,"528":5,"531":2,"533":2,"535":196,"537":1,"540":5,"541":104,"544":5,"545":31,"548":5,"549":3,"552":5,"553":16,"556":5,"557":18,"558":11,"560":7,"563":5,"564":90,"565":12,"567":78,"570":5,"571":3,"577":5,"579":5,"581":5,"582":25,"585":5,"586":8,"589":5,"590":3,"593":5,"594":3,"597":5,"598":1,"601":5,"602":1,"608":5,"610":5,"611":35,"614":5,"615":3,"618":5,"619":45,"622":5,"624":33,"626":5,"627":245,"628":82,"629":163,"630":75,"632":88,"638":12,"640":5,"641":17,"642":17,"645":29,"647":5,"648":8,"649":8,"650":8,"653":5,"654":4,"657":5,"658":4,"664":5,"666":5,"671":5,"673":5,"675":5,"677":5,"678":13,"681":5,"683":5,"685":5,"687":5,"689":5,"691":5,"693":5,"695":5,"696":6,"699":5,"700":6,"701":2,"702":4,"703":2,"705":2,"709":5,"710":2,"713":5,"714":6,"715":2,"717":4,"721":5,"722":6,"725":5,"726":2,"732":5,"733":12,"734":12,"737":5,"738":20,"740":9,"742":9,"744":2,"747":5,"748":10,"749":10,"750":10,"751":10,"753":2,"755":6,"757":2,"761":5,"763":5,"773":5,"774":3,"775":3,"776":13,"777":13,"778":13,"780":3,"783":5,"784":2,"785":1,"787":1,"790":10,"792":5,"795":5,"797":5,"798":139,"799":28,"801":111,"802":4,"803":9,"806":107,"807":107,"808":385,"809":293,"811":92,"815":5,"816":59,"817":5,"819":54,"820":54,"821":54,"822":176,"824":54,"827":5,"828":13,"829":1,"831":12,"832":12,"833":53,"835":12,"838":5,"839":314,"840":1,"841":1,"842":3,"844":313,"845":114,"846":111,"848":199,"849":198,"850":198,"851":9442,"856":5,"857":5,"858":2,"859":1,"861":1,"862":1,"863":1,"864":1,"865":12,"866":12,"867":4,"868":3,"869":3,"871":1,"873":9,"874":2,"876":9,"878":3,"879":2,"880":2,"881":18,"882":4,"884":18,"887":1,"888":1,"889":1,"890":6,"891":1,"893":6,"898":5,"899":8,"900":16,"904":5,"905":1,"906":3,"907":3,"908":3,"913":5,"915":5,"916":4,"917":4,"918":1,"920":4,"923":5,"924":4,"927":5,"928":3,"931":5,"932":1,"936":5,"938":5,"939":33,"940":7,"941":7,"942":31,"943":7,"944":7,"946":24,"949":26,"950":26,"951":26,"954":5,"955":14,"956":4,"957":4,"958":1,"960":3,"961":3,"962":3,"963":15,"964":6,"966":9,"967":9,"968":3,"969":3,"971":6,"974":10,"975":4,"977":6,"978":6,"983":5,"984":127,"985":127,"986":57,"987":57,"988":88,"990":57,"992":70,"993":1,"994":1,"995":3,"997":1,"999":69,"1000":2,"1001":4,"1002":4,"1003":1,"1005":3,"1008":67,"1009":67,"1010":67,"1011":261,"1013":67,"1016":5,"1017":13,"1018":2,"1019":8,"1020":8,"1021":9,"1022":7,"1025":1,"1028":11,"1029":11,"1030":10,"1031":10,"1032":51,"1033":23,"1036":10,"1038":1,"1039":1,"1040":1,"1041":3,"1042":2,"1045":1,"1048":5,"1049":5,"1050":3,"1051":3,"1053":2,"1056":5,"1057":37,"1058":1,"1059":1,"1060":1,"1061":3,"1063":1,"1065":36,"1068":5,"1069":3,"1070":1,"1071":1,"1073":2,"1074":1,"1076":1,"1079":5,"1080":36,"1081":1,"1082":1,"1083":1,"1084":3,"1085":3,"1086":1,"1088":2,"1089":2,"1090":2,"1093":35,"1094":1,"1096":34,"1099":5,"1100":110,"1101":2,"1103":108,"1104":40,"1106":68,"1107":32,"1109":36,"1112":5,"1113":52,"1114":4,"1115":2,"1117":2,"1118":2,"1119":7,"1121":2,"1123":48,"1124":44,"1126":4,"1129":5,"1130":5,"1133":5,"1134":21,"1135":4,"1136":4,"1137":10,"1138":1,"1141":3,"1142":3,"1144":17,"1145":2,"1147":15,"1150":5,"1151":4,"1152":1,"1153":1,"1154":1,"1155":1,"1156":5,"1157":1,"1159":4,"1162":3,"1163":3,"1164":3,"1167":5,"1168":21,"1169":14,"1170":14,"1171":82,"1172":68,"1174":14,"1177":7,"1180":5,"1181":10,"1182":1,"1183":3,"1185":1,"1187":9,"1190":5,"1191":3,"1194":5,"1195":5,"1196":2,"1197":2,"1198":8,"1199":8,"1200":2,"1201":2,"1203":6,"1206":3,"1207":3,"1208":9,"1210":3,"1213":5,"1214":4,"1215":1,"1216":1,"1218":1,"1220":3,"1221":3,"1222":7,"1224":3,"1227":5,"1228":2,"1229":2,"1230":2,"1232":2,"1235":5,"1236":2,"1237":2,"1238":3,"1240":2,"1243":5,"1244":6,"1245":2,"1246":2,"1247":5,"1248":1,"1251":1,"1253":4,"1254":9,"1255":2,"1258":2,"1261":5,"1262":7,"1263":2,"1264":2,"1265":5,"1266":1,"1269":1,"1271":5,"1272":9,"1273":2,"1276":3,"1279":5,"1280":2,"1281":1,"1282":2,"1283":1,"1287":1,"1290":5,"1291":41,"1292":41,"1293":2,"1295":41,"1296":152,"1298":41,"1299":1,"1301":40,"1304":5,"1305":5,"1306":5,"1307":2,"1309":5,"1310":5,"1311":25,"1313":5,"1314":1,"1316":4,"1319":5,"1320":1,"1321":4,"1323":1,"1326":5,"1327":1,"1328":1,"1329":3,"1331":1,"1334":5,"1336":5,"1338":5,"1340":5,"1342":5,"1344":5,"1346":5,"1347":4,"1348":7,"1349":2,"1352":2,"1355":5,"1356":4,"1357":5,"1358":2,"1361":2,"1364":5,"1365":4,"1366":3,"1367":11,"1368":11,"1369":2,"1371":9,"1372":9,"1375":1,"1376":1,"1377":4,"1378":4,"1380":1,"1383":5,"1384":2,"1385":1,"1387":1,"1388":1,"1389":1,"1390":3,"1391":3,"1393":1,"1396":5,"1397":1,"1398":1,"1399":4,"1400":4,"1402":1,"1405":5,"1406":1,"1407":1,"1408":1,"1409":3,"1410":3,"1412":1,"1415":5,"1416":7,"1417":3,"1419":4,"1420":4,"1421":4,"1422":7,"1424":4,"1427":5,"1429":5,"1430":4,"1431":4,"1432":13,"1434":4,"1437":5,"1438":7,"1439":3,"1440":3,"1441":3,"1442":12,"1443":12,"1444":12,"1445":3,"1447":9,"1450":4,"1451":4,"1452":4,"1453":13,"1455":4,"1458":5,"1459":8,"1460":4,"1461":4,"1462":4,"1463":4,"1464":16,"1465":16,"1466":16,"1467":16,"1468":4,"1470":12,"1473":4,"1474":4,"1475":4,"1476":12,"1478":4,"1481":5,"1482":20,"1483":5,"1484":5,"1485":5,"1486":5,"1487":5,"1488":20,"1489":20,"1490":20,"1491":20,"1492":20,"1493":5,"1495":15,"1498":15,"1499":15,"1500":15,"1501":45,"1503":15,"1506":5,"1508":5,"1510":5,"1515":5,"1516":5,"1517":2,"1519":3,"1520":3,"1521":5,"1522":5,"1524":3,"1527":5,"1528":3,"1531":5,"1532":3,"1533":1,"1534":1,"1535":1,"1536":3,"1538":1,"1540":2,"1541":2,"1542":2,"1543":2,"1544":10,"1545":10,"1546":30,"1547":18,"1550":10,"1552":2,"1553":1,"1555":2,"1585":5,"1586":2,"1587":2,"1588":1,"1589":1,"1590":1,"1591":1,"1592":3,"1593":3,"1595":1,"1597":1,"1598":1,"1599":1,"1600":1,"1601":1,"1602":5,"1603":5,"1605":1,"1610":5,"1611":2,"1612":2,"1613":1,"1614":1,"1615":1,"1616":3,"1617":3,"1619":1,"1621":1,"1622":1,"1623":1,"1624":1,"1625":5,"1626":5,"1628":1,"1633":5,"1634":10,"1635":4,"1637":10,"1638":4,"1639":6,"1640":2,"1643":2,"1645":6,"1646":9,"1647":3,"1650":3,"1653":5,"1654":10,"1655":4,"1657":10,"1658":4,"1660":10,"1661":15,"1662":5,"1665":5,"1668":5,"1669":10,"1672":5,"1674":5,"1675":4,"1676":6,"1677":2,"1680":2,"1683":5,"1684":2,"1685":2,"1686":2,"1687":19,"1689":2,"1690":1,"1692":1,"1695":5,"1696":8,"1697":40,"1698":4,"1701":4,"1704":5,"1705":8,"1706":8,"1707":44,"1708":8,"1711":8,"1714":5,"1715":4,"1718":5,"1719":4,"1722":5,"1723":3,"1724":3,"1725":3,"1726":18,"1727":9,"1728":9,"1731":3,"1734":5,"1735":5,"1736":5,"1737":5,"1738":12,"1740":5,"1741":5,"1742":18,"1743":3,"1746":5,"1749":5,"1750":7,"1751":7,"1752":7,"1753":7,"1754":11,"1755":11,"1757":7,"1758":13,"1759":3,"1762":7,"1765":5,"1766":3,"1767":3,"1768":3,"1769":3,"1770":12,"1772":3,"1773":9,"1774":6,"1777":3,"1780":5,"1781":10,"1782":10,"1783":4,"1785":6,"1786":6,"1787":17,"1788":5,"1789":262,"1791":3,"1793":6,"1796":5,"1797":3,"1798":10,"1799":2,"1802":1,"1805":5,"1806":3,"1807":3,"1808":2,"1810":1,"1813":5,"1814":2,"1815":6,"1816":1,"1819":1,"1822":5,"1824":5,"1825":5,"1826":2,"1828":3,"1829":3,"1830":3,"1831":3,"1832":24,"1833":3,"1835":21,"1836":21,"1838":24,"1840":3,"1841":3,"1844":5,"1846":5,"1847":9,"1848":3,"1849":2,"1851":8,"1852":3,"1854":5,"1855":5,"1856":5,"1857":5,"1860":5,"1861":1,"1862":8,"1863":7,"1865":1,"1869":5,"1870":1,"1871":8,"1872":6,"1874":2,"1881":5,"1883":5,"1884":3,"1885":1,"1887":2,"1890":5,"1891":21,"1894":5,"1895":9,"1898":5,"1899":7,"1900":2,"1902":5,"1905":5,"1906":5,"1907":2,"1908":2,"1910":3,"1913":5,"1914":3,"1915":2,"1917":1,"1920":5,"1922":5,"1927":5,"1929":5,"1930":5,"1931":5,"1932":2,"1934":3,"1935":3,"1936":2,"1938":1,"1941":5,"1942":14,"1945":5,"1946":14,"1949":5,"1950":23,"1954":5,"1955":15,"1959":5,"1960":7,"1961":6,"1963":1,"1966":5,"1967":7,"1968":6,"1970":1,"1973":5,"1978":5,"1983":5,"1984":1,"1990":5,"1992":5,"1994":5,"1995":1,"1996":1,"1997":3,"1999":1,"2002":5,"2003":75,"2004":41,"2005":1,"2007":40,"2009":34,"2015":5,"2017":5,"2018":10,"2019":2,"2020":2,"2021":2,"2022":1,"2024":1,"2029":5,"2031":26,"2032":13,"2033":13,"2037":13,"2038":1,"2039":1,"2040":1,"2041":4,"2042":4,"2044":1,"2047":13,"2051":13,"2052":43,"2053":43,"2054":43,"2055":31,"2056":31,"2058":12,"2059":2,"2061":12,"2064":43,"2070":43,"2071":34,"2072":34,"2073":10,"2075":34,"2077":43,"2081":13,"2082":13,"2083":44,"2084":34,"2085":1,"2090":1,"2091":3,"2092":3,"2093":3,"2098":13,"2099":1,"2102":1,"2110":12,"2111":42,"2112":17,"2116":12,"2117":1,"2124":11,"2125":11,"2127":17,"2128":17,"2130":1,"2131":45,"2132":45,"2133":1,"2135":44,"2136":44,"2138":45,"2141":17,"2145":11,"2146":1,"2147":1,"2148":1,"2150":1,"2156":10,"2158":10,"2161":34,"2164":1,"2165":34,"2166":34,"2167":24,"2169":10,"2173":34,"2174":24,"2175":24,"2176":18,"2180":34,"2181":34,"2183":10,"2184":16,"2186":10,"2188":24,"2189":24,"2190":24,"2191":18,"2198":1,"2199":34,"2203":24,"2204":5,"2206":24,"2209":34,"2210":3,"2211":3,"2212":6,"2213":6,"2214":6,"2215":3,"2217":3,"2219":6,"2221":3,"2222":3,"2223":6,"2227":34,"2229":34,"2230":34,"2231":1,"2233":33,"2234":33,"2235":8,"2237":33,"2238":33,"2240":7,"2246":10,"2247":34,"2250":10,"2254":5,"2255":1,"2256":4,"2258":1,"2261":5,"2262":6,"2263":6,"2264":6,"2265":3,"2266":3,"2268":3,"2270":6,"2271":5,"2272":2,"2274":3,"2276":5,"2277":9,"2278":9,"2280":1,"2284":6,"2285":1,"2286":5,"2287":0,"2289":6,"2293":5,"2295":5,"2297":5,"2298":37,"2299":37,"2300":37,"2301":37,"2302":37,"2303":4,"2305":37,"2306":6,"2307":3,"2309":6,"2310":2,"2312":6,"2314":37,"2315":9176,"2316":74,"2318":9102,"2320":37,"2323":5,"2326":1,"2328":1,"2329":1,"2330":0,"2331":0,"2333":0}}}
