TN:
SF:/Users/scravy/GithubWorkspace/scravy/nodash/nodash.js
FN:2,(anonymous_1)
FN:13,install
FN:27,showEndOfStream
FN:40,mkStream
FN:45,isStream
FN:48,mkInfinite
FN:53,isInfinite
FN:57,checkFinite
FN:70,_isArray
FN:75,isFunction
FN:76,isString
FN:77,isNumber
FN:82,(anonymous_13)
FN:96,_Object_keys
FN:119,(anonymous_15)
FN:121,(anonymous_16)
FN:125,_Set_add
FN:130,_Set_has
FN:138,id
FN:141,listToString
FN:148,indexOf
FN:212,(anonymous_22)
FN:213,(anonymous_23)
FN:216,(anonymous_24)
FN:223,(anonymous_25)
FN:224,(anonymous_26)
FN:227,(anonymous_27)
FN:231,(anonymous_28)
FN:238,(anonymous_29)
FN:239,(anonymous_30)
FN:242,(anonymous_31)
FN:246,(anonymous_32)
FN:250,(anonymous_33)
FN:257,(anonymous_34)
FN:258,(anonymous_35)
FN:261,(anonymous_36)
FN:265,(anonymous_37)
FN:269,(anonymous_38)
FN:273,(anonymous_39)
FN:280,(anonymous_40)
FN:281,(anonymous_41)
FN:284,(anonymous_42)
FN:288,(anonymous_43)
FN:292,(anonymous_44)
FN:296,(anonymous_45)
FN:300,(anonymous_46)
FN:307,(anonymous_47)
FN:308,(anonymous_48)
FN:311,(anonymous_49)
FN:315,(anonymous_50)
FN:319,(anonymous_51)
FN:323,(anonymous_52)
FN:327,(anonymous_53)
FN:331,(anonymous_54)
FN:338,(anonymous_55)
FN:339,(anonymous_56)
FN:342,(anonymous_57)
FN:346,(anonymous_58)
FN:350,(anonymous_59)
FN:354,(anonymous_60)
FN:358,(anonymous_61)
FN:362,(anonymous_62)
FN:366,(anonymous_63)
FN:377,(anonymous_64)
FN:381,description
FN:397,group
FN:404,register
FN:450,(anonymous_68)
FN:464,(anonymous_69)
FN:468,(anonymous_70)
FN:470,_idf
FN:471,(anonymous_72)
FN:476,(anonymous_73)
FN:480,_const
FN:484,(anonymous_75)
FN:486,_apply
FN:490,_compose
FN:494,_compose2
FN:498,_flip
FN:499,(anonymous_80)
FN:505,_on
FN:514,_AND
FN:516,_OR
FN:518,_not
FN:520,_bool
FN:529,_fst
FN:531,_snd
FN:533,(anonymous_88)
FN:535,(anonymous_89)
FN:537,(anonymous_90)
FN:539,(anonymous_91)
FN:543,(anonymous_92)
FN:547,(anonymous_93)
FN:556,_eq
FN:577,_neq
FN:584,_compare
FN:607,_lt
FN:611,_gt
FN:615,_lte
FN:619,_gte
FN:623,_max
FN:630,_min
FN:637,_comparing
FN:646,(anonymous_104)
FN:650,(anonymous_105)
FN:659,_add
FN:663,_sub
FN:667,_mul
FN:673,_negate
FN:675,_signum
FN:687,_div
FN:689,_quot
FN:694,_rem
FN:696,_mod
FN:702,_divMod
FN:706,_quotRem
FN:713,_frac
FN:715,_recip
FN:726,_logBase
FN:744,_sinh
FN:748,(anonymous_121)
FN:758,(anonymous_122)
FN:762,_asinh
FN:770,_atanh
FN:774,_acosh
FN:781,_properFraction
FN:786,_truncate
FN:796,_round
FN:823,_gcd
FN:833,_lcm
FN:840,_even
FN:842,_odd
FN:847,_until
FN:854,(anonymous_134)
FN:856,_pipe
FN:890,_stream
FN:895,(anonymous_137)
FN:900,(anonymous_138)
FN:908,_consume
FN:920,_consumeString
FN:931,_each
FN:949,_cycle
FN:957,(anonymous_143)
FN:973,(anonymous_144)
FN:982,(anonymous_145)
FN:991,_repeat
FN:992,(anonymous_147)
FN:997,_iterate
FN:998,(anonymous_149)
FN:1008,_lines
FN:1016,_unlines
FN:1020,_words
FN:1024,_unwords
FN:1031,_cons
FN:1034,(anonymous_155)
FN:1047,_append
FN:1055,(anonymous_157)
FN:1076,_map
FN:1078,(anonymous_159)
FN:1102,_filter
FN:1104,(anonymous_161)
FN:1134,_head
FN:1142,_last
FN:1154,_tail
FN:1162,_init
FN:1166,(anonymous_166)
FN:1179,_null
FN:1186,_length
FN:1200,_at
FN:1214,_reverse
FN:1219,(anonymous_171)
FN:1231,_take
FN:1234,(anonymous_173)
FN:1244,_drop
FN:1254,_splitAt
FN:1258,_takeWhile
FN:1261,(anonymous_177)
FN:1277,_dropWhile
FN:1291,_span
FN:1299,_break
FN:1307,_elem
FN:1325,_notElem
FN:1343,_lookup
FN:1354,_foldl
FN:1368,_foldl1
FN:1383,_foldr
FN:1390,_foldr1
FN:1410,_any
FN:1419,_all
FN:1428,_scanl
FN:1430,(anonymous_191)
FN:1447,_scanl1
FN:1460,_scanr
FN:1469,_scanr1
FN:1479,_concat
FN:1493,_replicate
FN:1501,_zipWith
FN:1505,(anonymous_198)
FN:1522,_zipWith3
FN:1527,(anonymous_200)
FN:1545,_zipWith4
FN:1551,(anonymous_202)
FN:1570,_zipWith5
FN:1580,_zipWith6
FN:1590,_zipWith7
FN:1616,_intersperse
FN:1628,_intercalate
FN:1632,_transpose
FN:1694,_isPrefixOf
FN:1714,_isSuffixOf
FN:1729,_isInfixOf
FN:1735,_find
FN:1744,_partition
FN:1756,_elemIndex
FN:1765,_elemIndex
FN:1775,_elemIndex
FN:1779,_elemIndex
FN:1783,_nub
FN:1795,(anonymous_219)
FN:1810,(anonymous_220)
FN:1826,(anonymous_221)
FN:1841,(anonymous_222)
FN:1848,(anonymous_223)
FN:1850,(anonymous_224)
FN:1857,(anonymous_225)
FN:1866,_delete
FN:1874,(anonymous_227)
FN:1885,(anonymous_228)
FN:1906,(anonymous_229)
FN:1920,(anonymous_230)
FN:1921,(anonymous_231)
FN:1929,(anonymous_232)
FN:1930,(anonymous_233)
FN:1943,_maybe
FN:1950,_isJust
FN:1954,_isNothing
FN:1958,_fromMaybe
FN:1965,_listToMaybe
FN:1973,_maybeToList
FN:1989,_either
FN:2001,_Left
FN:2005,_Right
FN:2009,_isLeft
FN:2014,_isRight
FN:2019,_fromLeft
FN:2026,_fromRight
FN:2043,_partitionEithers
FNF:247
FNH:247
FNDA:1,(anonymous_1)
FNDA:23,install
FNDA:16,showEndOfStream
FNDA:168,mkStream
FNDA:617,isStream
FNDA:21,mkInfinite
FNDA:94,isInfinite
FNDA:65,checkFinite
FNDA:6,_isArray
FNDA:1184,isFunction
FNDA:101,isString
FNDA:6,isNumber
FNDA:2,(anonymous_13)
FNDA:4,_Object_keys
FNDA:23,(anonymous_15)
FNDA:18,(anonymous_16)
FNDA:44,_Set_add
FNDA:58,_Set_has
FNDA:1993,id
FNDA:21,listToString
FNDA:10,indexOf
FNDA:2083,(anonymous_22)
FNDA:2508,(anonymous_23)
FNDA:216,(anonymous_24)
FNDA:376,(anonymous_25)
FNDA:318,(anonymous_26)
FNDA:11,(anonymous_27)
FNDA:97,(anonymous_28)
FNDA:142,(anonymous_29)
FNDA:145,(anonymous_30)
FNDA:12,(anonymous_31)
FNDA:31,(anonymous_32)
FNDA:1,(anonymous_33)
FNDA:95,(anonymous_34)
FNDA:51,(anonymous_35)
FNDA:14,(anonymous_36)
FNDA:1,(anonymous_37)
FNDA:1,(anonymous_38)
FNDA:1,(anonymous_39)
FNDA:94,(anonymous_40)
FNDA:55,(anonymous_41)
FNDA:6,(anonymous_42)
FNDA:1,(anonymous_43)
FNDA:1,(anonymous_44)
FNDA:1,(anonymous_45)
FNDA:1,(anonymous_46)
FNDA:92,(anonymous_47)
FNDA:58,(anonymous_48)
FNDA:7,(anonymous_49)
FNDA:1,(anonymous_50)
FNDA:1,(anonymous_51)
FNDA:1,(anonymous_52)
FNDA:1,(anonymous_53)
FNDA:1,(anonymous_54)
FNDA:23,(anonymous_55)
FNDA:30,(anonymous_56)
FNDA:7,(anonymous_57)
FNDA:1,(anonymous_58)
FNDA:1,(anonymous_59)
FNDA:1,(anonymous_60)
FNDA:1,(anonymous_61)
FNDA:1,(anonymous_62)
FNDA:1,(anonymous_63)
FNDA:4439,(anonymous_64)
FNDA:437,description
FNDA:322,group
FNDA:4439,register
FNDA:23,(anonymous_68)
FNDA:23,(anonymous_69)
FNDA:23,(anonymous_70)
FNDA:5,_idf
FNDA:5,(anonymous_72)
FNDA:23,(anonymous_73)
FNDA:6,_const
FNDA:23,(anonymous_75)
FNDA:3,_apply
FNDA:30,_compose
FNDA:24,_compose2
FNDA:203,_flip
FNDA:470,(anonymous_80)
FNDA:5,_on
FNDA:9,_AND
FNDA:9,_OR
FNDA:18,_not
FNDA:4,_bool
FNDA:1,_fst
FNDA:1,_snd
FNDA:16,(anonymous_88)
FNDA:24,(anonymous_89)
FNDA:39,(anonymous_90)
FNDA:15,(anonymous_91)
FNDA:18,(anonymous_92)
FNDA:21,(anonymous_93)
FNDA:170,_eq
FNDA:7,_neq
FNDA:451,_compare
FNDA:235,_lt
FNDA:129,_gt
FNDA:3,_lte
FNDA:16,_gte
FNDA:116,_max
FNDA:221,_min
FNDA:3,_comparing
FNDA:25,(anonymous_104)
FNDA:8,(anonymous_105)
FNDA:34,_add
FNDA:3,_sub
FNDA:45,_mul
FNDA:30,_negate
FNDA:471,_signum
FNDA:12,_div
FNDA:17,_quot
FNDA:29,_rem
FNDA:8,_mod
FNDA:4,_divMod
FNDA:4,_quotRem
FNDA:2,_frac
FNDA:2,_recip
FNDA:13,_logBase
FNDA:6,_sinh
FNDA:6,(anonymous_121)
FNDA:2,(anonymous_122)
FNDA:6,_asinh
FNDA:6,_atanh
FNDA:2,_acosh
FNDA:12,_properFraction
FNDA:20,_truncate
FNDA:10,_round
FNDA:3,_gcd
FNDA:2,_lcm
FNDA:10,_even
FNDA:5,_odd
FNDA:1,_until
FNDA:23,(anonymous_134)
FNDA:5,_pipe
FNDA:137,_stream
FNDA:9,(anonymous_137)
FNDA:380,(anonymous_138)
FNDA:57,_consume
FNDA:13,_consumeString
FNDA:3,_each
FNDA:5,_cycle
FNDA:12,(anonymous_143)
FNDA:18,(anonymous_144)
FNDA:6,(anonymous_145)
FNDA:7,_repeat
FNDA:16,(anonymous_147)
FNDA:1,_iterate
FNDA:3,(anonymous_149)
FNDA:4,_lines
FNDA:4,_unlines
FNDA:3,_words
FNDA:1,_unwords
FNDA:33,_cons
FNDA:31,(anonymous_155)
FNDA:14,_append
FNDA:15,(anonymous_157)
FNDA:34,_map
FNDA:4,(anonymous_159)
FNDA:13,_filter
FNDA:8,(anonymous_161)
FNDA:5,_head
FNDA:3,_last
FNDA:3,_tail
FNDA:3,_init
FNDA:3,(anonymous_166)
FNDA:6,_null
FNDA:8,_length
FNDA:14,_at
FNDA:3,_reverse
FNDA:5,(anonymous_171)
FNDA:21,_take
FNDA:82,(anonymous_173)
FNDA:10,_drop
FNDA:3,_splitAt
FNDA:5,_takeWhile
FNDA:8,(anonymous_177)
FNDA:3,_dropWhile
FNDA:2,_span
FNDA:2,_break
FNDA:6,_elem
FNDA:7,_notElem
FNDA:2,_lookup
FNDA:68,_foldl
FNDA:5,_foldl1
FNDA:1,_foldr
FNDA:1,_foldr1
FNDA:4,_any
FNDA:4,_all
FNDA:4,_scanl
FNDA:11,(anonymous_191)
FNDA:2,_scanl1
FNDA:1,_scanr
FNDA:1,_scanr1
FNDA:6,_concat
FNDA:4,_replicate
FNDA:7,_zipWith
FNDA:12,(anonymous_198)
FNDA:8,_zipWith3
FNDA:16,(anonymous_200)
FNDA:13,_zipWith4
FNDA:20,(anonymous_202)
FNDA:5,_zipWith5
FNDA:6,_zipWith6
FNDA:14,_zipWith7
FNDA:4,_intersperse
FNDA:2,_intercalate
FNDA:3,_transpose
FNDA:10,_isPrefixOf
FNDA:10,_isSuffixOf
FNDA:10,_isInfixOf
FNDA:4,_find
FNDA:2,_partition
FNDA:8,_elemIndex
FNDA:8,_elemIndex
FNDA:4,_elemIndex
FNDA:4,_elemIndex
FNDA:3,_nub
FNDA:5,(anonymous_219)
FNDA:7,(anonymous_220)
FNDA:3,(anonymous_221)
FNDA:10,(anonymous_222)
FNDA:17,(anonymous_223)
FNDA:262,(anonymous_224)
FNDA:3,(anonymous_225)
FNDA:3,_delete
FNDA:2,(anonymous_227)
FNDA:4,(anonymous_228)
FNDA:6,(anonymous_229)
FNDA:1,(anonymous_230)
FNDA:8,(anonymous_231)
FNDA:1,(anonymous_232)
FNDA:8,(anonymous_233)
FNDA:3,_maybe
FNDA:21,_isJust
FNDA:9,_isNothing
FNDA:7,_fromMaybe
FNDA:5,_listToMaybe
FNDA:3,_maybeToList
FNDA:5,_either
FNDA:14,_Left
FNDA:14,_Right
FNDA:23,_isLeft
FNDA:15,_isRight
FNDA:7,_fromLeft
FNDA:7,_fromRight
FNDA:1,_partitionEithers
DA:2,1
DA:8,1
DA:9,1
DA:10,1
DA:11,1
DA:13,1
DA:18,23
DA:19,23
DA:20,23
DA:25,23
DA:27,1
DA:28,16
DA:31,23
DA:36,23
DA:38,23
DA:40,1
DA:41,168
DA:42,168
DA:45,617
DA:48,1
DA:49,21
DA:50,21
DA:51,21
DA:53,1
DA:54,94
DA:57,1
DA:58,65
DA:59,0
DA:70,23
DA:71,6
DA:75,1184
DA:76,101
DA:77,6
DA:82,23
DA:83,2
DA:96,2
DA:97,4
DA:99,4
DA:100,8
DA:101,6
DA:104,4
DA:105,2
DA:106,14
DA:107,1
DA:111,4
DA:119,23
DA:121,23
DA:122,18
DA:125,23
DA:126,44
DA:127,44
DA:130,23
DA:131,58
DA:134,23
DA:138,1993
DA:141,21
DA:148,1
DA:149,10
DA:150,10
DA:151,10
DA:153,10
DA:154,10
DA:156,10
DA:157,10
DA:160,10
DA:161,5
DA:162,2
DA:163,2
DA:164,2
DA:165,3
DA:166,1
DA:168,2
DA:169,2
DA:174,10
DA:175,46
DA:176,22
DA:177,7
DA:179,15
DA:181,24
DA:182,5
DA:183,5
DA:185,19
DA:186,19
DA:191,3
DA:208,23
DA:213,2083
DA:214,2508
DA:216,335
DA:217,216
DA:220,2173
DA:224,376
DA:225,318
DA:227,50
DA:228,11
DA:231,196
DA:232,97
DA:235,72
DA:239,142
DA:240,145
DA:242,27
DA:243,12
DA:246,55
DA:247,31
DA:250,1
DA:251,1
DA:254,62
DA:258,95
DA:259,51
DA:261,24
DA:262,14
DA:265,1
DA:266,1
DA:269,1
DA:270,1
DA:273,1
DA:274,1
DA:277,24
DA:281,94
DA:282,55
DA:284,24
DA:285,6
DA:288,1
DA:289,1
DA:292,1
DA:293,1
DA:296,1
DA:297,1
DA:300,1
DA:301,1
DA:304,27
DA:308,92
DA:309,58
DA:311,24
DA:312,7
DA:315,1
DA:316,1
DA:319,1
DA:320,1
DA:323,1
DA:324,1
DA:327,1
DA:328,1
DA:331,1
DA:332,1
DA:335,29
DA:339,23
DA:340,30
DA:342,23
DA:343,7
DA:346,1
DA:347,1
DA:350,1
DA:351,1
DA:354,1
DA:355,1
DA:358,1
DA:359,1
DA:362,1
DA:363,1
DA:366,1
DA:367,1
DA:370,1
DA:377,4439
DA:380,23
DA:381,1
DA:382,437
DA:383,437
DA:384,138
DA:385,138
DA:390,437
DA:394,23
DA:397,1
DA:398,322
DA:404,1
DA:405,4439
DA:407,4439
DA:409,4439
DA:410,10189
DA:411,10189
DA:413,5635
DA:414,5635
DA:416,4439
DA:417,4439
DA:420,115
DA:421,115
DA:423,115
DA:427,4439
DA:428,5635
DA:431,4439
DA:432,4439
DA:433,4439
DA:434,4439
DA:436,4439
DA:450,23
DA:454,23
DA:455,23
DA:456,23
DA:457,23
DA:458,23
DA:462,23
DA:464,23
DA:468,23
DA:471,5
DA:472,5
DA:476,23
DA:481,6
DA:484,23
DA:487,3
DA:490,23
DA:491,30
DA:494,23
DA:495,24
DA:498,23
DA:499,203
DA:500,470
DA:505,23
DA:506,5
DA:512,23
DA:514,23
DA:516,23
DA:518,23
DA:520,23
DA:521,4
DA:527,23
DA:529,23
DA:531,23
DA:533,23
DA:535,24
DA:537,39
DA:539,23
DA:540,15
DA:543,23
DA:544,18
DA:547,23
DA:548,21
DA:554,23
DA:556,23
DA:557,170
DA:558,33
DA:560,137
DA:561,137
DA:562,137
DA:563,3
DA:565,134
DA:566,3
DA:567,3
DA:568,2
DA:569,1
DA:572,2
DA:574,131
DA:577,23
DA:578,7
DA:584,23
DA:585,451
DA:587,16
DA:589,12
DA:590,3
DA:591,9
DA:592,7
DA:593,11
DA:594,11
DA:595,5
DA:598,2
DA:600,2
DA:602,422
DA:604,1
DA:607,23
DA:608,235
DA:611,23
DA:612,129
DA:615,23
DA:616,3
DA:619,23
DA:620,16
DA:623,23
DA:624,116
DA:625,11
DA:627,105
DA:630,23
DA:631,221
DA:632,12
DA:634,209
DA:637,23
DA:638,3
DA:644,23
DA:646,23
DA:647,25
DA:650,23
DA:651,8
DA:657,23
DA:659,23
DA:660,34
DA:663,23
DA:664,3
DA:667,23
DA:668,45
DA:671,23
DA:673,30
DA:675,23
DA:676,471
DA:677,100
DA:678,371
DA:679,188
DA:681,183
DA:687,23
DA:689,23
DA:690,17
DA:691,17
DA:694,29
DA:696,23
DA:697,8
DA:698,8
DA:699,8
DA:702,23
DA:703,4
DA:706,23
DA:707,4
DA:713,23
DA:715,23
DA:720,23
DA:722,23
DA:724,23
DA:726,23
DA:727,13
DA:730,23
DA:732,23
DA:734,23
DA:736,23
DA:738,23
DA:740,23
DA:742,23
DA:744,23
DA:745,6
DA:748,23
DA:749,6
DA:750,2
DA:751,4
DA:752,2
DA:754,2
DA:758,23
DA:759,2
DA:762,23
DA:763,6
DA:764,2
DA:766,4
DA:770,23
DA:771,6
DA:774,23
DA:775,2
DA:781,23
DA:782,12
DA:783,12
DA:786,23
DA:787,20
DA:789,9
DA:791,9
DA:793,2
DA:796,23
DA:798,10
DA:799,10
DA:800,10
DA:801,10
DA:803,2
DA:805,6
DA:807,2
DA:811,23
DA:813,23
DA:823,23
DA:824,3
DA:825,3
DA:826,13
DA:827,13
DA:828,13
DA:830,3
DA:833,23
DA:834,2
DA:835,1
DA:837,1
DA:840,23
DA:842,23
DA:845,23
DA:847,23
DA:848,1
DA:849,4
DA:851,1
DA:854,23
DA:857,5
DA:858,5
DA:859,5
DA:860,2
DA:861,2
DA:863,3
DA:865,5
DA:866,4
DA:867,2
DA:869,2
DA:871,4
DA:872,8
DA:873,8
DA:875,0
DA:879,5
DA:880,0
DA:881,5
DA:882,0
DA:884,5
DA:888,23
DA:890,23
DA:891,137
DA:892,28
DA:894,109
DA:895,4
DA:896,9
DA:899,105
DA:900,105
DA:901,380
DA:902,290
DA:904,90
DA:908,23
DA:909,57
DA:910,5
DA:912,52
DA:913,52
DA:914,52
DA:915,173
DA:917,52
DA:920,23
DA:921,13
DA:922,1
DA:924,12
DA:925,12
DA:926,53
DA:928,12
DA:931,23
DA:932,3
DA:933,1
DA:934,1
DA:935,3
DA:937,2
DA:938,1
DA:939,3
DA:942,1
DA:943,1
DA:944,2
DA:949,23
DA:950,5
DA:951,2
DA:952,1
DA:954,1
DA:955,1
DA:956,1
DA:957,1
DA:958,12
DA:959,12
DA:960,4
DA:961,3
DA:962,3
DA:964,1
DA:966,9
DA:967,2
DA:969,9
DA:971,3
DA:972,2
DA:973,2
DA:974,18
DA:975,4
DA:977,18
DA:980,1
DA:981,1
DA:982,1
DA:983,6
DA:984,1
DA:986,6
DA:991,23
DA:992,7
DA:993,16
DA:997,23
DA:998,1
DA:999,3
DA:1000,3
DA:1001,3
DA:1006,23
DA:1008,23
DA:1009,4
DA:1010,4
DA:1011,1
DA:1013,4
DA:1016,23
DA:1017,4
DA:1020,23
DA:1021,3
DA:1024,23
DA:1025,1
DA:1029,23
DA:1031,23
DA:1032,33
DA:1033,7
DA:1034,7
DA:1035,31
DA:1036,7
DA:1037,7
DA:1039,24
DA:1042,26
DA:1043,26
DA:1044,26
DA:1047,23
DA:1048,14
DA:1049,4
DA:1050,4
DA:1051,1
DA:1053,3
DA:1054,3
DA:1055,3
DA:1056,15
DA:1057,6
DA:1059,9
DA:1060,9
DA:1061,3
DA:1062,3
DA:1064,6
DA:1067,10
DA:1068,4
DA:1070,6
DA:1071,6
DA:1072,6
DA:1073,6
DA:1076,23
DA:1077,34
DA:1078,2
DA:1079,4
DA:1080,4
DA:1081,1
DA:1083,3
DA:1086,32
DA:1087,32
DA:1088,13
DA:1089,13
DA:1090,48
DA:1092,13
DA:1094,19
DA:1095,19
DA:1096,19
DA:1097,177
DA:1099,19
DA:1102,23
DA:1103,13
DA:1104,2
DA:1105,8
DA:1106,8
DA:1107,9
DA:1108,7
DA:1111,1
DA:1114,11
DA:1115,11
DA:1116,10
DA:1117,10
DA:1118,51
DA:1119,23
DA:1122,10
DA:1124,1
DA:1125,1
DA:1126,1
DA:1127,3
DA:1128,2
DA:1131,1
DA:1134,23
DA:1135,5
DA:1136,3
DA:1137,3
DA:1139,2
DA:1142,23
DA:1143,3
DA:1144,1
DA:1145,1
DA:1146,1
DA:1147,3
DA:1149,1
DA:1151,2
DA:1154,23
DA:1155,3
DA:1156,1
DA:1157,1
DA:1159,2
DA:1162,23
DA:1163,3
DA:1164,1
DA:1165,1
DA:1166,1
DA:1167,3
DA:1168,3
DA:1169,1
DA:1171,2
DA:1172,2
DA:1173,2
DA:1176,2
DA:1179,23
DA:1180,6
DA:1181,2
DA:1183,4
DA:1186,23
DA:1187,8
DA:1188,4
DA:1189,2
DA:1191,2
DA:1192,2
DA:1193,7
DA:1195,2
DA:1197,4
DA:1200,23
DA:1201,14
DA:1202,4
DA:1203,4
DA:1204,10
DA:1205,1
DA:1208,3
DA:1209,3
DA:1211,10
DA:1214,23
DA:1215,3
DA:1216,1
DA:1217,1
DA:1218,1
DA:1219,1
DA:1220,5
DA:1221,1
DA:1223,4
DA:1226,2
DA:1227,2
DA:1228,2
DA:1231,23
DA:1232,21
DA:1233,14
DA:1234,14
DA:1235,82
DA:1236,68
DA:1238,14
DA:1241,7
DA:1244,23
DA:1245,10
DA:1246,1
DA:1247,3
DA:1249,1
DA:1251,9
DA:1254,23
DA:1255,3
DA:1258,23
DA:1259,5
DA:1260,2
DA:1261,2
DA:1262,8
DA:1263,8
DA:1264,2
DA:1265,2
DA:1267,6
DA:1270,3
DA:1271,3
DA:1272,9
DA:1274,3
DA:1277,23
DA:1278,3
DA:1279,1
DA:1280,1
DA:1282,1
DA:1284,2
DA:1285,2
DA:1286,6
DA:1288,2
DA:1291,23
DA:1292,2
DA:1293,2
DA:1294,2
DA:1296,2
DA:1299,23
DA:1300,2
DA:1301,2
DA:1302,3
DA:1304,2
DA:1307,23
DA:1308,6
DA:1309,2
DA:1310,2
DA:1311,5
DA:1312,1
DA:1315,1
DA:1317,4
DA:1318,9
DA:1319,2
DA:1322,2
DA:1325,23
DA:1326,7
DA:1327,2
DA:1328,2
DA:1329,5
DA:1330,1
DA:1333,1
DA:1335,5
DA:1336,9
DA:1337,2
DA:1340,3
DA:1343,23
DA:1344,2
DA:1345,1
DA:1346,2
DA:1347,1
DA:1351,1
DA:1354,23
DA:1355,68
DA:1356,68
DA:1357,2
DA:1359,68
DA:1360,375
DA:1362,68
DA:1363,1
DA:1365,67
DA:1368,23
DA:1369,5
DA:1370,5
DA:1371,2
DA:1373,5
DA:1374,5
DA:1375,25
DA:1377,5
DA:1378,1
DA:1380,4
DA:1383,23
DA:1384,1
DA:1385,4
DA:1387,1
DA:1390,23
DA:1391,1
DA:1392,1
DA:1393,3
DA:1395,1
DA:1398,23
DA:1400,23
DA:1402,23
DA:1404,23
DA:1406,23
DA:1408,23
DA:1410,23
DA:1411,4
DA:1412,7
DA:1413,2
DA:1416,2
DA:1419,23
DA:1420,4
DA:1421,5
DA:1422,2
DA:1425,2
DA:1428,23
DA:1429,4
DA:1430,3
DA:1431,11
DA:1432,11
DA:1433,2
DA:1435,9
DA:1436,9
DA:1439,1
DA:1440,1
DA:1441,4
DA:1442,4
DA:1444,1
DA:1447,23
DA:1448,2
DA:1449,1
DA:1451,1
DA:1452,1
DA:1453,1
DA:1454,3
DA:1455,3
DA:1457,1
DA:1460,23
DA:1461,1
DA:1462,1
DA:1463,4
DA:1464,4
DA:1466,1
DA:1469,23
DA:1470,1
DA:1471,1
DA:1472,1
DA:1473,3
DA:1474,3
DA:1476,1
DA:1479,23
DA:1480,6
DA:1481,2
DA:1483,4
DA:1484,4
DA:1485,4
DA:1486,7
DA:1488,4
DA:1491,23
DA:1493,23
DA:1494,4
DA:1495,4
DA:1496,13
DA:1498,4
DA:1501,23
DA:1502,7
DA:1503,3
DA:1504,3
DA:1505,3
DA:1506,12
DA:1507,12
DA:1508,12
DA:1509,3
DA:1511,9
DA:1514,4
DA:1515,4
DA:1516,4
DA:1517,13
DA:1519,4
DA:1522,23
DA:1523,8
DA:1524,4
DA:1525,4
DA:1526,4
DA:1527,4
DA:1528,16
DA:1529,16
DA:1530,16
DA:1531,16
DA:1532,4
DA:1534,12
DA:1537,4
DA:1538,4
DA:1539,4
DA:1540,12
DA:1542,4
DA:1545,23
DA:1546,13
DA:1547,5
DA:1548,5
DA:1549,5
DA:1550,5
DA:1551,5
DA:1552,20
DA:1553,20
DA:1554,20
DA:1555,20
DA:1556,20
DA:1557,5
DA:1559,15
DA:1562,8
DA:1563,8
DA:1564,8
DA:1565,24
DA:1567,8
DA:1570,23
DA:1571,5
DA:1573,5
DA:1574,5
DA:1575,15
DA:1577,5
DA:1580,23
DA:1581,6
DA:1583,6
DA:1584,6
DA:1585,18
DA:1587,6
DA:1590,23
DA:1591,14
DA:1594,14
DA:1595,14
DA:1596,35
DA:1598,14
DA:1601,23
DA:1603,23
DA:1605,23
DA:1607,23
DA:1609,23
DA:1611,23
DA:1616,23
DA:1617,4
DA:1618,2
DA:1620,2
DA:1621,2
DA:1622,3
DA:1623,3
DA:1625,2
DA:1628,23
DA:1629,2
DA:1632,23
DA:1633,3
DA:1634,1
DA:1635,1
DA:1636,1
DA:1637,3
DA:1639,1
DA:1641,2
DA:1642,2
DA:1643,2
DA:1644,2
DA:1645,10
DA:1646,10
DA:1647,30
DA:1648,18
DA:1651,10
DA:1653,2
DA:1654,1
DA:1656,2
DA:1686,23
DA:1688,23
DA:1690,23
DA:1692,23
DA:1694,23
DA:1695,10
DA:1696,4
DA:1698,10
DA:1699,4
DA:1700,6
DA:1701,2
DA:1704,2
DA:1706,6
DA:1707,9
DA:1708,3
DA:1711,3
DA:1714,23
DA:1715,10
DA:1716,4
DA:1718,10
DA:1719,4
DA:1721,10
DA:1722,15
DA:1723,5
DA:1726,5
DA:1729,23
DA:1730,10
DA:1733,23
DA:1735,23
DA:1736,4
DA:1737,6
DA:1738,2
DA:1741,2
DA:1744,23
DA:1745,2
DA:1746,2
DA:1747,2
DA:1748,19
DA:1750,2
DA:1751,1
DA:1753,1
DA:1756,23
DA:1757,8
DA:1758,40
DA:1759,4
DA:1762,4
DA:1765,23
DA:1766,8
DA:1767,8
DA:1768,44
DA:1769,8
DA:1772,8
DA:1775,23
DA:1776,4
DA:1779,23
DA:1780,4
DA:1783,23
DA:1784,3
DA:1785,3
DA:1786,3
DA:1787,18
DA:1788,9
DA:1789,9
DA:1792,3
DA:1795,23
DA:1796,5
DA:1797,5
DA:1798,5
DA:1799,12
DA:1801,5
DA:1802,5
DA:1803,18
DA:1804,3
DA:1807,5
DA:1810,23
DA:1811,7
DA:1812,7
DA:1813,7
DA:1814,7
DA:1815,11
DA:1816,11
DA:1818,7
DA:1819,13
DA:1820,3
DA:1823,7
DA:1826,23
DA:1827,3
DA:1828,3
DA:1829,3
DA:1830,3
DA:1831,12
DA:1833,3
DA:1834,9
DA:1835,6
DA:1838,3
DA:1841,23
DA:1842,10
DA:1843,10
DA:1844,4
DA:1846,6
DA:1847,6
DA:1848,17
DA:1849,5
DA:1850,262
DA:1852,3
DA:1854,6
DA:1857,23
DA:1858,3
DA:1859,10
DA:1860,2
DA:1863,1
DA:1866,23
DA:1867,3
DA:1868,3
DA:1869,2
DA:1871,1
DA:1874,23
DA:1875,2
DA:1876,6
DA:1877,1
DA:1880,1
DA:1883,23
DA:1885,23
DA:1886,4
DA:1887,2
DA:1889,2
DA:1890,2
DA:1891,2
DA:1892,2
DA:1893,22
DA:1894,2
DA:1896,20
DA:1897,20
DA:1900,2
DA:1901,2
DA:1904,23
DA:1906,23
DA:1907,6
DA:1908,0
DA:1909,0
DA:1911,6
DA:1912,2
DA:1914,4
DA:1915,4
DA:1916,4
DA:1917,4
DA:1920,23
DA:1921,1
DA:1922,8
DA:1923,7
DA:1925,1
DA:1929,23
DA:1930,1
DA:1931,8
DA:1932,6
DA:1934,2
DA:1941,23
DA:1943,23
DA:1944,3
DA:1945,1
DA:1947,2
DA:1950,23
DA:1951,21
DA:1954,23
DA:1955,9
DA:1958,23
DA:1959,7
DA:1960,2
DA:1962,5
DA:1965,23
DA:1966,5
DA:1967,2
DA:1968,2
DA:1970,3
DA:1973,23
DA:1974,3
DA:1975,2
DA:1977,1
DA:1980,23
DA:1982,23
DA:1987,23
DA:1989,23
DA:1990,5
DA:1991,5
DA:1992,2
DA:1994,3
DA:1995,3
DA:1996,2
DA:1998,1
DA:2001,23
DA:2002,14
DA:2005,23
DA:2006,14
DA:2009,23
DA:2010,23
DA:2014,23
DA:2015,15
DA:2019,23
DA:2020,7
DA:2021,6
DA:2023,1
DA:2026,23
DA:2027,7
DA:2028,6
DA:2030,1
DA:2033,23
DA:2038,23
DA:2043,23
DA:2044,1
DA:2050,23
DA:2052,23
DA:2054,23
DA:2057,1
DA:2061,1
DA:2062,1
DA:2063,0
DA:2064,0
DA:2066,0
DA:2067,0
LF:1120
LH:1110
BRDA:8,1,0,1
BRDA:8,1,1,0
BRDA:18,2,0,23
BRDA:18,2,1,21
BRDA:19,3,0,23
BRDA:19,3,1,21
BRDA:20,4,0,23
BRDA:20,4,1,21
BRDA:25,5,0,23
BRDA:25,5,1,2
BRDA:45,6,0,617
BRDA:45,6,1,205
BRDA:58,7,0,0
BRDA:58,7,1,65
BRDA:70,8,0,23
BRDA:70,8,1,2
BRDA:82,9,0,23
BRDA:82,9,1,2
BRDA:84,10,0,2
BRDA:84,10,1,1
BRDA:100,11,0,6
BRDA:100,11,1,2
BRDA:104,12,0,2
BRDA:104,12,1,2
BRDA:106,13,0,1
BRDA:106,13,1,13
BRDA:119,14,0,23
BRDA:119,14,1,21
BRDA:119,14,2,23
BRDA:161,15,0,2
BRDA:161,15,1,3
BRDA:165,16,0,1
BRDA:165,16,1,2
BRDA:175,17,0,22
BRDA:175,17,1,24
BRDA:176,18,0,7
BRDA:176,18,1,15
BRDA:181,19,0,5
BRDA:181,19,1,19
BRDA:214,20,0,335
BRDA:225,21,0,50
BRDA:225,21,1,196
BRDA:240,22,0,27
BRDA:240,22,1,55
BRDA:240,22,2,1
BRDA:259,23,0,24
BRDA:259,23,1,1
BRDA:259,23,2,1
BRDA:259,23,3,1
BRDA:282,24,0,24
BRDA:282,24,1,1
BRDA:282,24,2,1
BRDA:282,24,3,1
BRDA:282,24,4,1
BRDA:309,25,0,24
BRDA:309,25,1,1
BRDA:309,25,2,1
BRDA:309,25,3,1
BRDA:309,25,4,1
BRDA:309,25,5,1
BRDA:340,26,0,23
BRDA:340,26,1,1
BRDA:340,26,2,1
BRDA:340,26,3,1
BRDA:340,26,4,1
BRDA:340,26,5,1
BRDA:340,26,6,1
BRDA:383,27,0,138
BRDA:383,27,1,299
BRDA:411,28,0,5635
BRDA:411,28,1,4439
BRDA:411,28,2,115
BRDA:420,29,0,115
BRDA:420,29,1,0
BRDA:514,30,0,9
BRDA:514,30,1,5
BRDA:516,31,0,9
BRDA:516,31,1,7
BRDA:521,32,0,2
BRDA:521,32,1,2
BRDA:557,33,0,33
BRDA:557,33,1,137
BRDA:562,34,0,3
BRDA:562,34,1,134
BRDA:565,35,0,3
BRDA:565,35,1,131
BRDA:568,36,0,1
BRDA:568,36,1,1
BRDA:585,37,0,16
BRDA:585,37,1,12
BRDA:585,37,2,422
BRDA:589,38,0,3
BRDA:589,38,1,9
BRDA:591,39,0,7
BRDA:591,39,1,2
BRDA:594,40,0,5
BRDA:594,40,1,6
BRDA:624,41,0,11
BRDA:624,41,1,105
BRDA:631,42,0,12
BRDA:631,42,1,209
BRDA:676,43,0,100
BRDA:676,43,1,371
BRDA:678,44,0,188
BRDA:678,44,1,183
BRDA:691,45,0,9
BRDA:691,45,1,8
BRDA:699,46,0,4
BRDA:699,46,1,4
BRDA:744,47,0,23
BRDA:744,47,1,23
BRDA:748,48,0,23
BRDA:748,48,1,23
BRDA:749,49,0,2
BRDA:749,49,1,4
BRDA:751,50,0,2
BRDA:751,50,1,2
BRDA:758,51,0,23
BRDA:758,51,1,23
BRDA:762,52,0,23
BRDA:762,52,1,23
BRDA:763,53,0,2
BRDA:763,53,1,4
BRDA:770,54,0,23
BRDA:770,54,1,23
BRDA:774,55,0,23
BRDA:774,55,1,23
BRDA:786,56,0,23
BRDA:786,56,1,23
BRDA:787,57,0,9
BRDA:787,57,1,9
BRDA:800,58,0,5
BRDA:800,58,1,5
BRDA:801,59,0,2
BRDA:801,59,1,6
BRDA:801,59,2,2
BRDA:805,60,0,4
BRDA:805,60,1,2
BRDA:834,61,0,1
BRDA:834,61,1,1
BRDA:834,62,0,2
BRDA:834,62,1,1
BRDA:859,63,0,2
BRDA:859,63,1,3
BRDA:865,64,0,4
BRDA:865,64,1,1
BRDA:866,65,0,2
BRDA:866,65,1,2
BRDA:879,66,0,0
BRDA:879,66,1,5
BRDA:881,67,0,0
BRDA:881,67,1,5
BRDA:891,68,0,28
BRDA:891,68,1,109
BRDA:894,69,0,4
BRDA:894,69,1,105
BRDA:901,70,0,290
BRDA:901,70,1,90
BRDA:909,71,0,5
BRDA:909,71,1,52
BRDA:921,72,0,1
BRDA:921,72,1,12
BRDA:932,73,0,1
BRDA:932,73,1,2
BRDA:937,74,0,1
BRDA:937,74,1,1
BRDA:937,75,0,2
BRDA:937,75,1,1
BRDA:950,76,0,2
BRDA:950,76,1,3
BRDA:951,77,0,1
BRDA:951,77,1,1
BRDA:959,78,0,4
BRDA:959,78,1,8
BRDA:960,79,0,3
BRDA:960,79,1,1
BRDA:966,80,0,2
BRDA:966,80,1,7
BRDA:971,81,0,2
BRDA:971,81,1,1
BRDA:971,82,0,3
BRDA:971,82,1,2
BRDA:974,83,0,4
BRDA:974,83,1,14
BRDA:983,84,0,1
BRDA:983,84,1,5
BRDA:1010,85,0,1
BRDA:1010,85,1,3
BRDA:1032,86,0,7
BRDA:1032,86,1,26
BRDA:1034,87,0,2
BRDA:1034,87,1,5
BRDA:1035,88,0,7
BRDA:1035,88,1,24
BRDA:1048,89,0,4
BRDA:1048,89,1,10
BRDA:1048,90,0,14
BRDA:1048,90,1,11
BRDA:1050,91,0,1
BRDA:1050,91,1,3
BRDA:1056,92,0,6
BRDA:1056,92,1,9
BRDA:1060,93,0,3
BRDA:1060,93,1,6
BRDA:1067,94,0,4
BRDA:1067,94,1,6
BRDA:1077,95,0,2
BRDA:1077,95,1,32
BRDA:1078,96,0,1
BRDA:1078,96,1,1
BRDA:1080,97,0,1
BRDA:1080,97,1,3
BRDA:1087,98,0,13
BRDA:1087,98,1,19
BRDA:1087,99,0,32
BRDA:1087,99,1,20
BRDA:1092,100,0,1
BRDA:1092,100,1,12
BRDA:1103,101,0,2
BRDA:1103,101,1,11
BRDA:1104,102,0,1
BRDA:1104,102,1,1
BRDA:1107,103,0,7
BRDA:1107,103,1,2
BRDA:1115,104,0,10
BRDA:1115,104,1,1
BRDA:1115,105,0,11
BRDA:1115,105,1,3
BRDA:1118,106,0,23
BRDA:1118,106,1,28
BRDA:1122,107,0,2
BRDA:1122,107,1,8
BRDA:1127,108,0,2
BRDA:1127,108,1,1
BRDA:1135,109,0,3
BRDA:1135,109,1,2
BRDA:1137,110,0,1
BRDA:1137,110,1,2
BRDA:1143,111,0,1
BRDA:1143,111,1,2
BRDA:1155,112,0,1
BRDA:1155,112,1,2
BRDA:1163,113,0,1
BRDA:1163,113,1,2
BRDA:1168,114,0,1
BRDA:1168,114,1,2
BRDA:1180,115,0,2
BRDA:1180,115,1,4
BRDA:1187,116,0,4
BRDA:1187,116,1,4
BRDA:1188,117,0,2
BRDA:1188,117,1,2
BRDA:1201,118,0,4
BRDA:1201,118,1,10
BRDA:1204,119,0,1
BRDA:1204,119,1,9
BRDA:1209,120,0,1
BRDA:1209,120,1,2
BRDA:1215,121,0,1
BRDA:1215,121,1,2
BRDA:1220,122,0,1
BRDA:1220,122,1,4
BRDA:1226,123,0,1
BRDA:1226,123,1,1
BRDA:1228,124,0,1
BRDA:1228,124,1,1
BRDA:1232,125,0,14
BRDA:1232,125,1,7
BRDA:1235,126,0,68
BRDA:1235,126,1,14
BRDA:1245,127,0,1
BRDA:1245,127,1,9
BRDA:1259,128,0,2
BRDA:1259,128,1,3
BRDA:1263,129,0,2
BRDA:1263,129,1,6
BRDA:1263,130,0,8
BRDA:1263,130,1,8
BRDA:1263,130,2,8
BRDA:1271,131,0,12
BRDA:1271,131,1,12
BRDA:1278,132,0,1
BRDA:1278,132,1,2
BRDA:1280,133,0,4
BRDA:1280,133,1,4
BRDA:1285,134,0,8
BRDA:1285,134,1,8
BRDA:1293,135,0,4
BRDA:1293,135,1,4
BRDA:1301,136,0,5
BRDA:1301,136,1,5
BRDA:1308,137,0,2
BRDA:1308,137,1,4
BRDA:1311,138,0,1
BRDA:1311,138,1,4
BRDA:1318,139,0,2
BRDA:1318,139,1,7
BRDA:1326,140,0,2
BRDA:1326,140,1,5
BRDA:1329,141,0,1
BRDA:1329,141,1,4
BRDA:1336,142,0,2
BRDA:1336,142,1,7
BRDA:1344,143,0,1
BRDA:1344,143,1,1
BRDA:1346,144,0,1
BRDA:1346,144,1,1
BRDA:1346,145,0,2
BRDA:1346,145,1,2
BRDA:1356,146,0,2
BRDA:1356,146,1,66
BRDA:1362,147,0,1
BRDA:1362,147,1,67
BRDA:1362,148,0,68
BRDA:1362,148,1,2
BRDA:1370,149,0,2
BRDA:1370,149,1,3
BRDA:1377,150,0,1
BRDA:1377,150,1,4
BRDA:1377,151,0,5
BRDA:1377,151,1,1
BRDA:1412,152,0,2
BRDA:1412,152,1,5
BRDA:1421,153,0,2
BRDA:1421,153,1,3
BRDA:1429,154,0,3
BRDA:1429,154,1,1
BRDA:1430,155,0,1
BRDA:1430,155,1,2
BRDA:1432,156,0,2
BRDA:1432,156,1,9
BRDA:1448,157,0,1
BRDA:1448,157,1,1
BRDA:1480,158,0,2
BRDA:1480,158,1,4
BRDA:1502,159,0,3
BRDA:1502,159,1,4
BRDA:1502,160,0,7
BRDA:1502,160,1,5
BRDA:1508,161,0,3
BRDA:1508,161,1,9
BRDA:1508,162,0,12
BRDA:1508,162,1,9
BRDA:1523,163,0,4
BRDA:1523,163,1,4
BRDA:1523,164,0,8
BRDA:1523,164,1,5
BRDA:1523,164,2,4
BRDA:1531,165,0,4
BRDA:1531,165,1,12
BRDA:1531,166,0,16
BRDA:1531,166,1,12
BRDA:1531,166,2,12
BRDA:1546,167,0,5
BRDA:1546,167,1,8
BRDA:1546,168,0,13
BRDA:1546,168,1,12
BRDA:1546,168,2,8
BRDA:1546,168,3,8
BRDA:1556,169,0,5
BRDA:1556,169,1,15
BRDA:1556,170,0,20
BRDA:1556,170,1,15
BRDA:1556,170,2,15
BRDA:1556,170,3,15
BRDA:1617,171,0,2
BRDA:1617,171,1,2
BRDA:1633,172,0,1
BRDA:1633,172,1,2
BRDA:1647,173,0,18
BRDA:1647,173,1,12
BRDA:1652,174,0,10
BRDA:1652,174,1,8
BRDA:1653,175,0,1
BRDA:1653,175,1,1
BRDA:1695,176,0,4
BRDA:1695,176,1,6
BRDA:1698,177,0,4
BRDA:1698,177,1,6
BRDA:1700,178,0,2
BRDA:1700,178,1,4
BRDA:1707,179,0,3
BRDA:1707,179,1,6
BRDA:1715,180,0,4
BRDA:1715,180,1,6
BRDA:1718,181,0,4
BRDA:1718,181,1,6
BRDA:1722,182,0,5
BRDA:1722,182,1,10
BRDA:1737,183,0,2
BRDA:1737,183,1,4
BRDA:1748,184,0,5
BRDA:1748,184,1,14
BRDA:1750,185,0,1
BRDA:1750,185,1,1
BRDA:1758,186,0,4
BRDA:1758,186,1,36
BRDA:1768,187,0,8
BRDA:1768,187,1,36
BRDA:1787,188,0,9
BRDA:1787,188,1,9
BRDA:1803,189,0,3
BRDA:1803,189,1,15
BRDA:1807,190,0,1
BRDA:1807,190,1,4
BRDA:1819,191,0,3
BRDA:1819,191,1,10
BRDA:1834,192,0,6
BRDA:1834,192,1,3
BRDA:1843,193,0,4
BRDA:1843,193,1,6
BRDA:1846,194,0,1
BRDA:1846,194,1,5
BRDA:1847,195,0,1
BRDA:1847,195,1,5
BRDA:1849,196,0,2
BRDA:1849,196,1,3
BRDA:1854,197,0,1
BRDA:1854,197,1,5
BRDA:1859,198,0,2
BRDA:1859,198,1,8
BRDA:1868,199,0,2
BRDA:1868,199,1,1
BRDA:1876,200,0,1
BRDA:1876,200,1,5
BRDA:1886,201,0,2
BRDA:1886,201,1,2
BRDA:1893,202,0,2
BRDA:1893,202,1,20
BRDA:1901,203,0,1
BRDA:1901,203,1,1
BRDA:1907,204,0,0
BRDA:1907,204,1,6
BRDA:1911,205,0,2
BRDA:1911,205,1,4
BRDA:1915,206,0,1
BRDA:1915,206,1,3
BRDA:1917,207,0,1
BRDA:1917,207,1,3
BRDA:1922,208,0,7
BRDA:1922,208,1,1
BRDA:1931,209,0,6
BRDA:1931,209,1,2
BRDA:1944,210,0,1
BRDA:1944,210,1,2
BRDA:1944,211,0,3
BRDA:1944,211,1,3
BRDA:1951,212,0,21
BRDA:1951,212,1,19
BRDA:1955,213,0,9
BRDA:1955,213,1,7
BRDA:1959,214,0,2
BRDA:1959,214,1,5
BRDA:1959,215,0,7
BRDA:1959,215,1,6
BRDA:1966,216,0,2
BRDA:1966,216,1,3
BRDA:1968,217,0,1
BRDA:1968,217,1,1
BRDA:1974,218,0,2
BRDA:1974,218,1,1
BRDA:1974,219,0,3
BRDA:1974,219,1,2
BRDA:1990,220,0,5
BRDA:1990,220,1,3
BRDA:1991,221,0,2
BRDA:1991,221,1,3
BRDA:1994,222,0,3
BRDA:1994,222,1,1
BRDA:1995,223,0,2
BRDA:1995,223,1,1
BRDA:2010,224,0,23
BRDA:2010,224,1,16
BRDA:2010,224,2,2
BRDA:2015,225,0,15
BRDA:2015,225,1,8
BRDA:2015,225,2,8
BRDA:2020,226,0,6
BRDA:2020,226,1,1
BRDA:2027,227,0,6
BRDA:2027,227,1,1
BRDA:2061,228,0,1
BRDA:2061,228,1,0
BRDA:2061,229,0,1
BRDA:2061,229,1,1
BRDA:2063,230,0,0
BRDA:2063,230,1,0
BRDA:2063,231,0,0
BRDA:2063,231,1,0
BRF:489
BRH:478
end_of_record
