TN:
SF:/Users/scravy/GithubWorkspace/scravy/nodash/nodash.js
FN:2,(anonymous_1)
FN:13,install
FN:27,showEndOfStream
FN:55,mkStream
FN:62,mkInfinite
FN:72,isInfinite
FN:79,checkFinite
FN:92,_isArray
FN:97,isFunction
FN:98,isString
FN:99,isNumber
FN:102,isStream
FN:107,(anonymous_13)
FN:121,_Object_keys
FN:144,(anonymous_15)
FN:146,(anonymous_16)
FN:150,_Set_add
FN:155,_Set_has
FN:163,id
FN:166,listToString
FN:173,indexOf
FN:234,(anonymous_22)
FN:235,(anonymous_23)
FN:238,(anonymous_24)
FN:245,(anonymous_25)
FN:246,(anonymous_26)
FN:249,(anonymous_27)
FN:253,(anonymous_28)
FN:260,(anonymous_29)
FN:261,(anonymous_30)
FN:264,(anonymous_31)
FN:268,(anonymous_32)
FN:272,(anonymous_33)
FN:279,(anonymous_34)
FN:280,(anonymous_35)
FN:283,(anonymous_36)
FN:287,(anonymous_37)
FN:291,(anonymous_38)
FN:295,(anonymous_39)
FN:302,(anonymous_40)
FN:303,(anonymous_41)
FN:306,(anonymous_42)
FN:310,(anonymous_43)
FN:314,(anonymous_44)
FN:318,(anonymous_45)
FN:322,(anonymous_46)
FN:329,(anonymous_47)
FN:330,(anonymous_48)
FN:333,(anonymous_49)
FN:337,(anonymous_50)
FN:341,(anonymous_51)
FN:345,(anonymous_52)
FN:349,(anonymous_53)
FN:353,(anonymous_54)
FN:360,(anonymous_55)
FN:361,(anonymous_56)
FN:364,(anonymous_57)
FN:368,(anonymous_58)
FN:372,(anonymous_59)
FN:376,(anonymous_60)
FN:380,(anonymous_61)
FN:384,(anonymous_62)
FN:388,(anonymous_63)
FN:399,(anonymous_64)
FN:401,(anonymous_65)
FN:436,register
FN:481,_idf
FN:482,(anonymous_68)
FN:491,_const
FN:499,_apply
FN:504,_compose
FN:508,_compose2
FN:512,_flip
FN:513,(anonymous_74)
FN:518,_on
FN:525,_AND
FN:527,_OR
FN:529,_not
FN:531,_bool
FN:538,_fst
FN:540,_snd
FN:542,(anonymous_82)
FN:544,(anonymous_83)
FN:546,(anonymous_84)
FN:548,(anonymous_85)
FN:552,(anonymous_86)
FN:556,(anonymous_87)
FN:563,_eq
FN:584,_neq
FN:591,_compare
FN:614,_lt
FN:618,_gt
FN:622,_lte
FN:626,_gte
FN:630,_max
FN:637,_min
FN:644,_comparing
FN:651,(anonymous_98)
FN:655,(anonymous_99)
FN:662,_add
FN:666,_sub
FN:670,_mul
FN:676,_negate
FN:678,_signum
FN:690,_div
FN:692,_quot
FN:697,_rem
FN:699,_mod
FN:705,_divMod
FN:709,_quotRem
FN:716,_frac
FN:718,_recip
FN:729,_logBase
FN:747,_sinh
FN:751,(anonymous_115)
FN:761,(anonymous_116)
FN:765,_asinh
FN:773,_atanh
FN:777,_acosh
FN:784,_properFraction
FN:789,_truncate
FN:799,_round
FN:826,_gcd
FN:836,_lcm
FN:843,_even
FN:845,_odd
FN:850,_until
FN:860,_stream
FN:865,(anonymous_129)
FN:870,(anonymous_130)
FN:878,_consume
FN:890,_consumeString
FN:901,_each
FN:919,_cycle
FN:927,(anonymous_135)
FN:943,(anonymous_136)
FN:952,(anonymous_137)
FN:961,_repeat
FN:962,(anonymous_139)
FN:967,_iterate
FN:968,(anonymous_141)
FN:978,_cons
FN:981,(anonymous_143)
FN:994,_append
FN:1002,(anonymous_145)
FN:1023,_map
FN:1025,(anonymous_147)
FN:1049,_filter
FN:1051,(anonymous_149)
FN:1081,_head
FN:1089,_last
FN:1101,_tail
FN:1109,_init
FN:1113,(anonymous_154)
FN:1126,_null
FN:1133,_length
FN:1147,_at
FN:1161,_reverse
FN:1166,(anonymous_159)
FN:1178,_take
FN:1181,(anonymous_161)
FN:1191,_drop
FN:1201,_splitAt
FN:1205,_takeWhile
FN:1208,(anonymous_165)
FN:1224,_dropWhile
FN:1238,_span
FN:1246,_break
FN:1254,_elem
FN:1272,_notElem
FN:1290,_lookup
FN:1301,_foldl
FN:1315,_foldl1
FN:1330,_foldr
FN:1337,_foldr1
FN:1357,_any
FN:1366,_all
FN:1375,_scanl
FN:1377,(anonymous_179)
FN:1394,_scanl1
FN:1407,_scanr
FN:1416,_scanr1
FN:1426,_concat
FN:1440,_replicate
FN:1448,_zipWith
FN:1452,(anonymous_186)
FN:1469,_zipWith3
FN:1474,(anonymous_188)
FN:1492,_zipWith4
FN:1498,(anonymous_190)
FN:1517,_zipWith5
FN:1527,_zipWith6
FN:1537,_zipWith7
FN:1563,_lines
FN:1571,_unlines
FN:1575,_words
FN:1579,_unwords
FN:1586,_intersperse
FN:1598,_intercalate
FN:1602,_transpose
FN:1664,_isPrefixOf
FN:1684,_isSuffixOf
FN:1699,_isInfixOf
FN:1705,_find
FN:1714,_partition
FN:1726,_elemIndex
FN:1735,_elemIndex
FN:1745,_elemIndex
FN:1749,_elemIndex
FN:1753,_nub
FN:1765,(anonymous_211)
FN:1780,(anonymous_212)
FN:1796,(anonymous_213)
FN:1811,(anonymous_214)
FN:1818,(anonymous_215)
FN:1820,(anonymous_216)
FN:1827,(anonymous_217)
FN:1836,_delete
FN:1844,(anonymous_219)
FN:1855,(anonymous_220)
FN:1876,(anonymous_221)
FN:1885,(anonymous_222)
FN:1886,(anonymous_223)
FN:1894,(anonymous_224)
FN:1895,(anonymous_225)
FN:1906,_maybe
FN:1913,_isJust
FN:1917,_isNothing
FN:1921,_fromMaybe
FN:1928,_listToMaybe
FN:1936,_maybeToList
FN:1950,_either
FN:1962,_Left
FN:1964,_Right
FN:1966,_isLeft
FN:1970,_isRight
FN:1974,_fromLeft
FN:1981,_fromRight
FN:1998,_partitionEithers
FNF:239
FNH:239
FNDA:1,(anonymous_1)
FNDA:23,install
FNDA:16,showEndOfStream
FNDA:168,mkStream
FNDA:21,mkInfinite
FNDA:94,isInfinite
FNDA:65,checkFinite
FNDA:6,_isArray
FNDA:741,isFunction
FNDA:105,isString
FNDA:6,isNumber
FNDA:611,isStream
FNDA:2,(anonymous_13)
FNDA:4,_Object_keys
FNDA:23,(anonymous_15)
FNDA:18,(anonymous_16)
FNDA:44,_Set_add
FNDA:58,_Set_has
FNDA:1970,id
FNDA:21,listToString
FNDA:10,indexOf
FNDA:2083,(anonymous_22)
FNDA:2508,(anonymous_23)
FNDA:216,(anonymous_24)
FNDA:376,(anonymous_25)
FNDA:318,(anonymous_26)
FNDA:11,(anonymous_27)
FNDA:97,(anonymous_28)
FNDA:142,(anonymous_29)
FNDA:145,(anonymous_30)
FNDA:12,(anonymous_31)
FNDA:31,(anonymous_32)
FNDA:1,(anonymous_33)
FNDA:95,(anonymous_34)
FNDA:51,(anonymous_35)
FNDA:14,(anonymous_36)
FNDA:1,(anonymous_37)
FNDA:1,(anonymous_38)
FNDA:1,(anonymous_39)
FNDA:94,(anonymous_40)
FNDA:55,(anonymous_41)
FNDA:6,(anonymous_42)
FNDA:1,(anonymous_43)
FNDA:1,(anonymous_44)
FNDA:1,(anonymous_45)
FNDA:1,(anonymous_46)
FNDA:92,(anonymous_47)
FNDA:58,(anonymous_48)
FNDA:7,(anonymous_49)
FNDA:1,(anonymous_50)
FNDA:1,(anonymous_51)
FNDA:1,(anonymous_52)
FNDA:1,(anonymous_53)
FNDA:1,(anonymous_54)
FNDA:23,(anonymous_55)
FNDA:30,(anonymous_56)
FNDA:7,(anonymous_57)
FNDA:1,(anonymous_58)
FNDA:1,(anonymous_59)
FNDA:1,(anonymous_60)
FNDA:1,(anonymous_61)
FNDA:1,(anonymous_62)
FNDA:1,(anonymous_63)
FNDA:4416,(anonymous_64)
FNDA:5,(anonymous_65)
FNDA:4416,register
FNDA:5,_idf
FNDA:5,(anonymous_68)
FNDA:6,_const
FNDA:3,_apply
FNDA:30,_compose
FNDA:24,_compose2
FNDA:203,_flip
FNDA:470,(anonymous_74)
FNDA:5,_on
FNDA:9,_AND
FNDA:9,_OR
FNDA:18,_not
FNDA:4,_bool
FNDA:1,_fst
FNDA:1,_snd
FNDA:16,(anonymous_82)
FNDA:24,(anonymous_83)
FNDA:39,(anonymous_84)
FNDA:15,(anonymous_85)
FNDA:18,(anonymous_86)
FNDA:21,(anonymous_87)
FNDA:170,_eq
FNDA:7,_neq
FNDA:451,_compare
FNDA:235,_lt
FNDA:129,_gt
FNDA:3,_lte
FNDA:16,_gte
FNDA:116,_max
FNDA:221,_min
FNDA:3,_comparing
FNDA:25,(anonymous_98)
FNDA:8,(anonymous_99)
FNDA:34,_add
FNDA:3,_sub
FNDA:45,_mul
FNDA:30,_negate
FNDA:471,_signum
FNDA:12,_div
FNDA:17,_quot
FNDA:29,_rem
FNDA:8,_mod
FNDA:4,_divMod
FNDA:4,_quotRem
FNDA:2,_frac
FNDA:2,_recip
FNDA:13,_logBase
FNDA:6,_sinh
FNDA:6,(anonymous_115)
FNDA:2,(anonymous_116)
FNDA:6,_asinh
FNDA:6,_atanh
FNDA:2,_acosh
FNDA:12,_properFraction
FNDA:20,_truncate
FNDA:10,_round
FNDA:3,_gcd
FNDA:2,_lcm
FNDA:10,_even
FNDA:5,_odd
FNDA:1,_until
FNDA:137,_stream
FNDA:9,(anonymous_129)
FNDA:380,(anonymous_130)
FNDA:57,_consume
FNDA:13,_consumeString
FNDA:3,_each
FNDA:5,_cycle
FNDA:12,(anonymous_135)
FNDA:18,(anonymous_136)
FNDA:6,(anonymous_137)
FNDA:7,_repeat
FNDA:16,(anonymous_139)
FNDA:1,_iterate
FNDA:3,(anonymous_141)
FNDA:33,_cons
FNDA:31,(anonymous_143)
FNDA:14,_append
FNDA:15,(anonymous_145)
FNDA:34,_map
FNDA:4,(anonymous_147)
FNDA:13,_filter
FNDA:8,(anonymous_149)
FNDA:5,_head
FNDA:3,_last
FNDA:3,_tail
FNDA:3,_init
FNDA:3,(anonymous_154)
FNDA:6,_null
FNDA:8,_length
FNDA:14,_at
FNDA:3,_reverse
FNDA:5,(anonymous_159)
FNDA:21,_take
FNDA:82,(anonymous_161)
FNDA:10,_drop
FNDA:3,_splitAt
FNDA:5,_takeWhile
FNDA:8,(anonymous_165)
FNDA:3,_dropWhile
FNDA:2,_span
FNDA:2,_break
FNDA:6,_elem
FNDA:7,_notElem
FNDA:2,_lookup
FNDA:68,_foldl
FNDA:5,_foldl1
FNDA:1,_foldr
FNDA:1,_foldr1
FNDA:4,_any
FNDA:4,_all
FNDA:4,_scanl
FNDA:11,(anonymous_179)
FNDA:2,_scanl1
FNDA:1,_scanr
FNDA:1,_scanr1
FNDA:6,_concat
FNDA:4,_replicate
FNDA:7,_zipWith
FNDA:12,(anonymous_186)
FNDA:8,_zipWith3
FNDA:16,(anonymous_188)
FNDA:13,_zipWith4
FNDA:20,(anonymous_190)
FNDA:5,_zipWith5
FNDA:6,_zipWith6
FNDA:14,_zipWith7
FNDA:4,_lines
FNDA:4,_unlines
FNDA:3,_words
FNDA:1,_unwords
FNDA:4,_intersperse
FNDA:2,_intercalate
FNDA:3,_transpose
FNDA:10,_isPrefixOf
FNDA:10,_isSuffixOf
FNDA:10,_isInfixOf
FNDA:4,_find
FNDA:2,_partition
FNDA:8,_elemIndex
FNDA:8,_elemIndex
FNDA:4,_elemIndex
FNDA:4,_elemIndex
FNDA:3,_nub
FNDA:5,(anonymous_211)
FNDA:7,(anonymous_212)
FNDA:3,(anonymous_213)
FNDA:10,(anonymous_214)
FNDA:17,(anonymous_215)
FNDA:262,(anonymous_216)
FNDA:3,(anonymous_217)
FNDA:3,_delete
FNDA:2,(anonymous_219)
FNDA:4,(anonymous_220)
FNDA:6,(anonymous_221)
FNDA:1,(anonymous_222)
FNDA:8,(anonymous_223)
FNDA:1,(anonymous_224)
FNDA:8,(anonymous_225)
FNDA:3,_maybe
FNDA:21,_isJust
FNDA:9,_isNothing
FNDA:7,_fromMaybe
FNDA:5,_listToMaybe
FNDA:3,_maybeToList
FNDA:5,_either
FNDA:14,_Left
FNDA:14,_Right
FNDA:23,_isLeft
FNDA:15,_isRight
FNDA:7,_fromLeft
FNDA:7,_fromRight
FNDA:1,_partitionEithers
DA:2,1
DA:8,1
DA:9,1
DA:10,1
DA:11,1
DA:13,1
DA:18,23
DA:19,23
DA:20,23
DA:25,23
DA:27,1
DA:28,16
DA:39,23
DA:44,23
DA:49,23
DA:55,1
DA:56,168
DA:57,168
DA:62,1
DA:65,21
DA:66,21
DA:67,21
DA:72,1
DA:73,94
DA:79,1
DA:80,65
DA:81,0
DA:92,23
DA:93,6
DA:97,741
DA:98,105
DA:99,6
DA:102,611
DA:107,23
DA:108,2
DA:121,2
DA:122,4
DA:124,4
DA:125,8
DA:126,6
DA:129,4
DA:130,2
DA:131,14
DA:132,1
DA:136,4
DA:144,23
DA:146,23
DA:147,18
DA:150,23
DA:151,44
DA:152,44
DA:155,23
DA:156,58
DA:159,23
DA:163,1970
DA:166,21
DA:173,1
DA:174,10
DA:175,10
DA:176,10
DA:178,10
DA:179,10
DA:181,10
DA:182,10
DA:185,10
DA:186,5
DA:187,2
DA:188,2
DA:189,2
DA:190,3
DA:191,1
DA:193,2
DA:194,2
DA:199,10
DA:200,46
DA:201,22
DA:202,7
DA:204,15
DA:206,24
DA:207,5
DA:208,5
DA:210,19
DA:211,19
DA:216,3
DA:230,23
DA:235,2083
DA:236,2508
DA:238,335
DA:239,216
DA:242,2173
DA:246,376
DA:247,318
DA:249,50
DA:250,11
DA:253,196
DA:254,97
DA:257,72
DA:261,142
DA:262,145
DA:264,27
DA:265,12
DA:268,55
DA:269,31
DA:272,1
DA:273,1
DA:276,62
DA:280,95
DA:281,51
DA:283,24
DA:284,14
DA:287,1
DA:288,1
DA:291,1
DA:292,1
DA:295,1
DA:296,1
DA:299,24
DA:303,94
DA:304,55
DA:306,24
DA:307,6
DA:310,1
DA:311,1
DA:314,1
DA:315,1
DA:318,1
DA:319,1
DA:322,1
DA:323,1
DA:326,27
DA:330,92
DA:331,58
DA:333,24
DA:334,7
DA:337,1
DA:338,1
DA:341,1
DA:342,1
DA:345,1
DA:346,1
DA:349,1
DA:350,1
DA:353,1
DA:354,1
DA:357,29
DA:361,23
DA:362,30
DA:364,23
DA:365,7
DA:368,1
DA:369,1
DA:372,1
DA:373,1
DA:376,1
DA:377,1
DA:380,1
DA:381,1
DA:384,1
DA:385,1
DA:388,1
DA:389,1
DA:392,1
DA:399,4416
DA:401,23
DA:402,5
DA:403,5
DA:404,5
DA:405,2
DA:406,2
DA:408,3
DA:410,5
DA:411,4
DA:412,2
DA:414,2
DA:416,4
DA:417,8
DA:418,8
DA:420,0
DA:424,5
DA:425,0
DA:426,5
DA:427,0
DA:429,5
DA:433,23
DA:436,1
DA:437,4416
DA:438,4416
DA:439,9867
DA:440,9867
DA:442,5451
DA:443,5451
DA:444,5451
DA:446,4416
DA:447,4416
DA:450,4416
DA:451,5451
DA:453,4416
DA:455,4416
DA:460,4416
DA:465,23
DA:466,23
DA:467,23
DA:468,23
DA:469,23
DA:475,23
DA:481,23
DA:482,5
DA:483,5
DA:491,23
DA:492,6
DA:499,23
DA:500,3
DA:504,23
DA:505,30
DA:508,23
DA:509,24
DA:512,23
DA:513,203
DA:514,470
DA:518,23
DA:519,5
DA:525,23
DA:527,23
DA:529,23
DA:531,23
DA:532,4
DA:538,23
DA:540,23
DA:542,23
DA:544,24
DA:546,39
DA:548,23
DA:549,15
DA:552,23
DA:553,18
DA:556,23
DA:557,21
DA:563,23
DA:564,170
DA:565,33
DA:567,137
DA:568,137
DA:569,137
DA:570,3
DA:572,134
DA:573,3
DA:574,3
DA:575,2
DA:576,1
DA:579,2
DA:581,131
DA:584,23
DA:585,7
DA:591,23
DA:592,451
DA:594,16
DA:596,12
DA:597,3
DA:598,9
DA:599,7
DA:600,11
DA:601,11
DA:602,5
DA:605,2
DA:607,2
DA:609,422
DA:611,1
DA:614,23
DA:615,235
DA:618,23
DA:619,129
DA:622,23
DA:623,3
DA:626,23
DA:627,16
DA:630,23
DA:631,116
DA:632,11
DA:634,105
DA:637,23
DA:638,221
DA:639,12
DA:641,209
DA:644,23
DA:645,3
DA:651,23
DA:652,25
DA:655,23
DA:656,8
DA:662,23
DA:663,34
DA:666,23
DA:667,3
DA:670,23
DA:671,45
DA:674,23
DA:676,30
DA:678,23
DA:679,471
DA:680,100
DA:681,371
DA:682,188
DA:684,183
DA:690,23
DA:692,23
DA:693,17
DA:694,17
DA:697,29
DA:699,23
DA:700,8
DA:701,8
DA:702,8
DA:705,23
DA:706,4
DA:709,23
DA:710,4
DA:716,23
DA:718,23
DA:723,23
DA:725,23
DA:727,23
DA:729,23
DA:730,13
DA:733,23
DA:735,23
DA:737,23
DA:739,23
DA:741,23
DA:743,23
DA:745,23
DA:747,23
DA:748,6
DA:751,23
DA:752,6
DA:753,2
DA:754,4
DA:755,2
DA:757,2
DA:761,23
DA:762,2
DA:765,23
DA:766,6
DA:767,2
DA:769,4
DA:773,23
DA:774,6
DA:777,23
DA:778,2
DA:784,23
DA:785,12
DA:786,12
DA:789,23
DA:790,20
DA:792,9
DA:794,9
DA:796,2
DA:799,23
DA:801,10
DA:802,10
DA:803,10
DA:804,10
DA:806,2
DA:808,6
DA:810,2
DA:814,23
DA:816,23
DA:826,23
DA:827,3
DA:828,3
DA:829,13
DA:830,13
DA:831,13
DA:833,3
DA:836,23
DA:837,2
DA:838,1
DA:840,1
DA:843,23
DA:845,23
DA:850,23
DA:851,1
DA:852,4
DA:854,1
DA:860,23
DA:861,137
DA:862,28
DA:864,109
DA:865,4
DA:866,9
DA:869,105
DA:870,105
DA:871,380
DA:872,290
DA:874,90
DA:878,23
DA:879,57
DA:880,5
DA:882,52
DA:883,52
DA:884,52
DA:885,173
DA:887,52
DA:890,23
DA:891,13
DA:892,1
DA:894,12
DA:895,12
DA:896,53
DA:898,12
DA:901,23
DA:902,3
DA:903,1
DA:904,1
DA:905,3
DA:907,2
DA:908,1
DA:909,3
DA:912,1
DA:913,1
DA:914,2
DA:919,23
DA:920,5
DA:921,2
DA:922,1
DA:924,1
DA:925,1
DA:926,1
DA:927,1
DA:928,12
DA:929,12
DA:930,4
DA:931,3
DA:932,3
DA:934,1
DA:936,9
DA:937,2
DA:939,9
DA:941,3
DA:942,2
DA:943,2
DA:944,18
DA:945,4
DA:947,18
DA:950,1
DA:951,1
DA:952,1
DA:953,6
DA:954,1
DA:956,6
DA:961,23
DA:962,7
DA:963,16
DA:967,23
DA:968,1
DA:969,3
DA:970,3
DA:971,3
DA:978,23
DA:979,33
DA:980,7
DA:981,7
DA:982,31
DA:983,7
DA:984,7
DA:986,24
DA:989,26
DA:990,26
DA:991,26
DA:994,23
DA:995,14
DA:996,4
DA:997,4
DA:998,1
DA:1000,3
DA:1001,3
DA:1002,3
DA:1003,15
DA:1004,6
DA:1006,9
DA:1007,9
DA:1008,3
DA:1009,3
DA:1011,6
DA:1014,10
DA:1015,4
DA:1017,6
DA:1018,6
DA:1019,6
DA:1020,6
DA:1023,23
DA:1024,34
DA:1025,2
DA:1026,4
DA:1027,4
DA:1028,1
DA:1030,3
DA:1033,32
DA:1034,32
DA:1035,13
DA:1036,13
DA:1037,48
DA:1039,13
DA:1041,19
DA:1042,19
DA:1043,19
DA:1044,177
DA:1046,19
DA:1049,23
DA:1050,13
DA:1051,2
DA:1052,8
DA:1053,8
DA:1054,9
DA:1055,7
DA:1058,1
DA:1061,11
DA:1062,11
DA:1063,10
DA:1064,10
DA:1065,51
DA:1066,23
DA:1069,10
DA:1071,1
DA:1072,1
DA:1073,1
DA:1074,3
DA:1075,2
DA:1078,1
DA:1081,23
DA:1082,5
DA:1083,3
DA:1084,3
DA:1086,2
DA:1089,23
DA:1090,3
DA:1091,1
DA:1092,1
DA:1093,1
DA:1094,3
DA:1096,1
DA:1098,2
DA:1101,23
DA:1102,3
DA:1103,1
DA:1104,1
DA:1106,2
DA:1109,23
DA:1110,3
DA:1111,1
DA:1112,1
DA:1113,1
DA:1114,3
DA:1115,3
DA:1116,1
DA:1118,2
DA:1119,2
DA:1120,2
DA:1123,2
DA:1126,23
DA:1127,6
DA:1128,2
DA:1130,4
DA:1133,23
DA:1134,8
DA:1135,4
DA:1136,2
DA:1138,2
DA:1139,2
DA:1140,7
DA:1142,2
DA:1144,4
DA:1147,23
DA:1148,14
DA:1149,4
DA:1150,4
DA:1151,10
DA:1152,1
DA:1155,3
DA:1156,3
DA:1158,10
DA:1161,23
DA:1162,3
DA:1163,1
DA:1164,1
DA:1165,1
DA:1166,1
DA:1167,5
DA:1168,1
DA:1170,4
DA:1173,2
DA:1174,2
DA:1175,2
DA:1178,23
DA:1179,21
DA:1180,14
DA:1181,14
DA:1182,82
DA:1183,68
DA:1185,14
DA:1188,7
DA:1191,23
DA:1192,10
DA:1193,1
DA:1194,3
DA:1196,1
DA:1198,9
DA:1201,23
DA:1202,3
DA:1205,23
DA:1206,5
DA:1207,2
DA:1208,2
DA:1209,8
DA:1210,8
DA:1211,2
DA:1212,2
DA:1214,6
DA:1217,3
DA:1218,3
DA:1219,9
DA:1221,3
DA:1224,23
DA:1225,3
DA:1226,1
DA:1227,1
DA:1229,1
DA:1231,2
DA:1232,2
DA:1233,6
DA:1235,2
DA:1238,23
DA:1239,2
DA:1240,2
DA:1241,2
DA:1243,2
DA:1246,23
DA:1247,2
DA:1248,2
DA:1249,3
DA:1251,2
DA:1254,23
DA:1255,6
DA:1256,2
DA:1257,2
DA:1258,5
DA:1259,1
DA:1262,1
DA:1264,4
DA:1265,9
DA:1266,2
DA:1269,2
DA:1272,23
DA:1273,7
DA:1274,2
DA:1275,2
DA:1276,5
DA:1277,1
DA:1280,1
DA:1282,5
DA:1283,9
DA:1284,2
DA:1287,3
DA:1290,23
DA:1291,2
DA:1292,1
DA:1293,2
DA:1294,1
DA:1298,1
DA:1301,23
DA:1302,68
DA:1303,68
DA:1304,2
DA:1306,68
DA:1307,375
DA:1309,68
DA:1310,1
DA:1312,67
DA:1315,23
DA:1316,5
DA:1317,5
DA:1318,2
DA:1320,5
DA:1321,5
DA:1322,25
DA:1324,5
DA:1325,1
DA:1327,4
DA:1330,23
DA:1331,1
DA:1332,4
DA:1334,1
DA:1337,23
DA:1338,1
DA:1339,1
DA:1340,3
DA:1342,1
DA:1345,23
DA:1347,23
DA:1349,23
DA:1351,23
DA:1353,23
DA:1355,23
DA:1357,23
DA:1358,4
DA:1359,7
DA:1360,2
DA:1363,2
DA:1366,23
DA:1367,4
DA:1368,5
DA:1369,2
DA:1372,2
DA:1375,23
DA:1376,4
DA:1377,3
DA:1378,11
DA:1379,11
DA:1380,2
DA:1382,9
DA:1383,9
DA:1386,1
DA:1387,1
DA:1388,4
DA:1389,4
DA:1391,1
DA:1394,23
DA:1395,2
DA:1396,1
DA:1398,1
DA:1399,1
DA:1400,1
DA:1401,3
DA:1402,3
DA:1404,1
DA:1407,23
DA:1408,1
DA:1409,1
DA:1410,4
DA:1411,4
DA:1413,1
DA:1416,23
DA:1417,1
DA:1418,1
DA:1419,1
DA:1420,3
DA:1421,3
DA:1423,1
DA:1426,23
DA:1427,6
DA:1428,2
DA:1430,4
DA:1431,4
DA:1432,4
DA:1433,7
DA:1435,4
DA:1438,23
DA:1440,23
DA:1441,4
DA:1442,4
DA:1443,13
DA:1445,4
DA:1448,23
DA:1449,7
DA:1450,3
DA:1451,3
DA:1452,3
DA:1453,12
DA:1454,12
DA:1455,12
DA:1456,3
DA:1458,9
DA:1461,4
DA:1462,4
DA:1463,4
DA:1464,13
DA:1466,4
DA:1469,23
DA:1470,8
DA:1471,4
DA:1472,4
DA:1473,4
DA:1474,4
DA:1475,16
DA:1476,16
DA:1477,16
DA:1478,16
DA:1479,4
DA:1481,12
DA:1484,4
DA:1485,4
DA:1486,4
DA:1487,12
DA:1489,4
DA:1492,23
DA:1493,13
DA:1494,5
DA:1495,5
DA:1496,5
DA:1497,5
DA:1498,5
DA:1499,20
DA:1500,20
DA:1501,20
DA:1502,20
DA:1503,20
DA:1504,5
DA:1506,15
DA:1509,8
DA:1510,8
DA:1511,8
DA:1512,24
DA:1514,8
DA:1517,23
DA:1518,5
DA:1520,5
DA:1521,5
DA:1522,15
DA:1524,5
DA:1527,23
DA:1528,6
DA:1530,6
DA:1531,6
DA:1532,18
DA:1534,6
DA:1537,23
DA:1538,14
DA:1541,14
DA:1542,14
DA:1543,35
DA:1545,14
DA:1548,23
DA:1550,23
DA:1552,23
DA:1554,23
DA:1556,23
DA:1558,23
DA:1563,23
DA:1564,4
DA:1565,4
DA:1566,1
DA:1568,4
DA:1571,23
DA:1572,4
DA:1575,23
DA:1576,3
DA:1579,23
DA:1580,1
DA:1586,23
DA:1587,4
DA:1588,2
DA:1590,2
DA:1591,2
DA:1592,3
DA:1593,3
DA:1595,2
DA:1598,23
DA:1599,2
DA:1602,23
DA:1603,3
DA:1604,1
DA:1605,1
DA:1606,1
DA:1607,3
DA:1609,1
DA:1611,2
DA:1612,2
DA:1613,2
DA:1614,2
DA:1615,10
DA:1616,10
DA:1617,30
DA:1618,18
DA:1621,10
DA:1623,2
DA:1624,1
DA:1626,2
DA:1656,23
DA:1658,23
DA:1660,23
DA:1662,23
DA:1664,23
DA:1665,10
DA:1666,4
DA:1668,10
DA:1669,4
DA:1670,6
DA:1671,2
DA:1674,2
DA:1676,6
DA:1677,9
DA:1678,3
DA:1681,3
DA:1684,23
DA:1685,10
DA:1686,4
DA:1688,10
DA:1689,4
DA:1691,10
DA:1692,15
DA:1693,5
DA:1696,5
DA:1699,23
DA:1700,10
DA:1703,23
DA:1705,23
DA:1706,4
DA:1707,6
DA:1708,2
DA:1711,2
DA:1714,23
DA:1715,2
DA:1716,2
DA:1717,2
DA:1718,19
DA:1720,2
DA:1721,1
DA:1723,1
DA:1726,23
DA:1727,8
DA:1728,40
DA:1729,4
DA:1732,4
DA:1735,23
DA:1736,8
DA:1737,8
DA:1738,44
DA:1739,8
DA:1742,8
DA:1745,23
DA:1746,4
DA:1749,23
DA:1750,4
DA:1753,23
DA:1754,3
DA:1755,3
DA:1756,3
DA:1757,18
DA:1758,9
DA:1759,9
DA:1762,3
DA:1765,23
DA:1766,5
DA:1767,5
DA:1768,5
DA:1769,12
DA:1771,5
DA:1772,5
DA:1773,18
DA:1774,3
DA:1777,5
DA:1780,23
DA:1781,7
DA:1782,7
DA:1783,7
DA:1784,7
DA:1785,11
DA:1786,11
DA:1788,7
DA:1789,13
DA:1790,3
DA:1793,7
DA:1796,23
DA:1797,3
DA:1798,3
DA:1799,3
DA:1800,3
DA:1801,12
DA:1803,3
DA:1804,9
DA:1805,6
DA:1808,3
DA:1811,23
DA:1812,10
DA:1813,10
DA:1814,4
DA:1816,6
DA:1817,6
DA:1818,17
DA:1819,5
DA:1820,262
DA:1822,3
DA:1824,6
DA:1827,23
DA:1828,3
DA:1829,10
DA:1830,2
DA:1833,1
DA:1836,23
DA:1837,3
DA:1838,3
DA:1839,2
DA:1841,1
DA:1844,23
DA:1845,2
DA:1846,6
DA:1847,1
DA:1850,1
DA:1853,23
DA:1855,23
DA:1856,4
DA:1857,2
DA:1859,2
DA:1860,2
DA:1861,2
DA:1862,2
DA:1863,22
DA:1864,2
DA:1866,20
DA:1867,20
DA:1870,2
DA:1871,2
DA:1874,23
DA:1876,23
DA:1877,6
DA:1878,2
DA:1880,4
DA:1881,4
DA:1882,4
DA:1885,23
DA:1886,1
DA:1887,8
DA:1888,7
DA:1890,1
DA:1894,23
DA:1895,1
DA:1896,8
DA:1897,6
DA:1899,2
DA:1906,23
DA:1907,3
DA:1908,1
DA:1910,2
DA:1913,23
DA:1914,21
DA:1917,23
DA:1918,9
DA:1921,23
DA:1922,7
DA:1923,2
DA:1925,5
DA:1928,23
DA:1929,5
DA:1930,2
DA:1931,2
DA:1933,3
DA:1936,23
DA:1937,3
DA:1938,2
DA:1940,1
DA:1943,23
DA:1945,23
DA:1950,23
DA:1951,5
DA:1952,5
DA:1953,2
DA:1955,3
DA:1956,3
DA:1957,2
DA:1959,1
DA:1962,23
DA:1964,23
DA:1966,23
DA:1967,23
DA:1970,23
DA:1971,15
DA:1974,23
DA:1975,7
DA:1976,6
DA:1978,1
DA:1981,23
DA:1982,7
DA:1983,6
DA:1985,1
DA:1988,23
DA:1993,23
DA:1998,23
DA:1999,1
DA:2005,23
DA:2007,23
DA:2010,1
DA:2014,1
DA:2015,1
DA:2016,0
DA:2017,0
DA:2019,0
DA:2020,0
LF:1086
LH:1078
BRDA:8,1,0,1
BRDA:8,1,1,0
BRDA:18,2,0,23
BRDA:18,2,1,21
BRDA:19,3,0,23
BRDA:19,3,1,21
BRDA:20,4,0,23
BRDA:20,4,1,21
BRDA:25,5,0,23
BRDA:25,5,1,2
BRDA:80,6,0,0
BRDA:80,6,1,65
BRDA:92,7,0,23
BRDA:92,7,1,2
BRDA:102,8,0,611
BRDA:102,8,1,205
BRDA:107,9,0,23
BRDA:107,9,1,2
BRDA:109,10,0,2
BRDA:109,10,1,1
BRDA:125,11,0,6
BRDA:125,11,1,2
BRDA:129,12,0,2
BRDA:129,12,1,2
BRDA:131,13,0,1
BRDA:131,13,1,13
BRDA:144,14,0,23
BRDA:144,14,1,21
BRDA:144,14,2,23
BRDA:186,15,0,2
BRDA:186,15,1,3
BRDA:190,16,0,1
BRDA:190,16,1,2
BRDA:200,17,0,22
BRDA:200,17,1,24
BRDA:201,18,0,7
BRDA:201,18,1,15
BRDA:206,19,0,5
BRDA:206,19,1,19
BRDA:236,20,0,335
BRDA:247,21,0,50
BRDA:247,21,1,196
BRDA:262,22,0,27
BRDA:262,22,1,55
BRDA:262,22,2,1
BRDA:281,23,0,24
BRDA:281,23,1,1
BRDA:281,23,2,1
BRDA:281,23,3,1
BRDA:304,24,0,24
BRDA:304,24,1,1
BRDA:304,24,2,1
BRDA:304,24,3,1
BRDA:304,24,4,1
BRDA:331,25,0,24
BRDA:331,25,1,1
BRDA:331,25,2,1
BRDA:331,25,3,1
BRDA:331,25,4,1
BRDA:331,25,5,1
BRDA:362,26,0,23
BRDA:362,26,1,1
BRDA:362,26,2,1
BRDA:362,26,3,1
BRDA:362,26,4,1
BRDA:362,26,5,1
BRDA:362,26,6,1
BRDA:404,27,0,2
BRDA:404,27,1,3
BRDA:410,28,0,4
BRDA:410,28,1,1
BRDA:411,29,0,2
BRDA:411,29,1,2
BRDA:424,30,0,0
BRDA:424,30,1,5
BRDA:426,31,0,0
BRDA:426,31,1,5
BRDA:440,32,0,5451
BRDA:440,32,1,4416
BRDA:442,33,0,5451
BRDA:442,33,1,4416
BRDA:525,34,0,9
BRDA:525,34,1,5
BRDA:527,35,0,9
BRDA:527,35,1,7
BRDA:532,36,0,2
BRDA:532,36,1,2
BRDA:564,37,0,33
BRDA:564,37,1,137
BRDA:569,38,0,3
BRDA:569,38,1,134
BRDA:572,39,0,3
BRDA:572,39,1,131
BRDA:575,40,0,1
BRDA:575,40,1,1
BRDA:592,41,0,16
BRDA:592,41,1,12
BRDA:592,41,2,422
BRDA:596,42,0,3
BRDA:596,42,1,9
BRDA:598,43,0,7
BRDA:598,43,1,2
BRDA:601,44,0,5
BRDA:601,44,1,6
BRDA:631,45,0,11
BRDA:631,45,1,105
BRDA:638,46,0,12
BRDA:638,46,1,209
BRDA:679,47,0,100
BRDA:679,47,1,371
BRDA:681,48,0,188
BRDA:681,48,1,183
BRDA:694,49,0,9
BRDA:694,49,1,8
BRDA:702,50,0,4
BRDA:702,50,1,4
BRDA:747,51,0,23
BRDA:747,51,1,23
BRDA:751,52,0,23
BRDA:751,52,1,23
BRDA:752,53,0,2
BRDA:752,53,1,4
BRDA:754,54,0,2
BRDA:754,54,1,2
BRDA:761,55,0,23
BRDA:761,55,1,23
BRDA:765,56,0,23
BRDA:765,56,1,23
BRDA:766,57,0,2
BRDA:766,57,1,4
BRDA:773,58,0,23
BRDA:773,58,1,23
BRDA:777,59,0,23
BRDA:777,59,1,23
BRDA:789,60,0,23
BRDA:789,60,1,23
BRDA:790,61,0,9
BRDA:790,61,1,9
BRDA:803,62,0,5
BRDA:803,62,1,5
BRDA:804,63,0,2
BRDA:804,63,1,6
BRDA:804,63,2,2
BRDA:808,64,0,4
BRDA:808,64,1,2
BRDA:837,65,0,1
BRDA:837,65,1,1
BRDA:837,66,0,2
BRDA:837,66,1,1
BRDA:861,67,0,28
BRDA:861,67,1,109
BRDA:864,68,0,4
BRDA:864,68,1,105
BRDA:871,69,0,290
BRDA:871,69,1,90
BRDA:879,70,0,5
BRDA:879,70,1,52
BRDA:891,71,0,1
BRDA:891,71,1,12
BRDA:902,72,0,1
BRDA:902,72,1,2
BRDA:907,73,0,1
BRDA:907,73,1,1
BRDA:907,74,0,2
BRDA:907,74,1,1
BRDA:920,75,0,2
BRDA:920,75,1,3
BRDA:921,76,0,1
BRDA:921,76,1,1
BRDA:929,77,0,4
BRDA:929,77,1,8
BRDA:930,78,0,3
BRDA:930,78,1,1
BRDA:936,79,0,2
BRDA:936,79,1,7
BRDA:941,80,0,2
BRDA:941,80,1,1
BRDA:941,81,0,3
BRDA:941,81,1,2
BRDA:944,82,0,4
BRDA:944,82,1,14
BRDA:953,83,0,1
BRDA:953,83,1,5
BRDA:979,84,0,7
BRDA:979,84,1,26
BRDA:981,85,0,2
BRDA:981,85,1,5
BRDA:982,86,0,7
BRDA:982,86,1,24
BRDA:995,87,0,4
BRDA:995,87,1,10
BRDA:995,88,0,14
BRDA:995,88,1,11
BRDA:997,89,0,1
BRDA:997,89,1,3
BRDA:1003,90,0,6
BRDA:1003,90,1,9
BRDA:1007,91,0,3
BRDA:1007,91,1,6
BRDA:1014,92,0,4
BRDA:1014,92,1,6
BRDA:1024,93,0,2
BRDA:1024,93,1,32
BRDA:1025,94,0,1
BRDA:1025,94,1,1
BRDA:1027,95,0,1
BRDA:1027,95,1,3
BRDA:1034,96,0,13
BRDA:1034,96,1,19
BRDA:1034,97,0,32
BRDA:1034,97,1,20
BRDA:1039,98,0,1
BRDA:1039,98,1,12
BRDA:1050,99,0,2
BRDA:1050,99,1,11
BRDA:1051,100,0,1
BRDA:1051,100,1,1
BRDA:1054,101,0,7
BRDA:1054,101,1,2
BRDA:1062,102,0,10
BRDA:1062,102,1,1
BRDA:1062,103,0,11
BRDA:1062,103,1,3
BRDA:1065,104,0,23
BRDA:1065,104,1,28
BRDA:1069,105,0,2
BRDA:1069,105,1,8
BRDA:1074,106,0,2
BRDA:1074,106,1,1
BRDA:1082,107,0,3
BRDA:1082,107,1,2
BRDA:1084,108,0,1
BRDA:1084,108,1,2
BRDA:1090,109,0,1
BRDA:1090,109,1,2
BRDA:1102,110,0,1
BRDA:1102,110,1,2
BRDA:1110,111,0,1
BRDA:1110,111,1,2
BRDA:1115,112,0,1
BRDA:1115,112,1,2
BRDA:1127,113,0,2
BRDA:1127,113,1,4
BRDA:1134,114,0,4
BRDA:1134,114,1,4
BRDA:1135,115,0,2
BRDA:1135,115,1,2
BRDA:1148,116,0,4
BRDA:1148,116,1,10
BRDA:1151,117,0,1
BRDA:1151,117,1,9
BRDA:1156,118,0,1
BRDA:1156,118,1,2
BRDA:1162,119,0,1
BRDA:1162,119,1,2
BRDA:1167,120,0,1
BRDA:1167,120,1,4
BRDA:1173,121,0,1
BRDA:1173,121,1,1
BRDA:1175,122,0,1
BRDA:1175,122,1,1
BRDA:1179,123,0,14
BRDA:1179,123,1,7
BRDA:1182,124,0,68
BRDA:1182,124,1,14
BRDA:1192,125,0,1
BRDA:1192,125,1,9
BRDA:1206,126,0,2
BRDA:1206,126,1,3
BRDA:1210,127,0,2
BRDA:1210,127,1,6
BRDA:1210,128,0,8
BRDA:1210,128,1,8
BRDA:1210,128,2,8
BRDA:1218,129,0,12
BRDA:1218,129,1,12
BRDA:1225,130,0,1
BRDA:1225,130,1,2
BRDA:1227,131,0,4
BRDA:1227,131,1,4
BRDA:1232,132,0,8
BRDA:1232,132,1,8
BRDA:1240,133,0,4
BRDA:1240,133,1,4
BRDA:1248,134,0,5
BRDA:1248,134,1,5
BRDA:1255,135,0,2
BRDA:1255,135,1,4
BRDA:1258,136,0,1
BRDA:1258,136,1,4
BRDA:1265,137,0,2
BRDA:1265,137,1,7
BRDA:1273,138,0,2
BRDA:1273,138,1,5
BRDA:1276,139,0,1
BRDA:1276,139,1,4
BRDA:1283,140,0,2
BRDA:1283,140,1,7
BRDA:1291,141,0,1
BRDA:1291,141,1,1
BRDA:1293,142,0,1
BRDA:1293,142,1,1
BRDA:1293,143,0,2
BRDA:1293,143,1,2
BRDA:1303,144,0,2
BRDA:1303,144,1,66
BRDA:1309,145,0,1
BRDA:1309,145,1,67
BRDA:1309,146,0,68
BRDA:1309,146,1,2
BRDA:1317,147,0,2
BRDA:1317,147,1,3
BRDA:1324,148,0,1
BRDA:1324,148,1,4
BRDA:1324,149,0,5
BRDA:1324,149,1,1
BRDA:1359,150,0,2
BRDA:1359,150,1,5
BRDA:1368,151,0,2
BRDA:1368,151,1,3
BRDA:1376,152,0,3
BRDA:1376,152,1,1
BRDA:1377,153,0,1
BRDA:1377,153,1,2
BRDA:1379,154,0,2
BRDA:1379,154,1,9
BRDA:1395,155,0,1
BRDA:1395,155,1,1
BRDA:1427,156,0,2
BRDA:1427,156,1,4
BRDA:1449,157,0,3
BRDA:1449,157,1,4
BRDA:1449,158,0,7
BRDA:1449,158,1,5
BRDA:1455,159,0,3
BRDA:1455,159,1,9
BRDA:1455,160,0,12
BRDA:1455,160,1,9
BRDA:1470,161,0,4
BRDA:1470,161,1,4
BRDA:1470,162,0,8
BRDA:1470,162,1,5
BRDA:1470,162,2,4
BRDA:1478,163,0,4
BRDA:1478,163,1,12
BRDA:1478,164,0,16
BRDA:1478,164,1,12
BRDA:1478,164,2,12
BRDA:1493,165,0,5
BRDA:1493,165,1,8
BRDA:1493,166,0,13
BRDA:1493,166,1,12
BRDA:1493,166,2,8
BRDA:1493,166,3,8
BRDA:1503,167,0,5
BRDA:1503,167,1,15
BRDA:1503,168,0,20
BRDA:1503,168,1,15
BRDA:1503,168,2,15
BRDA:1503,168,3,15
BRDA:1565,169,0,1
BRDA:1565,169,1,3
BRDA:1587,170,0,2
BRDA:1587,170,1,2
BRDA:1603,171,0,1
BRDA:1603,171,1,2
BRDA:1617,172,0,18
BRDA:1617,172,1,12
BRDA:1622,173,0,10
BRDA:1622,173,1,8
BRDA:1623,174,0,1
BRDA:1623,174,1,1
BRDA:1665,175,0,4
BRDA:1665,175,1,6
BRDA:1668,176,0,4
BRDA:1668,176,1,6
BRDA:1670,177,0,2
BRDA:1670,177,1,4
BRDA:1677,178,0,3
BRDA:1677,178,1,6
BRDA:1685,179,0,4
BRDA:1685,179,1,6
BRDA:1688,180,0,4
BRDA:1688,180,1,6
BRDA:1692,181,0,5
BRDA:1692,181,1,10
BRDA:1707,182,0,2
BRDA:1707,182,1,4
BRDA:1718,183,0,5
BRDA:1718,183,1,14
BRDA:1720,184,0,1
BRDA:1720,184,1,1
BRDA:1728,185,0,4
BRDA:1728,185,1,36
BRDA:1738,186,0,8
BRDA:1738,186,1,36
BRDA:1757,187,0,9
BRDA:1757,187,1,9
BRDA:1773,188,0,3
BRDA:1773,188,1,15
BRDA:1777,189,0,1
BRDA:1777,189,1,4
BRDA:1789,190,0,3
BRDA:1789,190,1,10
BRDA:1804,191,0,6
BRDA:1804,191,1,3
BRDA:1813,192,0,4
BRDA:1813,192,1,6
BRDA:1816,193,0,1
BRDA:1816,193,1,5
BRDA:1817,194,0,1
BRDA:1817,194,1,5
BRDA:1819,195,0,2
BRDA:1819,195,1,3
BRDA:1824,196,0,1
BRDA:1824,196,1,5
BRDA:1829,197,0,2
BRDA:1829,197,1,8
BRDA:1838,198,0,2
BRDA:1838,198,1,1
BRDA:1846,199,0,1
BRDA:1846,199,1,5
BRDA:1856,200,0,2
BRDA:1856,200,1,2
BRDA:1863,201,0,2
BRDA:1863,201,1,20
BRDA:1871,202,0,1
BRDA:1871,202,1,1
BRDA:1877,203,0,2
BRDA:1877,203,1,4
BRDA:1880,204,0,1
BRDA:1880,204,1,3
BRDA:1882,205,0,1
BRDA:1882,205,1,3
BRDA:1887,206,0,7
BRDA:1887,206,1,1
BRDA:1896,207,0,6
BRDA:1896,207,1,2
BRDA:1907,208,0,1
BRDA:1907,208,1,2
BRDA:1907,209,0,3
BRDA:1907,209,1,3
BRDA:1914,210,0,21
BRDA:1914,210,1,19
BRDA:1918,211,0,9
BRDA:1918,211,1,7
BRDA:1922,212,0,2
BRDA:1922,212,1,5
BRDA:1922,213,0,7
BRDA:1922,213,1,6
BRDA:1929,214,0,2
BRDA:1929,214,1,3
BRDA:1931,215,0,1
BRDA:1931,215,1,1
BRDA:1937,216,0,2
BRDA:1937,216,1,1
BRDA:1937,217,0,3
BRDA:1937,217,1,2
BRDA:1951,218,0,5
BRDA:1951,218,1,3
BRDA:1952,219,0,2
BRDA:1952,219,1,3
BRDA:1955,220,0,3
BRDA:1955,220,1,1
BRDA:1956,221,0,2
BRDA:1956,221,1,1
BRDA:1967,222,0,23
BRDA:1967,222,1,16
BRDA:1967,222,2,2
BRDA:1971,223,0,15
BRDA:1971,223,1,8
BRDA:1971,223,2,8
BRDA:1975,224,0,6
BRDA:1975,224,1,1
BRDA:1982,225,0,6
BRDA:1982,225,1,1
BRDA:2014,226,0,1
BRDA:2014,226,1,0
BRDA:2014,227,0,1
BRDA:2014,227,1,1
BRDA:2016,228,0,0
BRDA:2016,228,1,0
BRDA:2016,229,0,0
BRDA:2016,229,1,0
BRF:484
BRH:475
end_of_record
